2021-03-23T19:50:00.623+0000 [DEBUG] [org.gradle.launcher.daemon.bootstrap.DaemonMain] Assuming the daemon was started with following jvm opts: [-XX:MaxMetaspaceSize=256m, -XX:+HeapDumpOnOutOfMemoryError, --add-opens, java.base/java.util=ALL-UNNAMED, --add-opens, java.base/java.lang=ALL-UNNAMED, --add-opens, java.base/java.lang.invoke=ALL-UNNAMED, --add-opens, java.prefs/java.util.prefs=ALL-UNNAMED, -Xms256m, -Xmx512m, -Dfile.encoding=windows-1252, -Duser.country=IE, -Duser.language=en, -Duser.variant]
2021-03-23T19:50:00.699+0000 [DEBUG] [org.gradle.internal.nativeintegration.services.NativeServices] Native-platform posix files integration is not available. Continuing with fallback.
2021-03-23T19:50:00.713+0000 [INFO] [org.gradle.launcher.daemon.server.Daemon] start() called on daemon - DefaultDaemonContext[uid=1335ba59-e3e6-4458-baad-2345061cc25c,javaHome=C:\Program Files\Java\jdk-15,daemonRegistryDir=C:\Users\el_ez\Mou\app\.gradle\daemon,pid=2892,idleTimeout=10800000,priority=NORMAL,daemonOpts=-XX:MaxMetaspaceSize=256m,-XX:+HeapDumpOnOutOfMemoryError,--add-opens,java.base/java.util=ALL-UNNAMED,--add-opens,java.base/java.lang=ALL-UNNAMED,--add-opens,java.base/java.lang.invoke=ALL-UNNAMED,--add-opens,java.prefs/java.util.prefs=ALL-UNNAMED,-Xms256m,-Xmx512m,-Dfile.encoding=windows-1252,-Duser.country=IE,-Duser.language=en,-Duser.variant]
2021-03-23T19:50:00.773+0000 [DEBUG] [org.gradle.internal.remote.internal.inet.InetAddresses] Adding IP addresses for network interface Software Loopback Interface 1
2021-03-23T19:50:00.774+0000 [DEBUG] [org.gradle.internal.remote.internal.inet.InetAddresses] Is this a loopback interface? true
2021-03-23T19:50:00.776+0000 [DEBUG] [org.gradle.internal.remote.internal.inet.InetAddresses] Adding loopback address /127.0.0.1
2021-03-23T19:50:00.776+0000 [DEBUG] [org.gradle.internal.remote.internal.inet.InetAddresses] Adding loopback address /0:0:0:0:0:0:0:1
2021-03-23T19:50:00.778+0000 [DEBUG] [org.gradle.internal.remote.internal.inet.InetAddresses] Adding IP addresses for network interface WAN Miniport (PPPOE)
2021-03-23T19:50:00.779+0000 [DEBUG] [org.gradle.internal.remote.internal.inet.InetAddresses] Is this a loopback interface? false
2021-03-23T19:50:00.780+0000 [DEBUG] [org.gradle.internal.remote.internal.inet.InetAddresses] Adding IP addresses for network interface Microsoft 6to4 Adapter
2021-03-23T19:50:00.781+0000 [DEBUG] [org.gradle.internal.remote.internal.inet.InetAddresses] Is this a loopback interface? false
2021-03-23T19:50:00.781+0000 [DEBUG] [org.gradle.internal.remote.internal.inet.InetAddresses] Adding IP addresses for network interface WAN Miniport (L2TP)
2021-03-23T19:50:00.783+0000 [DEBUG] [org.gradle.internal.remote.internal.inet.InetAddresses] Is this a loopback interface? false
2021-03-23T19:50:00.783+0000 [DEBUG] [org.gradle.internal.remote.internal.inet.InetAddresses] Adding IP addresses for network interface TP-Link Wireless USB Adapter
2021-03-23T19:50:00.784+0000 [DEBUG] [org.gradle.internal.remote.internal.inet.InetAddresses] Is this a loopback interface? false
2021-03-23T19:50:00.785+0000 [DEBUG] [org.gradle.internal.remote.internal.inet.InetAddresses] Adding remote address /192.168.1.7
2021-03-23T19:50:00.785+0000 [DEBUG] [org.gradle.internal.remote.internal.inet.InetAddresses] Adding remote address /2001:bb6:4eba:8300:3044:3c83:5940:c1f8
2021-03-23T19:50:00.785+0000 [DEBUG] [org.gradle.internal.remote.internal.inet.InetAddresses] Adding remote address /2001:bb6:4eba:8300:70ea:ab82:367a:105f
2021-03-23T19:50:00.785+0000 [DEBUG] [org.gradle.internal.remote.internal.inet.InetAddresses] Adding remote address /fe80:0:0:0:3044:3c83:5940:c1f8%wlan0
2021-03-23T19:50:00.785+0000 [DEBUG] [org.gradle.internal.remote.internal.inet.InetAddresses] Adding IP addresses for network interface WAN Miniport (Network Monitor)
2021-03-23T19:50:00.786+0000 [DEBUG] [org.gradle.internal.remote.internal.inet.InetAddresses] Is this a loopback interface? false
2021-03-23T19:50:00.787+0000 [DEBUG] [org.gradle.internal.remote.internal.inet.InetAddresses] Adding IP addresses for network interface Microsoft IP-HTTPS Platform Adapter
2021-03-23T19:50:00.788+0000 [DEBUG] [org.gradle.internal.remote.internal.inet.InetAddresses] Is this a loopback interface? false
2021-03-23T19:50:00.788+0000 [DEBUG] [org.gradle.internal.remote.internal.inet.InetAddresses] Adding IP addresses for network interface WAN Miniport (SSTP)
2021-03-23T19:50:00.790+0000 [DEBUG] [org.gradle.internal.remote.internal.inet.InetAddresses] Is this a loopback interface? false
2021-03-23T19:50:00.790+0000 [DEBUG] [org.gradle.internal.remote.internal.inet.InetAddresses] Adding IP addresses for network interface Realtek PCIe GbE Family Controller
2021-03-23T19:50:00.792+0000 [DEBUG] [org.gradle.internal.remote.internal.inet.InetAddresses] Is this a loopback interface? false
2021-03-23T19:50:00.792+0000 [DEBUG] [org.gradle.internal.remote.internal.inet.InetAddresses] Adding remote address /fe80:0:0:0:396a:8dda:328c:ac8c%eth1
2021-03-23T19:50:00.792+0000 [DEBUG] [org.gradle.internal.remote.internal.inet.InetAddresses] Adding IP addresses for network interface WAN Miniport (IKEv2)
2021-03-23T19:50:00.793+0000 [DEBUG] [org.gradle.internal.remote.internal.inet.InetAddresses] Is this a loopback interface? false
2021-03-23T19:50:00.793+0000 [DEBUG] [org.gradle.internal.remote.internal.inet.InetAddresses] Adding IP addresses for network interface Microsoft Teredo Tunneling Adapter
2021-03-23T19:50:00.795+0000 [DEBUG] [org.gradle.internal.remote.internal.inet.InetAddresses] Is this a loopback interface? false
2021-03-23T19:50:00.795+0000 [DEBUG] [org.gradle.internal.remote.internal.inet.InetAddresses] Adding IP addresses for network interface WAN Miniport (IPv6)
2021-03-23T19:50:00.796+0000 [DEBUG] [org.gradle.internal.remote.internal.inet.InetAddresses] Is this a loopback interface? false
2021-03-23T19:50:00.796+0000 [DEBUG] [org.gradle.internal.remote.internal.inet.InetAddresses] Adding IP addresses for network interface Microsoft Kernel Debug Network Adapter
2021-03-23T19:50:00.797+0000 [DEBUG] [org.gradle.internal.remote.internal.inet.InetAddresses] Is this a loopback interface? false
2021-03-23T19:50:00.798+0000 [DEBUG] [org.gradle.internal.remote.internal.inet.InetAddresses] Adding IP addresses for network interface VirtualBox Host-Only Ethernet Adapter
2021-03-23T19:50:00.799+0000 [DEBUG] [org.gradle.internal.remote.internal.inet.InetAddresses] Is this a loopback interface? false
2021-03-23T19:50:00.799+0000 [DEBUG] [org.gradle.internal.remote.internal.inet.InetAddresses] Adding remote address /192.168.56.1
2021-03-23T19:50:00.799+0000 [DEBUG] [org.gradle.internal.remote.internal.inet.InetAddresses] Adding remote address /fe80:0:0:0:c508:f31:2b0b:24c3%eth4
2021-03-23T19:50:00.799+0000 [DEBUG] [org.gradle.internal.remote.internal.inet.InetAddresses] Adding IP addresses for network interface WAN Miniport (PPTP)
2021-03-23T19:50:00.801+0000 [DEBUG] [org.gradle.internal.remote.internal.inet.InetAddresses] Is this a loopback interface? false
2021-03-23T19:50:00.801+0000 [DEBUG] [org.gradle.internal.remote.internal.inet.InetAddresses] Adding IP addresses for network interface Microsoft Wi-Fi Direct Virtual Adapter #2
2021-03-23T19:50:00.802+0000 [DEBUG] [org.gradle.internal.remote.internal.inet.InetAddresses] Is this a loopback interface? false
2021-03-23T19:50:00.803+0000 [DEBUG] [org.gradle.internal.remote.internal.inet.InetAddresses] Adding remote address /fe80:0:0:0:d1e3:a8ea:700f:d0ef%wlan1
2021-03-23T19:50:00.803+0000 [DEBUG] [org.gradle.internal.remote.internal.inet.InetAddresses] Adding IP addresses for network interface Microsoft Wi-Fi Direct Virtual Adapter
2021-03-23T19:50:00.804+0000 [DEBUG] [org.gradle.internal.remote.internal.inet.InetAddresses] Is this a loopback interface? false
2021-03-23T19:50:00.804+0000 [DEBUG] [org.gradle.internal.remote.internal.inet.InetAddresses] Adding remote address /fe80:0:0:0:6ca5:2323:4928:b891%wlan2
2021-03-23T19:50:00.805+0000 [DEBUG] [org.gradle.internal.remote.internal.inet.InetAddresses] Adding IP addresses for network interface WAN Miniport (IP)
2021-03-23T19:50:00.806+0000 [DEBUG] [org.gradle.internal.remote.internal.inet.InetAddresses] Is this a loopback interface? false
2021-03-23T19:50:00.806+0000 [DEBUG] [org.gradle.internal.remote.internal.inet.InetAddresses] Adding IP addresses for network interface VirtualBox Host-Only Ethernet Adapter-WFP Native MAC Layer LightWeight Filter-0000
2021-03-23T19:50:00.808+0000 [DEBUG] [org.gradle.internal.remote.internal.inet.InetAddresses] Is this a loopback interface? false
2021-03-23T19:50:00.808+0000 [DEBUG] [org.gradle.internal.remote.internal.inet.InetAddresses] Adding IP addresses for network interface VirtualBox Host-Only Ethernet Adapter-QoS Packet Scheduler-0000
2021-03-23T19:50:00.809+0000 [DEBUG] [org.gradle.internal.remote.internal.inet.InetAddresses] Is this a loopback interface? false
2021-03-23T19:50:00.809+0000 [DEBUG] [org.gradle.internal.remote.internal.inet.InetAddresses] Adding IP addresses for network interface VirtualBox Host-Only Ethernet Adapter-WFP 802.3 MAC Layer LightWeight Filter-0000
2021-03-23T19:50:00.811+0000 [DEBUG] [org.gradle.internal.remote.internal.inet.InetAddresses] Is this a loopback interface? false
2021-03-23T19:50:00.811+0000 [DEBUG] [org.gradle.internal.remote.internal.inet.InetAddresses] Adding IP addresses for network interface Realtek PCIe GbE Family Controller-WFP Native MAC Layer LightWeight Filter-0000
2021-03-23T19:50:00.812+0000 [DEBUG] [org.gradle.internal.remote.internal.inet.InetAddresses] Is this a loopback interface? false
2021-03-23T19:50:00.812+0000 [DEBUG] [org.gradle.internal.remote.internal.inet.InetAddresses] Adding IP addresses for network interface Realtek PCIe GbE Family Controller-VirtualBox NDIS Light-Weight Filter-0000
2021-03-23T19:50:00.814+0000 [DEBUG] [org.gradle.internal.remote.internal.inet.InetAddresses] Is this a loopback interface? false
2021-03-23T19:50:00.814+0000 [DEBUG] [org.gradle.internal.remote.internal.inet.InetAddresses] Adding IP addresses for network interface Realtek PCIe GbE Family Controller-QoS Packet Scheduler-0000
2021-03-23T19:50:00.815+0000 [DEBUG] [org.gradle.internal.remote.internal.inet.InetAddresses] Is this a loopback interface? false
2021-03-23T19:50:00.815+0000 [DEBUG] [org.gradle.internal.remote.internal.inet.InetAddresses] Adding IP addresses for network interface Realtek PCIe GbE Family Controller-WFP 802.3 MAC Layer LightWeight Filter-0000
2021-03-23T19:50:00.817+0000 [DEBUG] [org.gradle.internal.remote.internal.inet.InetAddresses] Is this a loopback interface? false
2021-03-23T19:50:00.817+0000 [DEBUG] [org.gradle.internal.remote.internal.inet.InetAddresses] Adding IP addresses for network interface TP-Link Wireless USB Adapter-WFP Native MAC Layer LightWeight Filter-0000
2021-03-23T19:50:00.819+0000 [DEBUG] [org.gradle.internal.remote.internal.inet.InetAddresses] Is this a loopback interface? false
2021-03-23T19:50:00.819+0000 [DEBUG] [org.gradle.internal.remote.internal.inet.InetAddresses] Adding IP addresses for network interface TP-Link Wireless USB Adapter-Virtual WiFi Filter Driver-0000
2021-03-23T19:50:00.820+0000 [DEBUG] [org.gradle.internal.remote.internal.inet.InetAddresses] Is this a loopback interface? false
2021-03-23T19:50:00.820+0000 [DEBUG] [org.gradle.internal.remote.internal.inet.InetAddresses] Adding IP addresses for network interface TP-Link Wireless USB Adapter-Native WiFi Filter Driver-0000
2021-03-23T19:50:00.822+0000 [DEBUG] [org.gradle.internal.remote.internal.inet.InetAddresses] Is this a loopback interface? false
2021-03-23T19:50:00.822+0000 [DEBUG] [org.gradle.internal.remote.internal.inet.InetAddresses] Adding IP addresses for network interface TP-Link Wireless USB Adapter-VirtualBox NDIS Light-Weight Filter-0000
2021-03-23T19:50:00.823+0000 [DEBUG] [org.gradle.internal.remote.internal.inet.InetAddresses] Is this a loopback interface? false
2021-03-23T19:50:00.823+0000 [DEBUG] [org.gradle.internal.remote.internal.inet.InetAddresses] Adding IP addresses for network interface TP-Link Wireless USB Adapter-QoS Packet Scheduler-0000
2021-03-23T19:50:00.825+0000 [DEBUG] [org.gradle.internal.remote.internal.inet.InetAddresses] Is this a loopback interface? false
2021-03-23T19:50:00.825+0000 [DEBUG] [org.gradle.internal.remote.internal.inet.InetAddresses] Adding IP addresses for network interface TP-Link Wireless USB Adapter-WFP 802.3 MAC Layer LightWeight Filter-0000
2021-03-23T19:50:00.826+0000 [DEBUG] [org.gradle.internal.remote.internal.inet.InetAddresses] Is this a loopback interface? false
2021-03-23T19:50:00.826+0000 [DEBUG] [org.gradle.internal.remote.internal.inet.InetAddresses] Adding IP addresses for network interface Microsoft Wi-Fi Direct Virtual Adapter-WFP Native MAC Layer LightWeight Filter-0000
2021-03-23T19:50:00.828+0000 [DEBUG] [org.gradle.internal.remote.internal.inet.InetAddresses] Is this a loopback interface? false
2021-03-23T19:50:00.828+0000 [DEBUG] [org.gradle.internal.remote.internal.inet.InetAddresses] Adding IP addresses for network interface Microsoft Wi-Fi Direct Virtual Adapter-Native WiFi Filter Driver-0000
2021-03-23T19:50:00.829+0000 [DEBUG] [org.gradle.internal.remote.internal.inet.InetAddresses] Is this a loopback interface? false
2021-03-23T19:50:00.830+0000 [DEBUG] [org.gradle.internal.remote.internal.inet.InetAddresses] Adding IP addresses for network interface WAN Miniport (IP)-WFP Native MAC Layer LightWeight Filter-0000
2021-03-23T19:50:00.831+0000 [DEBUG] [org.gradle.internal.remote.internal.inet.InetAddresses] Is this a loopback interface? false
2021-03-23T19:50:00.831+0000 [DEBUG] [org.gradle.internal.remote.internal.inet.InetAddresses] Adding IP addresses for network interface WAN Miniport (IP)-QoS Packet Scheduler-0000
2021-03-23T19:50:00.832+0000 [DEBUG] [org.gradle.internal.remote.internal.inet.InetAddresses] Is this a loopback interface? false
2021-03-23T19:50:00.832+0000 [DEBUG] [org.gradle.internal.remote.internal.inet.InetAddresses] Adding IP addresses for network interface WAN Miniport (IPv6)-WFP Native MAC Layer LightWeight Filter-0000
2021-03-23T19:50:00.834+0000 [DEBUG] [org.gradle.internal.remote.internal.inet.InetAddresses] Is this a loopback interface? false
2021-03-23T19:50:00.834+0000 [DEBUG] [org.gradle.internal.remote.internal.inet.InetAddresses] Adding IP addresses for network interface WAN Miniport (IPv6)-QoS Packet Scheduler-0000
2021-03-23T19:50:00.835+0000 [DEBUG] [org.gradle.internal.remote.internal.inet.InetAddresses] Is this a loopback interface? false
2021-03-23T19:50:00.835+0000 [DEBUG] [org.gradle.internal.remote.internal.inet.InetAddresses] Adding IP addresses for network interface WAN Miniport (Network Monitor)-WFP Native MAC Layer LightWeight Filter-0000
2021-03-23T19:50:00.837+0000 [DEBUG] [org.gradle.internal.remote.internal.inet.InetAddresses] Is this a loopback interface? false
2021-03-23T19:50:00.837+0000 [DEBUG] [org.gradle.internal.remote.internal.inet.InetAddresses] Adding IP addresses for network interface WAN Miniport (Network Monitor)-QoS Packet Scheduler-0000
2021-03-23T19:50:00.838+0000 [DEBUG] [org.gradle.internal.remote.internal.inet.InetAddresses] Is this a loopback interface? false
2021-03-23T19:50:00.838+0000 [DEBUG] [org.gradle.internal.remote.internal.inet.InetAddresses] Adding IP addresses for network interface Microsoft Wi-Fi Direct Virtual Adapter-VirtualBox NDIS Light-Weight Filter-0000
2021-03-23T19:50:00.840+0000 [DEBUG] [org.gradle.internal.remote.internal.inet.InetAddresses] Is this a loopback interface? false
2021-03-23T19:50:00.840+0000 [DEBUG] [org.gradle.internal.remote.internal.inet.InetAddresses] Adding IP addresses for network interface Microsoft Wi-Fi Direct Virtual Adapter-QoS Packet Scheduler-0000
2021-03-23T19:50:00.841+0000 [DEBUG] [org.gradle.internal.remote.internal.inet.InetAddresses] Is this a loopback interface? false
2021-03-23T19:50:00.841+0000 [DEBUG] [org.gradle.internal.remote.internal.inet.InetAddresses] Adding IP addresses for network interface Microsoft Wi-Fi Direct Virtual Adapter-WFP 802.3 MAC Layer LightWeight Filter-0000
2021-03-23T19:50:00.843+0000 [DEBUG] [org.gradle.internal.remote.internal.inet.InetAddresses] Is this a loopback interface? false
2021-03-23T19:50:00.843+0000 [DEBUG] [org.gradle.internal.remote.internal.inet.InetAddresses] Adding IP addresses for network interface Microsoft Wi-Fi Direct Virtual Adapter #2-WFP Native MAC Layer LightWeight Filter-0000
2021-03-23T19:50:00.844+0000 [DEBUG] [org.gradle.internal.remote.internal.inet.InetAddresses] Is this a loopback interface? false
2021-03-23T19:50:00.844+0000 [DEBUG] [org.gradle.internal.remote.internal.inet.InetAddresses] Adding IP addresses for network interface Microsoft Wi-Fi Direct Virtual Adapter #2-Native WiFi Filter Driver-0000
2021-03-23T19:50:00.846+0000 [DEBUG] [org.gradle.internal.remote.internal.inet.InetAddresses] Is this a loopback interface? false
2021-03-23T19:50:00.846+0000 [DEBUG] [org.gradle.internal.remote.internal.inet.InetAddresses] Adding IP addresses for network interface Microsoft Wi-Fi Direct Virtual Adapter #2-VirtualBox NDIS Light-Weight Filter-0000
2021-03-23T19:50:00.847+0000 [DEBUG] [org.gradle.internal.remote.internal.inet.InetAddresses] Is this a loopback interface? false
2021-03-23T19:50:00.847+0000 [DEBUG] [org.gradle.internal.remote.internal.inet.InetAddresses] Adding IP addresses for network interface Microsoft Wi-Fi Direct Virtual Adapter #2-QoS Packet Scheduler-0000
2021-03-23T19:50:00.849+0000 [DEBUG] [org.gradle.internal.remote.internal.inet.InetAddresses] Is this a loopback interface? false
2021-03-23T19:50:00.849+0000 [DEBUG] [org.gradle.internal.remote.internal.inet.InetAddresses] Adding IP addresses for network interface Microsoft Wi-Fi Direct Virtual Adapter #2-WFP 802.3 MAC Layer LightWeight Filter-0000
2021-03-23T19:50:00.850+0000 [DEBUG] [org.gradle.internal.remote.internal.inet.InetAddresses] Is this a loopback interface? false
2021-03-23T19:50:00.854+0000 [DEBUG] [org.gradle.internal.remote.internal.inet.TcpIncomingConnector] Listening on [4582b592-762f-488a-849e-2367895558e7 port:58902, addresses:[localhost/127.0.0.1]].
2021-03-23T19:50:00.860+0000 [DEBUG] [org.gradle.launcher.daemon.server.Daemon] Daemon starting at: Tue Mar 23 19:50:00 GMT 2021, with address: [4582b592-762f-488a-849e-2367895558e7 port:58902, addresses:[localhost/127.0.0.1]]
2021-03-23T19:50:00.860+0000 [INFO] [org.gradle.launcher.daemon.server.DaemonRegistryUpdater] Advertising the daemon address to the clients: [4582b592-762f-488a-849e-2367895558e7 port:58902, addresses:[localhost/127.0.0.1]]
2021-03-23T19:50:00.860+0000 [DEBUG] [org.gradle.launcher.daemon.server.DaemonRegistryUpdater] Advertised daemon context: DefaultDaemonContext[uid=1335ba59-e3e6-4458-baad-2345061cc25c,javaHome=C:\Program Files\Java\jdk-15,daemonRegistryDir=C:\Users\el_ez\Mou\app\.gradle\daemon,pid=2892,idleTimeout=10800000,priority=NORMAL,daemonOpts=-XX:MaxMetaspaceSize=256m,-XX:+HeapDumpOnOutOfMemoryError,--add-opens,java.base/java.util=ALL-UNNAMED,--add-opens,java.base/java.lang=ALL-UNNAMED,--add-opens,java.base/java.lang.invoke=ALL-UNNAMED,--add-opens,java.prefs/java.util.prefs=ALL-UNNAMED,-Xms256m,-Xmx512m,-Dfile.encoding=windows-1252,-Duser.country=IE,-Duser.language=en,-Duser.variant]
2021-03-23T19:50:00.861+0000 [DEBUG] [org.gradle.launcher.daemon.registry.PersistentDaemonRegistry] Storing daemon address: [4582b592-762f-488a-849e-2367895558e7 port:58902, addresses:[localhost/127.0.0.1]], context: DefaultDaemonContext[uid=1335ba59-e3e6-4458-baad-2345061cc25c,javaHome=C:\Program Files\Java\jdk-15,daemonRegistryDir=C:\Users\el_ez\Mou\app\.gradle\daemon,pid=2892,idleTimeout=10800000,priority=NORMAL,daemonOpts=-XX:MaxMetaspaceSize=256m,-XX:+HeapDumpOnOutOfMemoryError,--add-opens,java.base/java.util=ALL-UNNAMED,--add-opens,java.base/java.lang=ALL-UNNAMED,--add-opens,java.base/java.lang.invoke=ALL-UNNAMED,--add-opens,java.prefs/java.util.prefs=ALL-UNNAMED,-Xms256m,-Xmx512m,-Dfile.encoding=windows-1252,-Duser.country=IE,-Duser.language=en,-Duser.variant]
2021-03-23T19:50:00.869+0000 [DEBUG] [org.gradle.cache.internal.DefaultFileLockManager] Waiting to acquire exclusive lock on daemon addresses registry.
2021-03-23T19:50:00.870+0000 [DEBUG] [org.gradle.cache.internal.DefaultFileLockManager] Lock acquired on daemon addresses registry.
2021-03-23T19:50:00.876+0000 [DEBUG] [org.gradle.cache.internal.DefaultFileLockManager] Releasing lock on daemon addresses registry.
2021-03-23T19:50:00.877+0000 [LIFECYCLE] [org.gradle.launcher.daemon.server.Daemon] Daemon server started.
2021-03-23T19:50:00.877+0000 [DEBUG] [org.gradle.launcher.daemon.bootstrap.DaemonStartupCommunication] Completed writing the daemon greeting. Closing streams...
2021-03-23T19:50:00.880+0000 [DEBUG] [org.gradle.launcher.daemon.server.Daemon] stopOnExpiration() called on daemon
2021-03-23T19:50:00.881+0000 [DEBUG] [org.gradle.launcher.daemon.server.Daemon] awaitExpiration() called on daemon
2021-03-23T19:50:00.881+0000 [DEBUG] [org.gradle.launcher.daemon.server.DaemonStateCoordinator] daemon is running. Sleeping until state changes.
2021-03-23T19:50:00.884+0000 [DEBUG] [org.gradle.internal.remote.internal.inet.TcpIncomingConnector] Accepted connection from /127.0.0.1:58903 to /127.0.0.1:58902.
2021-03-23T19:50:00.934+0000 [DEBUG] [org.gradle.launcher.daemon.server.SynchronizedDispatchConnection] thread 21: received class org.gradle.launcher.daemon.protocol.Build
2021-03-23T19:50:00.934+0000 [DEBUG] [org.gradle.launcher.daemon.server.DefaultDaemonConnection] thread 21: Received non-IO message from client: Build{id=95f33cc4-cee0-49c6-9010-7021010e5112, currentDir=C:\Users\el_ez\Mou\app}
2021-03-23T19:50:00.935+0000 [INFO] [org.gradle.launcher.daemon.server.DefaultIncomingConnectionHandler] Received command: Build{id=95f33cc4-cee0-49c6-9010-7021010e5112, currentDir=C:\Users\el_ez\Mou\app}.
2021-03-23T19:50:00.935+0000 [DEBUG] [org.gradle.launcher.daemon.server.DefaultIncomingConnectionHandler] Starting executing command: Build{id=95f33cc4-cee0-49c6-9010-7021010e5112, currentDir=C:\Users\el_ez\Mou\app} with connection: socket connection from /127.0.0.1:58902 to /127.0.0.1:58903.
2021-03-23T19:50:00.936+0000 [ERROR] [org.gradle.launcher.daemon.server.DaemonStateCoordinator] Command execution: started DaemonCommandExecution[command = Build{id=95f33cc4-cee0-49c6-9010-7021010e5112, currentDir=C:\Users\el_ez\Mou\app}, connection = DefaultDaemonConnection: socket connection from /127.0.0.1:58902 to /127.0.0.1:58903] after 0.0 minutes of idle
2021-03-23T19:50:00.936+0000 [INFO] [org.gradle.launcher.daemon.server.DaemonRegistryUpdater] Marking the daemon as busy, address: [4582b592-762f-488a-849e-2367895558e7 port:58902, addresses:[localhost/127.0.0.1]]
2021-03-23T19:50:00.937+0000 [DEBUG] [org.gradle.launcher.daemon.registry.PersistentDaemonRegistry] Marking busy by address: [4582b592-762f-488a-849e-2367895558e7 port:58902, addresses:[localhost/127.0.0.1]]
2021-03-23T19:50:00.938+0000 [DEBUG] [org.gradle.cache.internal.DefaultFileLockManager] Waiting to acquire exclusive lock on daemon addresses registry.
2021-03-23T19:50:00.938+0000 [DEBUG] [org.gradle.cache.internal.DefaultFileLockManager] Lock acquired on daemon addresses registry.
2021-03-23T19:50:00.940+0000 [DEBUG] [org.gradle.cache.internal.DefaultFileLockManager] Releasing lock on daemon addresses registry.
2021-03-23T19:50:00.940+0000 [DEBUG] [org.gradle.launcher.daemon.server.DaemonStateCoordinator] resetting idle timer
2021-03-23T19:50:00.940+0000 [DEBUG] [org.gradle.launcher.daemon.server.DaemonStateCoordinator] daemon is running. Sleeping until state changes.
2021-03-23T19:50:00.941+0000 [INFO] [org.gradle.launcher.daemon.server.exec.StartBuildOrRespondWithBusy] Daemon is about to start building Build{id=95f33cc4-cee0-49c6-9010-7021010e5112, currentDir=C:\Users\el_ez\Mou\app}. Dispatching build started information...
2021-03-23T19:50:00.941+0000 [DEBUG] [org.gradle.launcher.daemon.server.SynchronizedDispatchConnection] thread 23: dispatching org.gradle.launcher.daemon.protocol.BuildStarted@15f8f6ce
2021-03-23T19:50:00.942+0000 [DEBUG] [org.gradle.launcher.daemon.server.exec.EstablishBuildEnvironment] Configuring env variables: [USERDOMAIN_ROAMINGPROFILE, LOCALAPPDATA, PROCESSOR_LEVEL, USERDOMAIN, LOGONSERVER, JAVA_HOME, SESSIONNAME, ALLUSERSPROFILE, PROCESSOR_ARCHITECTURE, __COMPAT_LAYER, PSModulePath, SystemDrive, OneDrive, APPDATA, USERNAME, ProgramFiles(x86), VBOX_MSI_INSTALL_PATH, CommonProgramFiles, Path, PATHEXT, DriverData, OS, OneDriveConsumer, COMPUTERNAME, IntelliJ IDEA Community Edition, PROCESSOR_REVISION, CommonProgramW6432, PyCharm Community Edition, ComSpec, ProgramData, ProgramW6432, SystemRoot, TEMP, HOMEPATH, PROCESSOR_IDENTIFIER, HOMEDRIVE, USERPROFILE, TMP, CommonProgramFiles(x86), ProgramFiles, PUBLIC, windir, NUMBER_OF_PROCESSORS, =::, IDEA_INITIAL_DIRECTORY]
2021-03-23T19:50:00.945+0000 [DEBUG] [org.gradle.launcher.daemon.server.SynchronizedDispatchConnection] thread 21: received class org.gradle.launcher.daemon.protocol.CloseInput
2021-03-23T19:50:00.945+0000 [DEBUG] [org.gradle.launcher.daemon.server.DefaultDaemonConnection] thread 21: Received IO message from client: org.gradle.launcher.daemon.protocol.CloseInput@31fa25da
2021-03-23T19:50:00.946+0000 [DEBUG] [org.gradle.launcher.daemon.server.exec.LogToClient] About to start relaying all logs to the client via the connection.
2021-03-23T19:50:00.946+0000 [INFO] [org.gradle.launcher.daemon.server.exec.LogToClient] The client will now receive all logging from the daemon (pid: 2892). The daemon log file: C:\Users\el_ez\Mou\app\.gradle\daemon\6.7\daemon-2892.out.log
2021-03-23T19:50:00.948+0000 [INFO] [org.gradle.launcher.daemon.server.exec.LogAndCheckHealth] Starting build in new daemon [memory: 536.9 MB]
2021-03-23T19:50:00.949+0000 [INFO] [org.gradle.launcher.daemon.server.exec.ForwardClientInput] Closing daemon's stdin at end of input.
2021-03-23T19:50:00.949+0000 [INFO] [org.gradle.launcher.daemon.server.exec.ForwardClientInput] The daemon will no longer process any standard input.
2021-03-23T19:50:00.951+0000 [DEBUG] [org.gradle.launcher.daemon.server.exec.ExecuteBuild] The daemon has started executing the build.
2021-03-23T19:50:00.951+0000 [DEBUG] [org.gradle.launcher.daemon.server.exec.ExecuteBuild] Executing build with daemon context: DefaultDaemonContext[uid=1335ba59-e3e6-4458-baad-2345061cc25c,javaHome=C:\Program Files\Java\jdk-15,daemonRegistryDir=C:\Users\el_ez\Mou\app\.gradle\daemon,pid=2892,idleTimeout=10800000,priority=NORMAL,daemonOpts=-XX:MaxMetaspaceSize=256m,-XX:+HeapDumpOnOutOfMemoryError,--add-opens,java.base/java.util=ALL-UNNAMED,--add-opens,java.base/java.lang=ALL-UNNAMED,--add-opens,java.base/java.lang.invoke=ALL-UNNAMED,--add-opens,java.prefs/java.util.prefs=ALL-UNNAMED,-Xms256m,-Xmx512m,-Dfile.encoding=windows-1252,-Duser.country=IE,-Duser.language=en,-Duser.variant]
Project : => no module-info.java found

BUILD SUCCESSFUL in 8s
2021-03-23T19:50:04.580+0000 [DEBUG] [org.gradle.launcher.daemon.server.exec.ExecuteBuild] The daemon has finished executing the build.
2021-03-23T19:50:04.597+0000 [DEBUG] [org.gradle.launcher.daemon.server.DaemonStateCoordinator] daemon is running. Sleeping until state changes.
2021-03-23T19:50:04.597+0000 [DEBUG] [org.gradle.launcher.daemon.server.DaemonStateCoordinator] Command execution: finished waiting for DaemonCommandExecution[command = Build{id=95f33cc4-cee0-49c6-9010-7021010e5112, currentDir=C:\Users\el_ez\Mou\app}, connection = DefaultDaemonConnection: socket connection from /127.0.0.1:58902 to /127.0.0.1:58903]. Result org.gradle.launcher.daemon.server.DaemonStateCoordinator@1efedd07 with state Busy
2021-03-23T19:50:04.597+0000 [DEBUG] [org.gradle.launcher.daemon.server.DaemonStateCoordinator] Command execution: completed DaemonCommandExecution[command = Build{id=95f33cc4-cee0-49c6-9010-7021010e5112, currentDir=C:\Users\el_ez\Mou\app}, connection = DefaultDaemonConnection: socket connection from /127.0.0.1:58902 to /127.0.0.1:58903]
2021-03-23T19:50:04.598+0000 [DEBUG] [org.gradle.launcher.daemon.server.DaemonStateCoordinator] resetting idle timer
2021-03-23T19:50:04.598+0000 [INFO] [org.gradle.launcher.daemon.server.DaemonRegistryUpdater] Marking the daemon as idle, address: [4582b592-762f-488a-849e-2367895558e7 port:58902, addresses:[localhost/127.0.0.1]]
2021-03-23T19:50:04.598+0000 [DEBUG] [org.gradle.launcher.daemon.registry.PersistentDaemonRegistry] Marking busy by address: [4582b592-762f-488a-849e-2367895558e7 port:58902, addresses:[localhost/127.0.0.1]]
2021-03-23T19:50:04.599+0000 [DEBUG] [org.gradle.cache.internal.DefaultFileLockManager] Waiting to acquire exclusive lock on daemon addresses registry.
2021-03-23T19:50:04.600+0000 [DEBUG] [org.gradle.cache.internal.DefaultFileLockManager] Lock acquired on daemon addresses registry.
2021-03-23T19:50:04.601+0000 [DEBUG] [org.gradle.cache.internal.DefaultFileLockManager] Releasing lock on daemon addresses registry.
2021-03-23T19:50:04.602+0000 [DEBUG] [org.gradle.launcher.daemon.server.DaemonStateCoordinator] daemon is running. Sleeping until state changes.
2021-03-23T19:50:04.602+0000 [DEBUG] [org.gradle.launcher.daemon.server.exec.ReturnResult] Daemon is dispatching the build result: Success[value=org.gradle.launcher.exec.BuildActionResult@113a0ad8]
2021-03-23T19:50:04.602+0000 [DEBUG] [org.gradle.launcher.daemon.server.SynchronizedDispatchConnection] thread 20: dispatching Success[value=org.gradle.launcher.exec.BuildActionResult@113a0ad8]
2021-03-23T19:50:04.602+0000 [DEBUG] [org.gradle.launcher.daemon.server.DefaultIncomingConnectionHandler] Finishing executing command: Build{id=95f33cc4-cee0-49c6-9010-7021010e5112, currentDir=C:\Users\el_ez\Mou\app}
2021-03-23T19:50:04.603+0000 [DEBUG] [org.gradle.launcher.daemon.server.SynchronizedDispatchConnection] thread 21: received class org.gradle.launcher.daemon.protocol.Finished
2021-03-23T19:50:04.604+0000 [DEBUG] [org.gradle.launcher.daemon.server.DefaultDaemonConnection] thread 21: Received non-IO message from client: org.gradle.launcher.daemon.protocol.Finished@3f25406e
2021-03-23T19:50:04.604+0000 [DEBUG] [org.gradle.launcher.daemon.server.DefaultIncomingConnectionHandler] Received finished message: org.gradle.launcher.daemon.protocol.Finished@3f25406e
2021-03-23T19:50:04.604+0000 [DEBUG] [org.gradle.launcher.daemon.server.SynchronizedDispatchConnection] thread 20: stopping connection
2021-03-23T19:50:04.604+0000 [DEBUG] [org.gradle.internal.remote.internal.inet.SocketConnection] Discarding EOFException: java.io.EOFException
2021-03-23T19:50:04.604+0000 [DEBUG] [org.gradle.launcher.daemon.server.SynchronizedDispatchConnection] thread 21: received null
2021-03-23T19:50:04.604+0000 [DEBUG] [org.gradle.launcher.daemon.server.DefaultDaemonConnection] thread 21: Received end-of-input from client.
2021-03-23T19:50:04.605+0000 [DEBUG] [org.gradle.launcher.daemon.server.SynchronizedDispatchConnection] thread 20: stopping connection
2021-03-23T19:50:10.886+0000 [DEBUG] [org.gradle.cache.internal.DefaultFileLockManager] Waiting to acquire shared lock on daemon addresses registry.
2021-03-23T19:50:10.886+0000 [DEBUG] [org.gradle.cache.internal.DefaultFileLockManager] Lock acquired on daemon addresses registry.
2021-03-23T19:50:10.887+0000 [DEBUG] [org.gradle.cache.internal.DefaultFileLockManager] Releasing lock on daemon addresses registry.
2021-03-23T19:50:10.889+0000 [DEBUG] [org.gradle.cache.internal.DefaultFileLockManager] Waiting to acquire shared lock on daemon addresses registry.
2021-03-23T19:50:10.889+0000 [DEBUG] [org.gradle.cache.internal.DefaultFileLockManager] Lock acquired on daemon addresses registry.
2021-03-23T19:50:10.889+0000 [DEBUG] [org.gradle.cache.internal.DefaultFileLockManager] Releasing lock on daemon addresses registry.
2021-03-23T19:50:20.883+0000 [DEBUG] [org.gradle.cache.internal.DefaultFileLockManager] Waiting to acquire shared lock on daemon addresses registry.
2021-03-23T19:50:20.883+0000 [DEBUG] [org.gradle.cache.internal.DefaultFileLockManager] Lock acquired on daemon addresses registry.
2021-03-23T19:50:20.883+0000 [DEBUG] [org.gradle.cache.internal.DefaultFileLockManager] Releasing lock on daemon addresses registry.
2021-03-23T19:50:20.884+0000 [DEBUG] [org.gradle.cache.internal.DefaultFileLockManager] Waiting to acquire shared lock on daemon addresses registry.
2021-03-23T19:50:20.885+0000 [DEBUG] [org.gradle.cache.internal.DefaultFileLockManager] Lock acquired on daemon addresses registry.
2021-03-23T19:50:20.885+0000 [DEBUG] [org.gradle.cache.internal.DefaultFileLockManager] Releasing lock on daemon addresses registry.
2021-03-23T19:50:20.886+0000 [DEBUG] [org.gradle.cache.internal.DefaultFileLockManager] Waiting to acquire shared lock on daemon addresses registry.
2021-03-23T19:50:20.886+0000 [DEBUG] [org.gradle.cache.internal.DefaultFileLockManager] Lock acquired on daemon addresses registry.
2021-03-23T19:50:20.886+0000 [DEBUG] [org.gradle.cache.internal.DefaultFileLockManager] Releasing lock on daemon addresses registry.
2021-03-23T19:50:30.892+0000 [DEBUG] [org.gradle.cache.internal.DefaultFileLockManager] Waiting to acquire shared lock on daemon addresses registry.
2021-03-23T19:50:30.892+0000 [DEBUG] [org.gradle.cache.internal.DefaultFileLockManager] Lock acquired on daemon addresses registry.
2021-03-23T19:50:30.893+0000 [DEBUG] [org.gradle.cache.internal.DefaultFileLockManager] Releasing lock on daemon addresses registry.
2021-03-23T19:50:30.894+0000 [DEBUG] [org.gradle.cache.internal.DefaultFileLockManager] Waiting to acquire shared lock on daemon addresses registry.
2021-03-23T19:50:30.894+0000 [DEBUG] [org.gradle.cache.internal.DefaultFileLockManager] Lock acquired on daemon addresses registry.
2021-03-23T19:50:30.895+0000 [DEBUG] [org.gradle.cache.internal.DefaultFileLockManager] Releasing lock on daemon addresses registry.
2021-03-23T19:50:30.895+0000 [DEBUG] [org.gradle.cache.internal.DefaultFileLockManager] Waiting to acquire shared lock on daemon addresses registry.
2021-03-23T19:50:30.895+0000 [DEBUG] [org.gradle.cache.internal.DefaultFileLockManager] Lock acquired on daemon addresses registry.
2021-03-23T19:50:30.896+0000 [DEBUG] [org.gradle.cache.internal.DefaultFileLockManager] Releasing lock on daemon addresses registry.
2021-03-23T19:50:40.895+0000 [DEBUG] [org.gradle.cache.internal.DefaultFileLockManager] Waiting to acquire shared lock on daemon addresses registry.
2021-03-23T19:50:40.895+0000 [DEBUG] [org.gradle.cache.internal.DefaultFileLockManager] Lock acquired on daemon addresses registry.
2021-03-23T19:50:40.896+0000 [DEBUG] [org.gradle.cache.internal.DefaultFileLockManager] Releasing lock on daemon addresses registry.
2021-03-23T19:50:40.897+0000 [DEBUG] [org.gradle.cache.internal.DefaultFileLockManager] Waiting to acquire shared lock on daemon addresses registry.
2021-03-23T19:50:40.897+0000 [DEBUG] [org.gradle.cache.internal.DefaultFileLockManager] Lock acquired on daemon addresses registry.
2021-03-23T19:50:40.897+0000 [DEBUG] [org.gradle.cache.internal.DefaultFileLockManager] Releasing lock on daemon addresses registry.
2021-03-23T19:50:40.898+0000 [DEBUG] [org.gradle.cache.internal.DefaultFileLockManager] Waiting to acquire shared lock on daemon addresses registry.
2021-03-23T19:50:40.898+0000 [DEBUG] [org.gradle.cache.internal.DefaultFileLockManager] Lock acquired on daemon addresses registry.
2021-03-23T19:50:40.898+0000 [DEBUG] [org.gradle.cache.internal.DefaultFileLockManager] Releasing lock on daemon addresses registry.
2021-03-23T19:50:43.553+0000 [DEBUG] [org.gradle.internal.remote.internal.inet.TcpIncomingConnector] Accepted connection from /127.0.0.1:58917 to /127.0.0.1:58902.
2021-03-23T19:50:43.556+0000 [DEBUG] [org.gradle.launcher.daemon.server.SynchronizedDispatchConnection] thread 79: received class org.gradle.launcher.daemon.protocol.Build
2021-03-23T19:50:43.556+0000 [DEBUG] [org.gradle.launcher.daemon.server.DefaultDaemonConnection] thread 79: Received non-IO message from client: Build{id=2e7f5707-494f-4150-95b0-a2b990a48802, currentDir=C:\Users\el_ez\Mou\app}
2021-03-23T19:50:43.557+0000 [INFO] [org.gradle.launcher.daemon.server.DefaultIncomingConnectionHandler] Received command: Build{id=2e7f5707-494f-4150-95b0-a2b990a48802, currentDir=C:\Users\el_ez\Mou\app}.
2021-03-23T19:50:43.557+0000 [DEBUG] [org.gradle.launcher.daemon.server.DefaultIncomingConnectionHandler] Starting executing command: Build{id=2e7f5707-494f-4150-95b0-a2b990a48802, currentDir=C:\Users\el_ez\Mou\app} with connection: socket connection from /127.0.0.1:58902 to /127.0.0.1:58917.
2021-03-23T19:50:43.557+0000 [ERROR] [org.gradle.launcher.daemon.server.DaemonStateCoordinator] Command execution: started DaemonCommandExecution[command = Build{id=2e7f5707-494f-4150-95b0-a2b990a48802, currentDir=C:\Users\el_ez\Mou\app}, connection = DefaultDaemonConnection: socket connection from /127.0.0.1:58902 to /127.0.0.1:58917] after 0.0 minutes of idle
2021-03-23T19:50:43.557+0000 [INFO] [org.gradle.launcher.daemon.server.DaemonRegistryUpdater] Marking the daemon as busy, address: [4582b592-762f-488a-849e-2367895558e7 port:58902, addresses:[localhost/127.0.0.1]]
2021-03-23T19:50:43.557+0000 [DEBUG] [org.gradle.launcher.daemon.registry.PersistentDaemonRegistry] Marking busy by address: [4582b592-762f-488a-849e-2367895558e7 port:58902, addresses:[localhost/127.0.0.1]]
2021-03-23T19:50:43.558+0000 [DEBUG] [org.gradle.cache.internal.DefaultFileLockManager] Waiting to acquire exclusive lock on daemon addresses registry.
2021-03-23T19:50:43.559+0000 [DEBUG] [org.gradle.cache.internal.DefaultFileLockManager] Lock acquired on daemon addresses registry.
2021-03-23T19:50:43.560+0000 [DEBUG] [org.gradle.cache.internal.DefaultFileLockManager] Releasing lock on daemon addresses registry.
2021-03-23T19:50:43.560+0000 [DEBUG] [org.gradle.launcher.daemon.server.DaemonStateCoordinator] resetting idle timer
2021-03-23T19:50:43.560+0000 [DEBUG] [org.gradle.launcher.daemon.server.DaemonStateCoordinator] daemon is running. Sleeping until state changes.
2021-03-23T19:50:43.560+0000 [INFO] [org.gradle.launcher.daemon.server.exec.StartBuildOrRespondWithBusy] Daemon is about to start building Build{id=2e7f5707-494f-4150-95b0-a2b990a48802, currentDir=C:\Users\el_ez\Mou\app}. Dispatching build started information...
2021-03-23T19:50:43.560+0000 [DEBUG] [org.gradle.launcher.daemon.server.SynchronizedDispatchConnection] thread 23: dispatching org.gradle.launcher.daemon.protocol.BuildStarted@ec2021f
2021-03-23T19:50:43.561+0000 [DEBUG] [org.gradle.launcher.daemon.server.exec.EstablishBuildEnvironment] Configuring env variables: [USERDOMAIN_ROAMINGPROFILE, LOCALAPPDATA, PROCESSOR_LEVEL, USERDOMAIN, LOGONSERVER, JAVA_HOME, SESSIONNAME, ALLUSERSPROFILE, PROCESSOR_ARCHITECTURE, __COMPAT_LAYER, PSModulePath, SystemDrive, OneDrive, APPDATA, USERNAME, ProgramFiles(x86), VBOX_MSI_INSTALL_PATH, CommonProgramFiles, Path, PATHEXT, DriverData, OS, OneDriveConsumer, COMPUTERNAME, IntelliJ IDEA Community Edition, PROCESSOR_REVISION, CommonProgramW6432, PyCharm Community Edition, ComSpec, ProgramData, ProgramW6432, SystemRoot, TEMP, HOMEPATH, PROCESSOR_IDENTIFIER, HOMEDRIVE, USERPROFILE, TMP, CommonProgramFiles(x86), ProgramFiles, PUBLIC, windir, NUMBER_OF_PROCESSORS, =::, IDEA_INITIAL_DIRECTORY]
2021-03-23T19:50:43.561+0000 [DEBUG] [org.gradle.launcher.daemon.server.exec.LogToClient] About to start relaying all logs to the client via the connection.
2021-03-23T19:50:43.561+0000 [INFO] [org.gradle.launcher.daemon.server.exec.LogToClient] The client will now receive all logging from the daemon (pid: 2892). The daemon log file: C:\Users\el_ez\Mou\app\.gradle\daemon\6.7\daemon-2892.out.log
2021-03-23T19:50:43.562+0000 [INFO] [org.gradle.launcher.daemon.server.exec.LogAndCheckHealth] Starting 2nd build in daemon [uptime: 42.912 secs, performance: 100%, non-heap usage: 19% of 268.4 MB]
2021-03-23T19:50:43.562+0000 [DEBUG] [org.gradle.launcher.daemon.server.exec.ExecuteBuild] The daemon has started executing the build.
2021-03-23T19:50:43.562+0000 [DEBUG] [org.gradle.launcher.daemon.server.exec.ExecuteBuild] Executing build with daemon context: DefaultDaemonContext[uid=1335ba59-e3e6-4458-baad-2345061cc25c,javaHome=C:\Program Files\Java\jdk-15,daemonRegistryDir=C:\Users\el_ez\Mou\app\.gradle\daemon,pid=2892,idleTimeout=10800000,priority=NORMAL,daemonOpts=-XX:MaxMetaspaceSize=256m,-XX:+HeapDumpOnOutOfMemoryError,--add-opens,java.base/java.util=ALL-UNNAMED,--add-opens,java.base/java.lang=ALL-UNNAMED,--add-opens,java.base/java.lang.invoke=ALL-UNNAMED,--add-opens,java.prefs/java.util.prefs=ALL-UNNAMED,-Xms256m,-Xmx512m,-Dfile.encoding=windows-1252,-Duser.country=IE,-Duser.language=en,-Duser.variant]
Project : => no module-info.java found
Error: JavaFX runtime components are missing, and are required to run this application

FAILURE: Build failed with an exception.

* What went wrong:
Execution failed for task ':Main.main()'.
> Process 'command 'C:/Program Files/Java/jdk-15/bin/java.exe'' finished with non-zero exit value 1

* Try:
Run with --stacktrace option to get the stack trace. Run with --info or --debug option to get more log output. Run with --scan to get full insights.

* Get more help at https://help.gradle.org

BUILD FAILED in 1s
3 actionable tasks: 3 executed
2021-03-23T19:50:44.899+0000 [DEBUG] [org.gradle.launcher.daemon.server.exec.ExecuteBuild] The daemon has finished executing the build.
2021-03-23T19:50:44.915+0000 [DEBUG] [org.gradle.launcher.daemon.server.DaemonStateCoordinator] daemon is running. Sleeping until state changes.
2021-03-23T19:50:44.915+0000 [DEBUG] [org.gradle.launcher.daemon.server.DaemonStateCoordinator] Command execution: finished waiting for DaemonCommandExecution[command = Build{id=2e7f5707-494f-4150-95b0-a2b990a48802, currentDir=C:\Users\el_ez\Mou\app}, connection = DefaultDaemonConnection: socket connection from /127.0.0.1:58902 to /127.0.0.1:58917]. Result org.gradle.launcher.daemon.server.DaemonStateCoordinator@1efedd07 with state Busy
2021-03-23T19:50:44.915+0000 [DEBUG] [org.gradle.launcher.daemon.server.DaemonStateCoordinator] Command execution: completed DaemonCommandExecution[command = Build{id=2e7f5707-494f-4150-95b0-a2b990a48802, currentDir=C:\Users\el_ez\Mou\app}, connection = DefaultDaemonConnection: socket connection from /127.0.0.1:58902 to /127.0.0.1:58917]
2021-03-23T19:50:44.915+0000 [DEBUG] [org.gradle.launcher.daemon.server.DaemonStateCoordinator] resetting idle timer
2021-03-23T19:50:44.915+0000 [INFO] [org.gradle.launcher.daemon.server.DaemonRegistryUpdater] Marking the daemon as idle, address: [4582b592-762f-488a-849e-2367895558e7 port:58902, addresses:[localhost/127.0.0.1]]
2021-03-23T19:50:44.915+0000 [DEBUG] [org.gradle.launcher.daemon.registry.PersistentDaemonRegistry] Marking busy by address: [4582b592-762f-488a-849e-2367895558e7 port:58902, addresses:[localhost/127.0.0.1]]
2021-03-23T19:50:44.916+0000 [DEBUG] [org.gradle.cache.internal.DefaultFileLockManager] Waiting to acquire exclusive lock on daemon addresses registry.
2021-03-23T19:50:44.916+0000 [DEBUG] [org.gradle.cache.internal.DefaultFileLockManager] Lock acquired on daemon addresses registry.
2021-03-23T19:50:44.918+0000 [DEBUG] [org.gradle.cache.internal.DefaultFileLockManager] Releasing lock on daemon addresses registry.
2021-03-23T19:50:44.918+0000 [DEBUG] [org.gradle.launcher.daemon.server.DaemonStateCoordinator] daemon is running. Sleeping until state changes.
2021-03-23T19:50:44.918+0000 [DEBUG] [org.gradle.launcher.daemon.server.exec.ReturnResult] Daemon is dispatching the build result: Success[value=org.gradle.launcher.exec.BuildActionResult@e1e7298]
2021-03-23T19:50:44.918+0000 [DEBUG] [org.gradle.launcher.daemon.server.SynchronizedDispatchConnection] thread 20: dispatching Success[value=org.gradle.launcher.exec.BuildActionResult@e1e7298]
2021-03-23T19:50:44.919+0000 [DEBUG] [org.gradle.launcher.daemon.server.DefaultIncomingConnectionHandler] Finishing executing command: Build{id=2e7f5707-494f-4150-95b0-a2b990a48802, currentDir=C:\Users\el_ez\Mou\app}
2021-03-23T19:50:44.921+0000 [DEBUG] [org.gradle.launcher.daemon.server.SynchronizedDispatchConnection] thread 79: received class org.gradle.launcher.daemon.protocol.CloseInput
2021-03-23T19:50:44.921+0000 [DEBUG] [org.gradle.launcher.daemon.server.DefaultDaemonConnection] thread 79: Received IO message from client: org.gradle.launcher.daemon.protocol.CloseInput@73439dcb
2021-03-23T19:50:44.921+0000 [DEBUG] [org.gradle.launcher.daemon.server.SynchronizedDispatchConnection] thread 79: received class org.gradle.launcher.daemon.protocol.Finished
2021-03-23T19:50:44.921+0000 [DEBUG] [org.gradle.launcher.daemon.server.DefaultDaemonConnection] thread 79: Received non-IO message from client: org.gradle.launcher.daemon.protocol.Finished@47d9c62
2021-03-23T19:50:44.922+0000 [DEBUG] [org.gradle.launcher.daemon.server.DefaultIncomingConnectionHandler] Received finished message: org.gradle.launcher.daemon.protocol.Finished@47d9c62
2021-03-23T19:50:44.922+0000 [DEBUG] [org.gradle.launcher.daemon.server.SynchronizedDispatchConnection] thread 20: stopping connection
2021-03-23T19:50:44.922+0000 [DEBUG] [org.gradle.internal.remote.internal.inet.SocketConnection] Discarding EOFException: java.io.EOFException
2021-03-23T19:50:44.922+0000 [DEBUG] [org.gradle.launcher.daemon.server.SynchronizedDispatchConnection] thread 79: received null
2021-03-23T19:50:44.922+0000 [DEBUG] [org.gradle.launcher.daemon.server.DefaultDaemonConnection] thread 79: Received end-of-input from client.
2021-03-23T19:50:44.922+0000 [DEBUG] [org.gradle.launcher.daemon.server.SynchronizedDispatchConnection] thread 20: stopping connection
2021-03-23T19:50:50.885+0000 [DEBUG] [org.gradle.cache.internal.DefaultFileLockManager] Waiting to acquire shared lock on daemon addresses registry.
2021-03-23T19:50:50.885+0000 [DEBUG] [org.gradle.cache.internal.DefaultFileLockManager] Lock acquired on daemon addresses registry.
2021-03-23T19:50:50.885+0000 [DEBUG] [org.gradle.cache.internal.DefaultFileLockManager] Releasing lock on daemon addresses registry.
2021-03-23T19:50:50.886+0000 [DEBUG] [org.gradle.cache.internal.DefaultFileLockManager] Waiting to acquire shared lock on daemon addresses registry.
2021-03-23T19:50:50.886+0000 [DEBUG] [org.gradle.cache.internal.DefaultFileLockManager] Lock acquired on daemon addresses registry.
2021-03-23T19:50:50.887+0000 [DEBUG] [org.gradle.cache.internal.DefaultFileLockManager] Releasing lock on daemon addresses registry.
2021-03-23T19:50:53.928+0000 [DEBUG] [org.gradle.internal.remote.internal.inet.TcpIncomingConnector] Accepted connection from /127.0.0.1:58926 to /127.0.0.1:58902.
2021-03-23T19:50:53.931+0000 [DEBUG] [org.gradle.launcher.daemon.server.SynchronizedDispatchConnection] thread 123: received class org.gradle.launcher.daemon.protocol.Build
2021-03-23T19:50:53.931+0000 [DEBUG] [org.gradle.launcher.daemon.server.DefaultDaemonConnection] thread 123: Received non-IO message from client: Build{id=fb8fa78a-f933-4a9e-b618-cc355f9165c1, currentDir=C:\Users\el_ez\Mou\app}
2021-03-23T19:50:53.931+0000 [INFO] [org.gradle.launcher.daemon.server.DefaultIncomingConnectionHandler] Received command: Build{id=fb8fa78a-f933-4a9e-b618-cc355f9165c1, currentDir=C:\Users\el_ez\Mou\app}.
2021-03-23T19:50:53.931+0000 [DEBUG] [org.gradle.launcher.daemon.server.DefaultIncomingConnectionHandler] Starting executing command: Build{id=fb8fa78a-f933-4a9e-b618-cc355f9165c1, currentDir=C:\Users\el_ez\Mou\app} with connection: socket connection from /127.0.0.1:58902 to /127.0.0.1:58926.
2021-03-23T19:50:53.931+0000 [ERROR] [org.gradle.launcher.daemon.server.DaemonStateCoordinator] Command execution: started DaemonCommandExecution[command = Build{id=fb8fa78a-f933-4a9e-b618-cc355f9165c1, currentDir=C:\Users\el_ez\Mou\app}, connection = DefaultDaemonConnection: socket connection from /127.0.0.1:58902 to /127.0.0.1:58926] after 0.0 minutes of idle
2021-03-23T19:50:53.932+0000 [INFO] [org.gradle.launcher.daemon.server.DaemonRegistryUpdater] Marking the daemon as busy, address: [4582b592-762f-488a-849e-2367895558e7 port:58902, addresses:[localhost/127.0.0.1]]
2021-03-23T19:50:53.932+0000 [DEBUG] [org.gradle.launcher.daemon.registry.PersistentDaemonRegistry] Marking busy by address: [4582b592-762f-488a-849e-2367895558e7 port:58902, addresses:[localhost/127.0.0.1]]
2021-03-23T19:50:53.933+0000 [DEBUG] [org.gradle.cache.internal.DefaultFileLockManager] Waiting to acquire exclusive lock on daemon addresses registry.
2021-03-23T19:50:53.933+0000 [DEBUG] [org.gradle.cache.internal.DefaultFileLockManager] Lock acquired on daemon addresses registry.
2021-03-23T19:50:53.934+0000 [DEBUG] [org.gradle.cache.internal.DefaultFileLockManager] Releasing lock on daemon addresses registry.
2021-03-23T19:50:53.934+0000 [DEBUG] [org.gradle.launcher.daemon.server.DaemonStateCoordinator] resetting idle timer
2021-03-23T19:50:53.934+0000 [DEBUG] [org.gradle.launcher.daemon.server.DaemonStateCoordinator] daemon is running. Sleeping until state changes.
2021-03-23T19:50:53.934+0000 [INFO] [org.gradle.launcher.daemon.server.exec.StartBuildOrRespondWithBusy] Daemon is about to start building Build{id=fb8fa78a-f933-4a9e-b618-cc355f9165c1, currentDir=C:\Users\el_ez\Mou\app}. Dispatching build started information...
2021-03-23T19:50:53.934+0000 [DEBUG] [org.gradle.launcher.daemon.server.SynchronizedDispatchConnection] thread 23: dispatching org.gradle.launcher.daemon.protocol.BuildStarted@3756e137
2021-03-23T19:50:53.935+0000 [DEBUG] [org.gradle.launcher.daemon.server.exec.EstablishBuildEnvironment] Configuring env variables: [USERDOMAIN_ROAMINGPROFILE, LOCALAPPDATA, PROCESSOR_LEVEL, USERDOMAIN, LOGONSERVER, JAVA_HOME, SESSIONNAME, ALLUSERSPROFILE, PROCESSOR_ARCHITECTURE, __COMPAT_LAYER, PSModulePath, SystemDrive, OneDrive, APPDATA, USERNAME, ProgramFiles(x86), VBOX_MSI_INSTALL_PATH, CommonProgramFiles, Path, PATHEXT, DriverData, OS, OneDriveConsumer, COMPUTERNAME, IntelliJ IDEA Community Edition, PROCESSOR_REVISION, CommonProgramW6432, PyCharm Community Edition, ComSpec, ProgramData, ProgramW6432, SystemRoot, TEMP, HOMEPATH, PROCESSOR_IDENTIFIER, HOMEDRIVE, USERPROFILE, TMP, CommonProgramFiles(x86), ProgramFiles, PUBLIC, windir, NUMBER_OF_PROCESSORS, =::, IDEA_INITIAL_DIRECTORY]
2021-03-23T19:50:53.935+0000 [DEBUG] [org.gradle.launcher.daemon.server.exec.LogToClient] About to start relaying all logs to the client via the connection.
2021-03-23T19:50:53.935+0000 [INFO] [org.gradle.launcher.daemon.server.exec.LogToClient] The client will now receive all logging from the daemon (pid: 2892). The daemon log file: C:\Users\el_ez\Mou\app\.gradle\daemon\6.7\daemon-2892.out.log
2021-03-23T19:50:53.936+0000 [INFO] [org.gradle.launcher.daemon.server.exec.LogAndCheckHealth] Starting 3rd build in daemon [uptime: 53.286 secs, performance: 100%, non-heap usage: 22% of 268.4 MB]
2021-03-23T19:50:53.936+0000 [DEBUG] [org.gradle.launcher.daemon.server.exec.ExecuteBuild] The daemon has started executing the build.
2021-03-23T19:50:53.936+0000 [DEBUG] [org.gradle.launcher.daemon.server.exec.ExecuteBuild] Executing build with daemon context: DefaultDaemonContext[uid=1335ba59-e3e6-4458-baad-2345061cc25c,javaHome=C:\Program Files\Java\jdk-15,daemonRegistryDir=C:\Users\el_ez\Mou\app\.gradle\daemon,pid=2892,idleTimeout=10800000,priority=NORMAL,daemonOpts=-XX:MaxMetaspaceSize=256m,-XX:+HeapDumpOnOutOfMemoryError,--add-opens,java.base/java.util=ALL-UNNAMED,--add-opens,java.base/java.lang=ALL-UNNAMED,--add-opens,java.base/java.lang.invoke=ALL-UNNAMED,--add-opens,java.prefs/java.util.prefs=ALL-UNNAMED,-Xms256m,-Xmx512m,-Dfile.encoding=windows-1252,-Duser.country=IE,-Duser.language=en,-Duser.variant]
Project : => no module-info.java found

BUILD SUCCESSFUL in 5s
4 actionable tasks: 2 executed, 2 up-to-date

Publishing a build scan to scans.gradle.com requires accepting the Gradle Terms of Service defined at https://gradle.com/terms-of-service. Do you accept these terms? [yes, no] 

The build scan was not published due to a configuration problem.

The Gradle Terms of Service have not been agreed to.

For more information, please see https://gradle.com/help/plugin-terms-of-service.

Alternatively, if you are using Gradle Enterprise, specify the server location.
For more information, please see https://gradle.com/help/plugin-enterprise-config.

2021-03-23T20:07:36.971+0000 [DEBUG] [org.gradle.launcher.daemon.server.exec.ExecuteBuild] The daemon has finished executing the build.
2021-03-23T20:07:36.987+0000 [DEBUG] [org.gradle.launcher.daemon.server.DaemonStateCoordinator] Cancel: daemon is busy, sleeping until state changes.
2021-03-23T20:07:36.987+0000 [DEBUG] [org.gradle.launcher.daemon.server.DaemonStateCoordinator] Command execution: finished waiting for DaemonCommandExecution[command = Build{id=fb8fa78a-f933-4a9e-b618-cc355f9165c1, currentDir=C:\Users\el_ez\Mou\app}, connection = DefaultDaemonConnection: socket connection from /127.0.0.1:58902 to /127.0.0.1:58926]. Result org.gradle.launcher.daemon.server.DaemonStateCoordinator@1efedd07 with state Canceled
2021-03-23T20:07:36.987+0000 [DEBUG] [org.gradle.launcher.daemon.server.DaemonStateCoordinator] Command execution: completed DaemonCommandExecution[command = Build{id=fb8fa78a-f933-4a9e-b618-cc355f9165c1, currentDir=C:\Users\el_ez\Mou\app}, connection = DefaultDaemonConnection: socket connection from /127.0.0.1:58902 to /127.0.0.1:58926]
2021-03-23T20:07:36.988+0000 [DEBUG] [org.gradle.launcher.daemon.server.DaemonStateCoordinator] resetting idle timer
2021-03-23T20:07:36.988+0000 [INFO] [org.gradle.launcher.daemon.server.DaemonRegistryUpdater] Marking the daemon as idle, address: [4582b592-762f-488a-849e-2367895558e7 port:58902, addresses:[localhost/127.0.0.1]]
2021-03-23T20:07:36.988+0000 [DEBUG] [org.gradle.launcher.daemon.registry.PersistentDaemonRegistry] Marking busy by address: [4582b592-762f-488a-849e-2367895558e7 port:58902, addresses:[localhost/127.0.0.1]]
2021-03-23T20:07:36.989+0000 [DEBUG] [org.gradle.cache.internal.DefaultFileLockManager] Waiting to acquire exclusive lock on daemon addresses registry.
2021-03-23T20:07:36.989+0000 [DEBUG] [org.gradle.cache.internal.DefaultFileLockManager] Lock acquired on daemon addresses registry.
2021-03-23T20:07:36.990+0000 [DEBUG] [org.gradle.cache.internal.DefaultFileLockManager] Releasing lock on daemon addresses registry.
2021-03-23T20:07:36.990+0000 [DEBUG] [org.gradle.launcher.daemon.server.exec.ReturnResult] Daemon is dispatching the build result: Success[value=org.gradle.launcher.exec.BuildActionResult@5d28cdfc]
2021-03-23T20:07:36.990+0000 [DEBUG] [org.gradle.launcher.daemon.server.DaemonStateCoordinator] Cancel: daemon is idle now.
2021-03-23T20:07:36.990+0000 [DEBUG] [org.gradle.launcher.daemon.server.DaemonStateCoordinator] daemon is running. Sleeping until state changes.
2021-03-23T20:07:36.990+0000 [DEBUG] [org.gradle.launcher.daemon.server.SynchronizedDispatchConnection] thread 20: dispatching Success[value=org.gradle.launcher.exec.BuildActionResult@5d28cdfc]
2021-03-23T20:07:36.990+0000 [DEBUG] [org.gradle.launcher.daemon.server.DefaultIncomingConnectionHandler] Finishing executing command: Build{id=fb8fa78a-f933-4a9e-b618-cc355f9165c1, currentDir=C:\Users\el_ez\Mou\app}
2021-03-23T20:07:36.991+0000 [DEBUG] [org.gradle.launcher.daemon.server.SynchronizedDispatchConnection] thread 123: received class org.gradle.launcher.daemon.protocol.Finished
2021-03-23T20:07:36.991+0000 [DEBUG] [org.gradle.launcher.daemon.server.DefaultDaemonConnection] thread 123: Received non-IO message from client: org.gradle.launcher.daemon.protocol.Finished@426d03bc
2021-03-23T20:07:36.991+0000 [DEBUG] [org.gradle.launcher.daemon.server.DefaultIncomingConnectionHandler] Received finished message: org.gradle.launcher.daemon.protocol.Finished@426d03bc
2021-03-23T20:07:36.991+0000 [DEBUG] [org.gradle.internal.remote.internal.inet.SocketConnection] Discarding EOFException: java.io.EOFException
2021-03-23T20:07:36.991+0000 [DEBUG] [org.gradle.launcher.daemon.server.SynchronizedDispatchConnection] thread 20: stopping connection
2021-03-23T20:07:36.991+0000 [DEBUG] [org.gradle.launcher.daemon.server.SynchronizedDispatchConnection] thread 123: received null
2021-03-23T20:07:36.991+0000 [DEBUG] [org.gradle.launcher.daemon.server.DefaultDaemonConnection] thread 123: Received end-of-input from client.
2021-03-23T20:07:36.991+0000 [DEBUG] [org.gradle.launcher.daemon.server.SynchronizedDispatchConnection] thread 20: stopping connection
2021-03-23T20:07:40.886+0000 [DEBUG] [org.gradle.cache.internal.DefaultFileLockManager] Waiting to acquire shared lock on daemon addresses registry.
2021-03-23T20:07:40.886+0000 [DEBUG] [org.gradle.cache.internal.DefaultFileLockManager] Lock acquired on daemon addresses registry.
2021-03-23T20:07:40.887+0000 [DEBUG] [org.gradle.cache.internal.DefaultFileLockManager] Releasing lock on daemon addresses registry.
2021-03-23T20:07:40.888+0000 [DEBUG] [org.gradle.cache.internal.DefaultFileLockManager] Waiting to acquire shared lock on daemon addresses registry.
2021-03-23T20:07:40.888+0000 [DEBUG] [org.gradle.cache.internal.DefaultFileLockManager] Lock acquired on daemon addresses registry.
2021-03-23T20:07:40.888+0000 [DEBUG] [org.gradle.cache.internal.DefaultFileLockManager] Releasing lock on daemon addresses registry.
