2021-03-23T18:26:59.007+0000 [DEBUG] [org.gradle.launcher.daemon.bootstrap.DaemonMain] Assuming the daemon was started with following jvm opts: [-XX:MaxMetaspaceSize=256m, -XX:+HeapDumpOnOutOfMemoryError, -agentlib:jdwp=transport=dt_socket,server=n,suspend=y,address=127.0.0.1:58181, --add-opens, java.base/java.util=ALL-UNNAMED, --add-opens, java.base/java.lang=ALL-UNNAMED, --add-opens, java.base/java.lang.invoke=ALL-UNNAMED, --add-opens, java.prefs/java.util.prefs=ALL-UNNAMED, -Xms256m, -Xmx512m, -Dfile.encoding=windows-1252, -Duser.country=IE, -Duser.language=en, -Duser.variant]
2021-03-23T18:26:59.093+0000 [DEBUG] [org.gradle.internal.nativeintegration.services.NativeServices] Native-platform posix files integration is not available. Continuing with fallback.
2021-03-23T18:26:59.106+0000 [INFO] [org.gradle.launcher.daemon.server.Daemon] start() called on daemon - DefaultDaemonContext[uid=85fe9949-3c3d-4595-b3b1-ac1e6a965dee,javaHome=C:\Program Files\Java\jdk-15,daemonRegistryDir=C:\Users\el_ez\Mou\app\.gradle\daemon,pid=13476,idleTimeout=10800000,priority=NORMAL,daemonOpts=-XX:MaxMetaspaceSize=256m,-XX:+HeapDumpOnOutOfMemoryError,-agentlib:jdwp=transport=dt_socket,server=n,suspend=y,address=127.0.0.1:58181,--add-opens,java.base/java.util=ALL-UNNAMED,--add-opens,java.base/java.lang=ALL-UNNAMED,--add-opens,java.base/java.lang.invoke=ALL-UNNAMED,--add-opens,java.prefs/java.util.prefs=ALL-UNNAMED,-Xms256m,-Xmx512m,-Dfile.encoding=windows-1252,-Duser.country=IE,-Duser.language=en,-Duser.variant]
2021-03-23T18:26:59.167+0000 [DEBUG] [org.gradle.internal.remote.internal.inet.InetAddresses] Adding IP addresses for network interface Software Loopback Interface 1
2021-03-23T18:26:59.168+0000 [DEBUG] [org.gradle.internal.remote.internal.inet.InetAddresses] Is this a loopback interface? true
2021-03-23T18:26:59.170+0000 [DEBUG] [org.gradle.internal.remote.internal.inet.InetAddresses] Adding loopback address /127.0.0.1
2021-03-23T18:26:59.171+0000 [DEBUG] [org.gradle.internal.remote.internal.inet.InetAddresses] Adding loopback address /0:0:0:0:0:0:0:1
2021-03-23T18:26:59.172+0000 [DEBUG] [org.gradle.internal.remote.internal.inet.InetAddresses] Adding IP addresses for network interface WAN Miniport (PPPOE)
2021-03-23T18:26:59.174+0000 [DEBUG] [org.gradle.internal.remote.internal.inet.InetAddresses] Is this a loopback interface? false
2021-03-23T18:26:59.174+0000 [DEBUG] [org.gradle.internal.remote.internal.inet.InetAddresses] Adding IP addresses for network interface Microsoft 6to4 Adapter
2021-03-23T18:26:59.175+0000 [DEBUG] [org.gradle.internal.remote.internal.inet.InetAddresses] Is this a loopback interface? false
2021-03-23T18:26:59.176+0000 [DEBUG] [org.gradle.internal.remote.internal.inet.InetAddresses] Adding IP addresses for network interface WAN Miniport (L2TP)
2021-03-23T18:26:59.177+0000 [DEBUG] [org.gradle.internal.remote.internal.inet.InetAddresses] Is this a loopback interface? false
2021-03-23T18:26:59.177+0000 [DEBUG] [org.gradle.internal.remote.internal.inet.InetAddresses] Adding IP addresses for network interface TP-Link Wireless USB Adapter
2021-03-23T18:26:59.179+0000 [DEBUG] [org.gradle.internal.remote.internal.inet.InetAddresses] Is this a loopback interface? false
2021-03-23T18:26:59.179+0000 [DEBUG] [org.gradle.internal.remote.internal.inet.InetAddresses] Adding remote address /192.168.1.7
2021-03-23T18:26:59.179+0000 [DEBUG] [org.gradle.internal.remote.internal.inet.InetAddresses] Adding remote address /2001:bb6:4eba:8300:3044:3c83:5940:c1f8
2021-03-23T18:26:59.179+0000 [DEBUG] [org.gradle.internal.remote.internal.inet.InetAddresses] Adding remote address /2001:bb6:4eba:8300:70ea:ab82:367a:105f
2021-03-23T18:26:59.179+0000 [DEBUG] [org.gradle.internal.remote.internal.inet.InetAddresses] Adding remote address /fe80:0:0:0:3044:3c83:5940:c1f8%wlan0
2021-03-23T18:26:59.180+0000 [DEBUG] [org.gradle.internal.remote.internal.inet.InetAddresses] Adding IP addresses for network interface WAN Miniport (Network Monitor)
2021-03-23T18:26:59.181+0000 [DEBUG] [org.gradle.internal.remote.internal.inet.InetAddresses] Is this a loopback interface? false
2021-03-23T18:26:59.181+0000 [DEBUG] [org.gradle.internal.remote.internal.inet.InetAddresses] Adding IP addresses for network interface Microsoft IP-HTTPS Platform Adapter
2021-03-23T18:26:59.183+0000 [DEBUG] [org.gradle.internal.remote.internal.inet.InetAddresses] Is this a loopback interface? false
2021-03-23T18:26:59.183+0000 [DEBUG] [org.gradle.internal.remote.internal.inet.InetAddresses] Adding IP addresses for network interface WAN Miniport (SSTP)
2021-03-23T18:26:59.184+0000 [DEBUG] [org.gradle.internal.remote.internal.inet.InetAddresses] Is this a loopback interface? false
2021-03-23T18:26:59.185+0000 [DEBUG] [org.gradle.internal.remote.internal.inet.InetAddresses] Adding IP addresses for network interface Realtek PCIe GbE Family Controller
2021-03-23T18:26:59.186+0000 [DEBUG] [org.gradle.internal.remote.internal.inet.InetAddresses] Is this a loopback interface? false
2021-03-23T18:26:59.186+0000 [DEBUG] [org.gradle.internal.remote.internal.inet.InetAddresses] Adding remote address /fe80:0:0:0:396a:8dda:328c:ac8c%eth1
2021-03-23T18:26:59.186+0000 [DEBUG] [org.gradle.internal.remote.internal.inet.InetAddresses] Adding IP addresses for network interface WAN Miniport (IKEv2)
2021-03-23T18:26:59.187+0000 [DEBUG] [org.gradle.internal.remote.internal.inet.InetAddresses] Is this a loopback interface? false
2021-03-23T18:26:59.188+0000 [DEBUG] [org.gradle.internal.remote.internal.inet.InetAddresses] Adding IP addresses for network interface Microsoft Teredo Tunneling Adapter
2021-03-23T18:26:59.189+0000 [DEBUG] [org.gradle.internal.remote.internal.inet.InetAddresses] Is this a loopback interface? false
2021-03-23T18:26:59.189+0000 [DEBUG] [org.gradle.internal.remote.internal.inet.InetAddresses] Adding IP addresses for network interface WAN Miniport (IPv6)
2021-03-23T18:26:59.191+0000 [DEBUG] [org.gradle.internal.remote.internal.inet.InetAddresses] Is this a loopback interface? false
2021-03-23T18:26:59.191+0000 [DEBUG] [org.gradle.internal.remote.internal.inet.InetAddresses] Adding IP addresses for network interface Microsoft Kernel Debug Network Adapter
2021-03-23T18:26:59.192+0000 [DEBUG] [org.gradle.internal.remote.internal.inet.InetAddresses] Is this a loopback interface? false
2021-03-23T18:26:59.192+0000 [DEBUG] [org.gradle.internal.remote.internal.inet.InetAddresses] Adding IP addresses for network interface VirtualBox Host-Only Ethernet Adapter
2021-03-23T18:26:59.193+0000 [DEBUG] [org.gradle.internal.remote.internal.inet.InetAddresses] Is this a loopback interface? false
2021-03-23T18:26:59.193+0000 [DEBUG] [org.gradle.internal.remote.internal.inet.InetAddresses] Adding remote address /192.168.56.1
2021-03-23T18:26:59.194+0000 [DEBUG] [org.gradle.internal.remote.internal.inet.InetAddresses] Adding remote address /fe80:0:0:0:c508:f31:2b0b:24c3%eth4
2021-03-23T18:26:59.194+0000 [DEBUG] [org.gradle.internal.remote.internal.inet.InetAddresses] Adding IP addresses for network interface WAN Miniport (PPTP)
2021-03-23T18:26:59.196+0000 [DEBUG] [org.gradle.internal.remote.internal.inet.InetAddresses] Is this a loopback interface? false
2021-03-23T18:26:59.196+0000 [DEBUG] [org.gradle.internal.remote.internal.inet.InetAddresses] Adding IP addresses for network interface Microsoft Wi-Fi Direct Virtual Adapter #2
2021-03-23T18:26:59.197+0000 [DEBUG] [org.gradle.internal.remote.internal.inet.InetAddresses] Is this a loopback interface? false
2021-03-23T18:26:59.197+0000 [DEBUG] [org.gradle.internal.remote.internal.inet.InetAddresses] Adding remote address /fe80:0:0:0:d1e3:a8ea:700f:d0ef%wlan1
2021-03-23T18:26:59.197+0000 [DEBUG] [org.gradle.internal.remote.internal.inet.InetAddresses] Adding IP addresses for network interface Microsoft Wi-Fi Direct Virtual Adapter
2021-03-23T18:26:59.198+0000 [DEBUG] [org.gradle.internal.remote.internal.inet.InetAddresses] Is this a loopback interface? false
2021-03-23T18:26:59.199+0000 [DEBUG] [org.gradle.internal.remote.internal.inet.InetAddresses] Adding remote address /fe80:0:0:0:6ca5:2323:4928:b891%wlan2
2021-03-23T18:26:59.199+0000 [DEBUG] [org.gradle.internal.remote.internal.inet.InetAddresses] Adding IP addresses for network interface WAN Miniport (IP)
2021-03-23T18:26:59.200+0000 [DEBUG] [org.gradle.internal.remote.internal.inet.InetAddresses] Is this a loopback interface? false
2021-03-23T18:26:59.200+0000 [DEBUG] [org.gradle.internal.remote.internal.inet.InetAddresses] Adding IP addresses for network interface VirtualBox Host-Only Ethernet Adapter-WFP Native MAC Layer LightWeight Filter-0000
2021-03-23T18:26:59.202+0000 [DEBUG] [org.gradle.internal.remote.internal.inet.InetAddresses] Is this a loopback interface? false
2021-03-23T18:26:59.202+0000 [DEBUG] [org.gradle.internal.remote.internal.inet.InetAddresses] Adding IP addresses for network interface VirtualBox Host-Only Ethernet Adapter-QoS Packet Scheduler-0000
2021-03-23T18:26:59.203+0000 [DEBUG] [org.gradle.internal.remote.internal.inet.InetAddresses] Is this a loopback interface? false
2021-03-23T18:26:59.203+0000 [DEBUG] [org.gradle.internal.remote.internal.inet.InetAddresses] Adding IP addresses for network interface VirtualBox Host-Only Ethernet Adapter-WFP 802.3 MAC Layer LightWeight Filter-0000
2021-03-23T18:26:59.205+0000 [DEBUG] [org.gradle.internal.remote.internal.inet.InetAddresses] Is this a loopback interface? false
2021-03-23T18:26:59.205+0000 [DEBUG] [org.gradle.internal.remote.internal.inet.InetAddresses] Adding IP addresses for network interface Realtek PCIe GbE Family Controller-WFP Native MAC Layer LightWeight Filter-0000
2021-03-23T18:26:59.206+0000 [DEBUG] [org.gradle.internal.remote.internal.inet.InetAddresses] Is this a loopback interface? false
2021-03-23T18:26:59.206+0000 [DEBUG] [org.gradle.internal.remote.internal.inet.InetAddresses] Adding IP addresses for network interface Realtek PCIe GbE Family Controller-VirtualBox NDIS Light-Weight Filter-0000
2021-03-23T18:26:59.208+0000 [DEBUG] [org.gradle.internal.remote.internal.inet.InetAddresses] Is this a loopback interface? false
2021-03-23T18:26:59.208+0000 [DEBUG] [org.gradle.internal.remote.internal.inet.InetAddresses] Adding IP addresses for network interface Realtek PCIe GbE Family Controller-QoS Packet Scheduler-0000
2021-03-23T18:26:59.209+0000 [DEBUG] [org.gradle.internal.remote.internal.inet.InetAddresses] Is this a loopback interface? false
2021-03-23T18:26:59.209+0000 [DEBUG] [org.gradle.internal.remote.internal.inet.InetAddresses] Adding IP addresses for network interface Realtek PCIe GbE Family Controller-WFP 802.3 MAC Layer LightWeight Filter-0000
2021-03-23T18:26:59.211+0000 [DEBUG] [org.gradle.internal.remote.internal.inet.InetAddresses] Is this a loopback interface? false
2021-03-23T18:26:59.211+0000 [DEBUG] [org.gradle.internal.remote.internal.inet.InetAddresses] Adding IP addresses for network interface TP-Link Wireless USB Adapter-WFP Native MAC Layer LightWeight Filter-0000
2021-03-23T18:26:59.212+0000 [DEBUG] [org.gradle.internal.remote.internal.inet.InetAddresses] Is this a loopback interface? false
2021-03-23T18:26:59.212+0000 [DEBUG] [org.gradle.internal.remote.internal.inet.InetAddresses] Adding IP addresses for network interface TP-Link Wireless USB Adapter-Virtual WiFi Filter Driver-0000
2021-03-23T18:26:59.213+0000 [DEBUG] [org.gradle.internal.remote.internal.inet.InetAddresses] Is this a loopback interface? false
2021-03-23T18:26:59.214+0000 [DEBUG] [org.gradle.internal.remote.internal.inet.InetAddresses] Adding IP addresses for network interface TP-Link Wireless USB Adapter-Native WiFi Filter Driver-0000
2021-03-23T18:26:59.215+0000 [DEBUG] [org.gradle.internal.remote.internal.inet.InetAddresses] Is this a loopback interface? false
2021-03-23T18:26:59.215+0000 [DEBUG] [org.gradle.internal.remote.internal.inet.InetAddresses] Adding IP addresses for network interface TP-Link Wireless USB Adapter-VirtualBox NDIS Light-Weight Filter-0000
2021-03-23T18:26:59.216+0000 [DEBUG] [org.gradle.internal.remote.internal.inet.InetAddresses] Is this a loopback interface? false
2021-03-23T18:26:59.217+0000 [DEBUG] [org.gradle.internal.remote.internal.inet.InetAddresses] Adding IP addresses for network interface TP-Link Wireless USB Adapter-QoS Packet Scheduler-0000
2021-03-23T18:26:59.218+0000 [DEBUG] [org.gradle.internal.remote.internal.inet.InetAddresses] Is this a loopback interface? false
2021-03-23T18:26:59.218+0000 [DEBUG] [org.gradle.internal.remote.internal.inet.InetAddresses] Adding IP addresses for network interface TP-Link Wireless USB Adapter-WFP 802.3 MAC Layer LightWeight Filter-0000
2021-03-23T18:26:59.219+0000 [DEBUG] [org.gradle.internal.remote.internal.inet.InetAddresses] Is this a loopback interface? false
2021-03-23T18:26:59.219+0000 [DEBUG] [org.gradle.internal.remote.internal.inet.InetAddresses] Adding IP addresses for network interface Microsoft Wi-Fi Direct Virtual Adapter-WFP Native MAC Layer LightWeight Filter-0000
2021-03-23T18:26:59.221+0000 [DEBUG] [org.gradle.internal.remote.internal.inet.InetAddresses] Is this a loopback interface? false
2021-03-23T18:26:59.221+0000 [DEBUG] [org.gradle.internal.remote.internal.inet.InetAddresses] Adding IP addresses for network interface Microsoft Wi-Fi Direct Virtual Adapter-Native WiFi Filter Driver-0000
2021-03-23T18:26:59.222+0000 [DEBUG] [org.gradle.internal.remote.internal.inet.InetAddresses] Is this a loopback interface? false
2021-03-23T18:26:59.223+0000 [DEBUG] [org.gradle.internal.remote.internal.inet.InetAddresses] Adding IP addresses for network interface WAN Miniport (IP)-WFP Native MAC Layer LightWeight Filter-0000
2021-03-23T18:26:59.224+0000 [DEBUG] [org.gradle.internal.remote.internal.inet.InetAddresses] Is this a loopback interface? false
2021-03-23T18:26:59.224+0000 [DEBUG] [org.gradle.internal.remote.internal.inet.InetAddresses] Adding IP addresses for network interface WAN Miniport (IP)-QoS Packet Scheduler-0000
2021-03-23T18:26:59.225+0000 [DEBUG] [org.gradle.internal.remote.internal.inet.InetAddresses] Is this a loopback interface? false
2021-03-23T18:26:59.226+0000 [DEBUG] [org.gradle.internal.remote.internal.inet.InetAddresses] Adding IP addresses for network interface WAN Miniport (IPv6)-WFP Native MAC Layer LightWeight Filter-0000
2021-03-23T18:26:59.227+0000 [DEBUG] [org.gradle.internal.remote.internal.inet.InetAddresses] Is this a loopback interface? false
2021-03-23T18:26:59.227+0000 [DEBUG] [org.gradle.internal.remote.internal.inet.InetAddresses] Adding IP addresses for network interface WAN Miniport (IPv6)-QoS Packet Scheduler-0000
2021-03-23T18:26:59.229+0000 [DEBUG] [org.gradle.internal.remote.internal.inet.InetAddresses] Is this a loopback interface? false
2021-03-23T18:26:59.229+0000 [DEBUG] [org.gradle.internal.remote.internal.inet.InetAddresses] Adding IP addresses for network interface WAN Miniport (Network Monitor)-WFP Native MAC Layer LightWeight Filter-0000
2021-03-23T18:26:59.230+0000 [DEBUG] [org.gradle.internal.remote.internal.inet.InetAddresses] Is this a loopback interface? false
2021-03-23T18:26:59.230+0000 [DEBUG] [org.gradle.internal.remote.internal.inet.InetAddresses] Adding IP addresses for network interface WAN Miniport (Network Monitor)-QoS Packet Scheduler-0000
2021-03-23T18:26:59.231+0000 [DEBUG] [org.gradle.internal.remote.internal.inet.InetAddresses] Is this a loopback interface? false
2021-03-23T18:26:59.232+0000 [DEBUG] [org.gradle.internal.remote.internal.inet.InetAddresses] Adding IP addresses for network interface Microsoft Wi-Fi Direct Virtual Adapter-VirtualBox NDIS Light-Weight Filter-0000
2021-03-23T18:26:59.233+0000 [DEBUG] [org.gradle.internal.remote.internal.inet.InetAddresses] Is this a loopback interface? false
2021-03-23T18:26:59.233+0000 [DEBUG] [org.gradle.internal.remote.internal.inet.InetAddresses] Adding IP addresses for network interface Microsoft Wi-Fi Direct Virtual Adapter-QoS Packet Scheduler-0000
2021-03-23T18:26:59.234+0000 [DEBUG] [org.gradle.internal.remote.internal.inet.InetAddresses] Is this a loopback interface? false
2021-03-23T18:26:59.234+0000 [DEBUG] [org.gradle.internal.remote.internal.inet.InetAddresses] Adding IP addresses for network interface Microsoft Wi-Fi Direct Virtual Adapter-WFP 802.3 MAC Layer LightWeight Filter-0000
2021-03-23T18:26:59.236+0000 [DEBUG] [org.gradle.internal.remote.internal.inet.InetAddresses] Is this a loopback interface? false
2021-03-23T18:26:59.236+0000 [DEBUG] [org.gradle.internal.remote.internal.inet.InetAddresses] Adding IP addresses for network interface Microsoft Wi-Fi Direct Virtual Adapter #2-WFP Native MAC Layer LightWeight Filter-0000
2021-03-23T18:26:59.237+0000 [DEBUG] [org.gradle.internal.remote.internal.inet.InetAddresses] Is this a loopback interface? false
2021-03-23T18:26:59.238+0000 [DEBUG] [org.gradle.internal.remote.internal.inet.InetAddresses] Adding IP addresses for network interface Microsoft Wi-Fi Direct Virtual Adapter #2-Native WiFi Filter Driver-0000
2021-03-23T18:26:59.239+0000 [DEBUG] [org.gradle.internal.remote.internal.inet.InetAddresses] Is this a loopback interface? false
2021-03-23T18:26:59.239+0000 [DEBUG] [org.gradle.internal.remote.internal.inet.InetAddresses] Adding IP addresses for network interface Microsoft Wi-Fi Direct Virtual Adapter #2-VirtualBox NDIS Light-Weight Filter-0000
2021-03-23T18:26:59.240+0000 [DEBUG] [org.gradle.internal.remote.internal.inet.InetAddresses] Is this a loopback interface? false
2021-03-23T18:26:59.240+0000 [DEBUG] [org.gradle.internal.remote.internal.inet.InetAddresses] Adding IP addresses for network interface Microsoft Wi-Fi Direct Virtual Adapter #2-QoS Packet Scheduler-0000
2021-03-23T18:26:59.242+0000 [DEBUG] [org.gradle.internal.remote.internal.inet.InetAddresses] Is this a loopback interface? false
2021-03-23T18:26:59.242+0000 [DEBUG] [org.gradle.internal.remote.internal.inet.InetAddresses] Adding IP addresses for network interface Microsoft Wi-Fi Direct Virtual Adapter #2-WFP 802.3 MAC Layer LightWeight Filter-0000
2021-03-23T18:26:59.243+0000 [DEBUG] [org.gradle.internal.remote.internal.inet.InetAddresses] Is this a loopback interface? false
2021-03-23T18:26:59.247+0000 [DEBUG] [org.gradle.internal.remote.internal.inet.TcpIncomingConnector] Listening on [5ab3a912-2a91-4513-b4d6-7a965715edc9 port:58186, addresses:[localhost/127.0.0.1]].
2021-03-23T18:26:59.253+0000 [DEBUG] [org.gradle.launcher.daemon.server.Daemon] Daemon starting at: Tue Mar 23 18:26:59 GMT 2021, with address: [5ab3a912-2a91-4513-b4d6-7a965715edc9 port:58186, addresses:[localhost/127.0.0.1]]
2021-03-23T18:26:59.253+0000 [INFO] [org.gradle.launcher.daemon.server.DaemonRegistryUpdater] Advertising the daemon address to the clients: [5ab3a912-2a91-4513-b4d6-7a965715edc9 port:58186, addresses:[localhost/127.0.0.1]]
2021-03-23T18:26:59.254+0000 [DEBUG] [org.gradle.launcher.daemon.server.DaemonRegistryUpdater] Advertised daemon context: DefaultDaemonContext[uid=85fe9949-3c3d-4595-b3b1-ac1e6a965dee,javaHome=C:\Program Files\Java\jdk-15,daemonRegistryDir=C:\Users\el_ez\Mou\app\.gradle\daemon,pid=13476,idleTimeout=10800000,priority=NORMAL,daemonOpts=-XX:MaxMetaspaceSize=256m,-XX:+HeapDumpOnOutOfMemoryError,-agentlib:jdwp=transport=dt_socket,server=n,suspend=y,address=127.0.0.1:58181,--add-opens,java.base/java.util=ALL-UNNAMED,--add-opens,java.base/java.lang=ALL-UNNAMED,--add-opens,java.base/java.lang.invoke=ALL-UNNAMED,--add-opens,java.prefs/java.util.prefs=ALL-UNNAMED,-Xms256m,-Xmx512m,-Dfile.encoding=windows-1252,-Duser.country=IE,-Duser.language=en,-Duser.variant]
2021-03-23T18:26:59.255+0000 [DEBUG] [org.gradle.launcher.daemon.registry.PersistentDaemonRegistry] Storing daemon address: [5ab3a912-2a91-4513-b4d6-7a965715edc9 port:58186, addresses:[localhost/127.0.0.1]], context: DefaultDaemonContext[uid=85fe9949-3c3d-4595-b3b1-ac1e6a965dee,javaHome=C:\Program Files\Java\jdk-15,daemonRegistryDir=C:\Users\el_ez\Mou\app\.gradle\daemon,pid=13476,idleTimeout=10800000,priority=NORMAL,daemonOpts=-XX:MaxMetaspaceSize=256m,-XX:+HeapDumpOnOutOfMemoryError,-agentlib:jdwp=transport=dt_socket,server=n,suspend=y,address=127.0.0.1:58181,--add-opens,java.base/java.util=ALL-UNNAMED,--add-opens,java.base/java.lang=ALL-UNNAMED,--add-opens,java.base/java.lang.invoke=ALL-UNNAMED,--add-opens,java.prefs/java.util.prefs=ALL-UNNAMED,-Xms256m,-Xmx512m,-Dfile.encoding=windows-1252,-Duser.country=IE,-Duser.language=en,-Duser.variant]
2021-03-23T18:26:59.263+0000 [DEBUG] [org.gradle.cache.internal.DefaultFileLockManager] Waiting to acquire exclusive lock on daemon addresses registry.
2021-03-23T18:26:59.265+0000 [DEBUG] [org.gradle.cache.internal.DefaultFileLockManager] Lock acquired on daemon addresses registry.
2021-03-23T18:26:59.270+0000 [DEBUG] [org.gradle.cache.internal.DefaultFileLockManager] Releasing lock on daemon addresses registry.
2021-03-23T18:26:59.270+0000 [LIFECYCLE] [org.gradle.launcher.daemon.server.Daemon] Daemon server started.
2021-03-23T18:26:59.271+0000 [DEBUG] [org.gradle.launcher.daemon.bootstrap.DaemonStartupCommunication] Completed writing the daemon greeting. Closing streams...
2021-03-23T18:26:59.275+0000 [DEBUG] [org.gradle.launcher.daemon.server.Daemon] stopOnExpiration() called on daemon
2021-03-23T18:26:59.275+0000 [DEBUG] [org.gradle.internal.remote.internal.inet.TcpIncomingConnector] Accepted connection from /127.0.0.1:58187 to /127.0.0.1:58186.
2021-03-23T18:26:59.275+0000 [DEBUG] [org.gradle.launcher.daemon.server.Daemon] awaitExpiration() called on daemon
2021-03-23T18:26:59.276+0000 [DEBUG] [org.gradle.launcher.daemon.server.DaemonStateCoordinator] daemon is running. Sleeping until state changes.
2021-03-23T18:26:59.311+0000 [DEBUG] [org.gradle.launcher.daemon.server.SynchronizedDispatchConnection] thread 24: received class org.gradle.launcher.daemon.protocol.Build
2021-03-23T18:26:59.311+0000 [DEBUG] [org.gradle.launcher.daemon.server.DefaultDaemonConnection] thread 24: Received non-IO message from client: Build{id=69fd32c2-592f-430e-bce4-c253f9d9de1b, currentDir=C:\Users\el_ez\IdeaProjects\gui}
2021-03-23T18:26:59.312+0000 [INFO] [org.gradle.launcher.daemon.server.DefaultIncomingConnectionHandler] Received command: Build{id=69fd32c2-592f-430e-bce4-c253f9d9de1b, currentDir=C:\Users\el_ez\IdeaProjects\gui}.
2021-03-23T18:26:59.312+0000 [DEBUG] [org.gradle.launcher.daemon.server.DefaultIncomingConnectionHandler] Starting executing command: Build{id=69fd32c2-592f-430e-bce4-c253f9d9de1b, currentDir=C:\Users\el_ez\IdeaProjects\gui} with connection: socket connection from /127.0.0.1:58186 to /127.0.0.1:58187.
2021-03-23T18:26:59.314+0000 [ERROR] [org.gradle.launcher.daemon.server.DaemonStateCoordinator] Command execution: started DaemonCommandExecution[command = Build{id=69fd32c2-592f-430e-bce4-c253f9d9de1b, currentDir=C:\Users\el_ez\IdeaProjects\gui}, connection = DefaultDaemonConnection: socket connection from /127.0.0.1:58186 to /127.0.0.1:58187] after 0.0 minutes of idle
2021-03-23T18:26:59.314+0000 [INFO] [org.gradle.launcher.daemon.server.DaemonRegistryUpdater] Marking the daemon as busy, address: [5ab3a912-2a91-4513-b4d6-7a965715edc9 port:58186, addresses:[localhost/127.0.0.1]]
2021-03-23T18:26:59.315+0000 [DEBUG] [org.gradle.launcher.daemon.registry.PersistentDaemonRegistry] Marking busy by address: [5ab3a912-2a91-4513-b4d6-7a965715edc9 port:58186, addresses:[localhost/127.0.0.1]]
2021-03-23T18:26:59.316+0000 [DEBUG] [org.gradle.cache.internal.DefaultFileLockManager] Waiting to acquire exclusive lock on daemon addresses registry.
2021-03-23T18:26:59.316+0000 [DEBUG] [org.gradle.cache.internal.DefaultFileLockManager] Lock acquired on daemon addresses registry.
2021-03-23T18:26:59.317+0000 [DEBUG] [org.gradle.cache.internal.DefaultFileLockManager] Releasing lock on daemon addresses registry.
2021-03-23T18:26:59.317+0000 [DEBUG] [org.gradle.launcher.daemon.server.DaemonStateCoordinator] resetting idle timer
2021-03-23T18:26:59.317+0000 [DEBUG] [org.gradle.launcher.daemon.server.DaemonStateCoordinator] daemon is running. Sleeping until state changes.
2021-03-23T18:26:59.318+0000 [INFO] [org.gradle.launcher.daemon.server.exec.StartBuildOrRespondWithBusy] Daemon is about to start building Build{id=69fd32c2-592f-430e-bce4-c253f9d9de1b, currentDir=C:\Users\el_ez\IdeaProjects\gui}. Dispatching build started information...
2021-03-23T18:26:59.318+0000 [DEBUG] [org.gradle.launcher.daemon.server.SynchronizedDispatchConnection] thread 26: dispatching org.gradle.launcher.daemon.protocol.BuildStarted@a0589b7
2021-03-23T18:26:59.319+0000 [DEBUG] [org.gradle.launcher.daemon.server.exec.EstablishBuildEnvironment] Configuring env variables: [USERDOMAIN_ROAMINGPROFILE, PROCESSOR_LEVEL, SESSIONNAME, ALLUSERSPROFILE, PROCESSOR_ARCHITECTURE, PSModulePath, SystemDrive, =E:, USERNAME, ProgramFiles(x86), FPS_BROWSER_USER_PROFILE_STRING, PATHEXT, DriverData, OneDriveConsumer, IntelliJ IDEA Community Edition, PyCharm Community Edition, ProgramData, ProgramW6432, HOMEPATH, PROCESSOR_IDENTIFIER, ProgramFiles, PUBLIC, windir, =::, LOCALAPPDATA, USERDOMAIN, LOGONSERVER, FPS_BROWSER_APP_PROFILE_STRING, JAVA_HOME, =G:, OneDrive, APPDATA, VBOX_MSI_INSTALL_PATH, CommonProgramFiles, Path, OS, COMPUTERNAME, PROCESSOR_REVISION, CommonProgramW6432, ComSpec, =D:, TEMP, SystemRoot, HOMEDRIVE, USERPROFILE, TMP, CommonProgramFiles(x86), NUMBER_OF_PROCESSORS, IDEA_INITIAL_DIRECTORY]
2021-03-23T18:26:59.323+0000 [DEBUG] [org.gradle.launcher.daemon.server.exec.LogToClient] About to start relaying all logs to the client via the connection.
2021-03-23T18:26:59.324+0000 [INFO] [org.gradle.launcher.daemon.server.exec.LogToClient] The client will now receive all logging from the daemon (pid: 13476). The daemon log file: C:\Users\el_ez\Mou\app\.gradle\daemon\6.7\daemon-13476.out.log
2021-03-23T18:26:59.325+0000 [INFO] [org.gradle.launcher.daemon.server.exec.LogAndCheckHealth] Starting build in new daemon [memory: 536.9 MB]
2021-03-23T18:26:59.330+0000 [DEBUG] [org.gradle.launcher.daemon.server.exec.ExecuteBuild] The daemon has started executing the build.
2021-03-23T18:26:59.330+0000 [DEBUG] [org.gradle.launcher.daemon.server.exec.ExecuteBuild] Executing build with daemon context: DefaultDaemonContext[uid=85fe9949-3c3d-4595-b3b1-ac1e6a965dee,javaHome=C:\Program Files\Java\jdk-15,daemonRegistryDir=C:\Users\el_ez\Mou\app\.gradle\daemon,pid=13476,idleTimeout=10800000,priority=NORMAL,daemonOpts=-XX:MaxMetaspaceSize=256m,-XX:+HeapDumpOnOutOfMemoryError,-agentlib:jdwp=transport=dt_socket,server=n,suspend=y,address=127.0.0.1:58181,--add-opens,java.base/java.util=ALL-UNNAMED,--add-opens,java.base/java.lang=ALL-UNNAMED,--add-opens,java.base/java.lang.invoke=ALL-UNNAMED,--add-opens,java.prefs/java.util.prefs=ALL-UNNAMED,-Xms256m,-Xmx512m,-Dfile.encoding=windows-1252,-Duser.country=IE,-Duser.language=en,-Duser.variant]
Project : => no module-info.java found
Exception in Application start method
java.lang.reflect.InvocationTargetException
	at java.base/jdk.internal.reflect.NativeMethodAccessorImpl.invoke0(Native Method)
	at java.base/jdk.internal.reflect.NativeMethodAccessorImpl.invoke(NativeMethodAccessorImpl.java:64)
	at java.base/jdk.internal.reflect.DelegatingMethodAccessorImpl.invoke(DelegatingMethodAccessorImpl.java:43)
	at java.base/java.lang.reflect.Method.invoke(Method.java:564)
	at javafx.graphics/com.sun.javafx.application.LauncherImpl.launchApplicationWithArgs(LauncherImpl.java:464)
	at javafx.graphics/com.sun.javafx.application.LauncherImpl.launchApplication(LauncherImpl.java:363)
	at java.base/jdk.internal.reflect.NativeMethodAccessorImpl.invoke0(Native Method)
	at java.base/jdk.internal.reflect.NativeMethodAccessorImpl.invoke(NativeMethodAccessorImpl.java:64)
	at java.base/jdk.internal.reflect.DelegatingMethodAccessorImpl.invoke(DelegatingMethodAccessorImpl.java:43)
	at java.base/java.lang.reflect.Method.invoke(Method.java:564)
	at java.base/sun.launcher.LauncherHelper$FXHelper.main(LauncherHelper.java:1071)
Caused by: java.lang.RuntimeException: Exception in Application start method
	at javafx.graphics/com.sun.javafx.application.LauncherImpl.launchApplication1(LauncherImpl.java:900)
	at javafx.graphics/com.sun.javafx.application.LauncherImpl.lambda$launchApplication$2(LauncherImpl.java:195)
	at java.base/java.lang.Thread.run(Thread.java:832)
Caused by: javafx.fxml.LoadException: Invalid resource: /img/Mou.png not found on the classpath
/C:/Users/el_ez/IdeaProjects/gui/build/resources/main/org/mou/mou.fxml:35

	at javafx.fxml/javafx.fxml.FXMLLoader.constructLoadException(FXMLLoader.java:2703)
	at javafx.fxml/javafx.fxml.FXMLLoader$Element.resolvePrefixedValue(FXMLLoader.java:408)
	at javafx.fxml/javafx.fxml.FXMLLoader$Element.processValue(FXMLLoader.java:372)
	at javafx.fxml/javafx.fxml.FXMLLoader$Element.processPropertyAttribute(FXMLLoader.java:334)
	at javafx.fxml/javafx.fxml.FXMLLoader$Element.processInstancePropertyAttributes(FXMLLoader.java:244)
	at javafx.fxml/javafx.fxml.FXMLLoader$ValueElement.processStartElement(FXMLLoader.java:759)
	at javafx.fxml/javafx.fxml.FXMLLoader.processStartElement(FXMLLoader.java:2808)
	at javafx.fxml/javafx.fxml.FXMLLoader.loadImpl(FXMLLoader.java:2634)
	at javafx.fxml/javafx.fxml.FXMLLoader.loadImpl(FXMLLoader.java:2548)
	at javafx.fxml/javafx.fxml.FXMLLoader.loadImpl(FXMLLoader.java:3323)
	at javafx.fxml/javafx.fxml.FXMLLoader.loadImpl(FXMLLoader.java:3280)
	at javafx.fxml/javafx.fxml.FXMLLoader.loadImpl(FXMLLoader.java:3249)
	at javafx.fxml/javafx.fxml.FXMLLoader.loadImpl(FXMLLoader.java:3222)
	at javafx.fxml/javafx.fxml.FXMLLoader.loadImpl(FXMLLoader.java:3199)
	at javafx.fxml/javafx.fxml.FXMLLoader.load(FXMLLoader.java:3192)
	at org.mou.Main.start(Main.java:14)
	at javafx.graphics/com.sun.javafx.application.LauncherImpl.lambda$launchApplication1$9(LauncherImpl.java:846)
	at javafx.graphics/com.sun.javafx.application.PlatformImpl.lambda$runAndWait$12(PlatformImpl.java:474)
	at javafx.graphics/com.sun.javafx.application.PlatformImpl.lambda$runLater$10(PlatformImpl.java:447)
	at java.base/java.security.AccessController.doPrivileged(AccessController.java:391)
	at javafx.graphics/com.sun.javafx.application.PlatformImpl.lambda$runLater$11(PlatformImpl.java:446)
	at javafx.graphics/com.sun.glass.ui.InvokeLaterDispatcher$Future.run(InvokeLaterDispatcher.java:96)
	at javafx.graphics/com.sun.glass.ui.win.WinApplication._runLoop(Native Method)
	at javafx.graphics/com.sun.glass.ui.win.WinApplication.lambda$runLoop$3(WinApplication.java:174)
	... 1 more
Exception running application org.mou.Main

FAILURE: Build failed with an exception.

* What went wrong:
Execution failed for task ':run'.
> Process 'command 'C:\Program Files\Java\jdk-15\bin\java.exe'' finished with non-zero exit value 1

* Try:
Run with --stacktrace option to get the stack trace. Run with --info or --debug option to get more log output. Run with --scan to get full insights.

* Get more help at https://help.gradle.org

BUILD FAILED in 12s
4 actionable tasks: 4 executed

Publishing a build scan to scans.gradle.com requires accepting the Gradle Terms of Service defined at https://gradle.com/terms-of-service. Do you accept these terms? [yes, no] 