2021-04-17T01:07:05.219+0100 [DEBUG] [org.gradle.launcher.daemon.bootstrap.DaemonMain] Assuming the daemon was started with following jvm opts: [--add-opens, java.base/java.util=ALL-UNNAMED, --add-opens, java.base/java.lang=ALL-UNNAMED, --add-opens, java.base/java.lang.invoke=ALL-UNNAMED, --add-opens, java.prefs/java.util.prefs=ALL-UNNAMED, -XX:MaxMetaspaceSize=256m, -XX:+HeapDumpOnOutOfMemoryError, -Xms256m, -Xmx512m, -Dfile.encoding=windows-1252, -Duser.country=IE, -Duser.language=en, -Duser.variant]
2021-04-17T01:07:05.295+0100 [DEBUG] [org.gradle.internal.nativeintegration.services.NativeServices] Native-platform posix files integration is not available. Continuing with fallback.
2021-04-17T01:07:05.311+0100 [INFO] [org.gradle.launcher.daemon.server.Daemon] start() called on daemon - DefaultDaemonContext[uid=6a3beb5d-2e04-44b8-97eb-b1e933113d62,javaHome=C:\Program Files\Java\jdk-15,daemonRegistryDir=C:\Users\el_ez\Mou\app\.gradle\daemon,pid=1284,idleTimeout=10800000,priority=NORMAL,daemonOpts=--add-opens,java.base/java.util=ALL-UNNAMED,--add-opens,java.base/java.lang=ALL-UNNAMED,--add-opens,java.base/java.lang.invoke=ALL-UNNAMED,--add-opens,java.prefs/java.util.prefs=ALL-UNNAMED,-XX:MaxMetaspaceSize=256m,-XX:+HeapDumpOnOutOfMemoryError,-Xms256m,-Xmx512m,-Dfile.encoding=windows-1252,-Duser.country=IE,-Duser.language=en,-Duser.variant]
2021-04-17T01:07:05.371+0100 [DEBUG] [org.gradle.internal.remote.internal.inet.InetAddresses] Adding IP addresses for network interface Software Loopback Interface 1
2021-04-17T01:07:05.373+0100 [DEBUG] [org.gradle.internal.remote.internal.inet.InetAddresses] Is this a loopback interface? true
2021-04-17T01:07:05.374+0100 [DEBUG] [org.gradle.internal.remote.internal.inet.InetAddresses] Adding loopback address /127.0.0.1
2021-04-17T01:07:05.375+0100 [DEBUG] [org.gradle.internal.remote.internal.inet.InetAddresses] Adding loopback address /0:0:0:0:0:0:0:1
2021-04-17T01:07:05.377+0100 [DEBUG] [org.gradle.internal.remote.internal.inet.InetAddresses] Adding IP addresses for network interface WAN Miniport (PPPOE)
2021-04-17T01:07:05.379+0100 [DEBUG] [org.gradle.internal.remote.internal.inet.InetAddresses] Is this a loopback interface? false
2021-04-17T01:07:05.379+0100 [DEBUG] [org.gradle.internal.remote.internal.inet.InetAddresses] Adding IP addresses for network interface Microsoft 6to4 Adapter
2021-04-17T01:07:05.381+0100 [DEBUG] [org.gradle.internal.remote.internal.inet.InetAddresses] Is this a loopback interface? false
2021-04-17T01:07:05.381+0100 [DEBUG] [org.gradle.internal.remote.internal.inet.InetAddresses] Adding IP addresses for network interface WAN Miniport (L2TP)
2021-04-17T01:07:05.382+0100 [DEBUG] [org.gradle.internal.remote.internal.inet.InetAddresses] Is this a loopback interface? false
2021-04-17T01:07:05.382+0100 [DEBUG] [org.gradle.internal.remote.internal.inet.InetAddresses] Adding IP addresses for network interface TP-Link Wireless USB Adapter
2021-04-17T01:07:05.384+0100 [DEBUG] [org.gradle.internal.remote.internal.inet.InetAddresses] Is this a loopback interface? false
2021-04-17T01:07:05.384+0100 [DEBUG] [org.gradle.internal.remote.internal.inet.InetAddresses] Adding remote address /192.168.1.7
2021-04-17T01:07:05.384+0100 [DEBUG] [org.gradle.internal.remote.internal.inet.InetAddresses] Adding remote address /2001:bb6:4eba:8300:3044:3c83:5940:c1f8
2021-04-17T01:07:05.384+0100 [DEBUG] [org.gradle.internal.remote.internal.inet.InetAddresses] Adding remote address /2001:bb6:4eba:8300:38e1:cca1:452:62b3
2021-04-17T01:07:05.385+0100 [DEBUG] [org.gradle.internal.remote.internal.inet.InetAddresses] Adding remote address /fe80:0:0:0:3044:3c83:5940:c1f8%wlan0
2021-04-17T01:07:05.385+0100 [DEBUG] [org.gradle.internal.remote.internal.inet.InetAddresses] Adding IP addresses for network interface WAN Miniport (Network Monitor)
2021-04-17T01:07:05.386+0100 [DEBUG] [org.gradle.internal.remote.internal.inet.InetAddresses] Is this a loopback interface? false
2021-04-17T01:07:05.386+0100 [DEBUG] [org.gradle.internal.remote.internal.inet.InetAddresses] Adding IP addresses for network interface Microsoft IP-HTTPS Platform Adapter
2021-04-17T01:07:05.388+0100 [DEBUG] [org.gradle.internal.remote.internal.inet.InetAddresses] Is this a loopback interface? false
2021-04-17T01:07:05.388+0100 [DEBUG] [org.gradle.internal.remote.internal.inet.InetAddresses] Adding IP addresses for network interface WAN Miniport (SSTP)
2021-04-17T01:07:05.389+0100 [DEBUG] [org.gradle.internal.remote.internal.inet.InetAddresses] Is this a loopback interface? false
2021-04-17T01:07:05.390+0100 [DEBUG] [org.gradle.internal.remote.internal.inet.InetAddresses] Adding IP addresses for network interface Realtek PCIe GbE Family Controller
2021-04-17T01:07:05.391+0100 [DEBUG] [org.gradle.internal.remote.internal.inet.InetAddresses] Is this a loopback interface? false
2021-04-17T01:07:05.391+0100 [DEBUG] [org.gradle.internal.remote.internal.inet.InetAddresses] Adding remote address /fe80:0:0:0:396a:8dda:328c:ac8c%eth1
2021-04-17T01:07:05.391+0100 [DEBUG] [org.gradle.internal.remote.internal.inet.InetAddresses] Adding IP addresses for network interface WAN Miniport (IKEv2)
2021-04-17T01:07:05.392+0100 [DEBUG] [org.gradle.internal.remote.internal.inet.InetAddresses] Is this a loopback interface? false
2021-04-17T01:07:05.393+0100 [DEBUG] [org.gradle.internal.remote.internal.inet.InetAddresses] Adding IP addresses for network interface Microsoft Teredo Tunneling Adapter
2021-04-17T01:07:05.394+0100 [DEBUG] [org.gradle.internal.remote.internal.inet.InetAddresses] Is this a loopback interface? false
2021-04-17T01:07:05.394+0100 [DEBUG] [org.gradle.internal.remote.internal.inet.InetAddresses] Adding IP addresses for network interface WAN Miniport (IPv6)
2021-04-17T01:07:05.396+0100 [DEBUG] [org.gradle.internal.remote.internal.inet.InetAddresses] Is this a loopback interface? false
2021-04-17T01:07:05.396+0100 [DEBUG] [org.gradle.internal.remote.internal.inet.InetAddresses] Adding IP addresses for network interface Microsoft Kernel Debug Network Adapter
2021-04-17T01:07:05.397+0100 [DEBUG] [org.gradle.internal.remote.internal.inet.InetAddresses] Is this a loopback interface? false
2021-04-17T01:07:05.397+0100 [DEBUG] [org.gradle.internal.remote.internal.inet.InetAddresses] Adding IP addresses for network interface VirtualBox Host-Only Ethernet Adapter
2021-04-17T01:07:05.398+0100 [DEBUG] [org.gradle.internal.remote.internal.inet.InetAddresses] Is this a loopback interface? false
2021-04-17T01:07:05.399+0100 [DEBUG] [org.gradle.internal.remote.internal.inet.InetAddresses] Adding remote address /192.168.56.1
2021-04-17T01:07:05.399+0100 [DEBUG] [org.gradle.internal.remote.internal.inet.InetAddresses] Adding remote address /fe80:0:0:0:c508:f31:2b0b:24c3%eth4
2021-04-17T01:07:05.399+0100 [DEBUG] [org.gradle.internal.remote.internal.inet.InetAddresses] Adding IP addresses for network interface WAN Miniport (PPTP)
2021-04-17T01:07:05.400+0100 [DEBUG] [org.gradle.internal.remote.internal.inet.InetAddresses] Is this a loopback interface? false
2021-04-17T01:07:05.401+0100 [DEBUG] [org.gradle.internal.remote.internal.inet.InetAddresses] Adding IP addresses for network interface Microsoft Wi-Fi Direct Virtual Adapter #2
2021-04-17T01:07:05.402+0100 [DEBUG] [org.gradle.internal.remote.internal.inet.InetAddresses] Is this a loopback interface? false
2021-04-17T01:07:05.402+0100 [DEBUG] [org.gradle.internal.remote.internal.inet.InetAddresses] Adding remote address /fe80:0:0:0:d1e3:a8ea:700f:d0ef%wlan1
2021-04-17T01:07:05.402+0100 [DEBUG] [org.gradle.internal.remote.internal.inet.InetAddresses] Adding IP addresses for network interface Microsoft Wi-Fi Direct Virtual Adapter
2021-04-17T01:07:05.404+0100 [DEBUG] [org.gradle.internal.remote.internal.inet.InetAddresses] Is this a loopback interface? false
2021-04-17T01:07:05.404+0100 [DEBUG] [org.gradle.internal.remote.internal.inet.InetAddresses] Adding remote address /fe80:0:0:0:6ca5:2323:4928:b891%wlan2
2021-04-17T01:07:05.404+0100 [DEBUG] [org.gradle.internal.remote.internal.inet.InetAddresses] Adding IP addresses for network interface WAN Miniport (IP)
2021-04-17T01:07:05.405+0100 [DEBUG] [org.gradle.internal.remote.internal.inet.InetAddresses] Is this a loopback interface? false
2021-04-17T01:07:05.406+0100 [DEBUG] [org.gradle.internal.remote.internal.inet.InetAddresses] Adding IP addresses for network interface VirtualBox Host-Only Ethernet Adapter-WFP Native MAC Layer LightWeight Filter-0000
2021-04-17T01:07:05.407+0100 [DEBUG] [org.gradle.internal.remote.internal.inet.InetAddresses] Is this a loopback interface? false
2021-04-17T01:07:05.407+0100 [DEBUG] [org.gradle.internal.remote.internal.inet.InetAddresses] Adding IP addresses for network interface VirtualBox Host-Only Ethernet Adapter-QoS Packet Scheduler-0000
2021-04-17T01:07:05.409+0100 [DEBUG] [org.gradle.internal.remote.internal.inet.InetAddresses] Is this a loopback interface? false
2021-04-17T01:07:05.409+0100 [DEBUG] [org.gradle.internal.remote.internal.inet.InetAddresses] Adding IP addresses for network interface VirtualBox Host-Only Ethernet Adapter-WFP 802.3 MAC Layer LightWeight Filter-0000
2021-04-17T01:07:05.410+0100 [DEBUG] [org.gradle.internal.remote.internal.inet.InetAddresses] Is this a loopback interface? false
2021-04-17T01:07:05.410+0100 [DEBUG] [org.gradle.internal.remote.internal.inet.InetAddresses] Adding IP addresses for network interface Realtek PCIe GbE Family Controller-WFP Native MAC Layer LightWeight Filter-0000
2021-04-17T01:07:05.412+0100 [DEBUG] [org.gradle.internal.remote.internal.inet.InetAddresses] Is this a loopback interface? false
2021-04-17T01:07:05.412+0100 [DEBUG] [org.gradle.internal.remote.internal.inet.InetAddresses] Adding IP addresses for network interface Realtek PCIe GbE Family Controller-VirtualBox NDIS Light-Weight Filter-0000
2021-04-17T01:07:05.413+0100 [DEBUG] [org.gradle.internal.remote.internal.inet.InetAddresses] Is this a loopback interface? false
2021-04-17T01:07:05.413+0100 [DEBUG] [org.gradle.internal.remote.internal.inet.InetAddresses] Adding IP addresses for network interface Realtek PCIe GbE Family Controller-QoS Packet Scheduler-0000
2021-04-17T01:07:05.414+0100 [DEBUG] [org.gradle.internal.remote.internal.inet.InetAddresses] Is this a loopback interface? false
2021-04-17T01:07:05.414+0100 [DEBUG] [org.gradle.internal.remote.internal.inet.InetAddresses] Adding IP addresses for network interface Realtek PCIe GbE Family Controller-WFP 802.3 MAC Layer LightWeight Filter-0000
2021-04-17T01:07:05.416+0100 [DEBUG] [org.gradle.internal.remote.internal.inet.InetAddresses] Is this a loopback interface? false
2021-04-17T01:07:05.416+0100 [DEBUG] [org.gradle.internal.remote.internal.inet.InetAddresses] Adding IP addresses for network interface TP-Link Wireless USB Adapter-WFP Native MAC Layer LightWeight Filter-0000
2021-04-17T01:07:05.418+0100 [DEBUG] [org.gradle.internal.remote.internal.inet.InetAddresses] Is this a loopback interface? false
2021-04-17T01:07:05.418+0100 [DEBUG] [org.gradle.internal.remote.internal.inet.InetAddresses] Adding IP addresses for network interface TP-Link Wireless USB Adapter-Virtual WiFi Filter Driver-0000
2021-04-17T01:07:05.419+0100 [DEBUG] [org.gradle.internal.remote.internal.inet.InetAddresses] Is this a loopback interface? false
2021-04-17T01:07:05.420+0100 [DEBUG] [org.gradle.internal.remote.internal.inet.InetAddresses] Adding IP addresses for network interface TP-Link Wireless USB Adapter-Native WiFi Filter Driver-0000
2021-04-17T01:07:05.421+0100 [DEBUG] [org.gradle.internal.remote.internal.inet.InetAddresses] Is this a loopback interface? false
2021-04-17T01:07:05.421+0100 [DEBUG] [org.gradle.internal.remote.internal.inet.InetAddresses] Adding IP addresses for network interface TP-Link Wireless USB Adapter-VirtualBox NDIS Light-Weight Filter-0000
2021-04-17T01:07:05.423+0100 [DEBUG] [org.gradle.internal.remote.internal.inet.InetAddresses] Is this a loopback interface? false
2021-04-17T01:07:05.423+0100 [DEBUG] [org.gradle.internal.remote.internal.inet.InetAddresses] Adding IP addresses for network interface TP-Link Wireless USB Adapter-QoS Packet Scheduler-0000
2021-04-17T01:07:05.424+0100 [DEBUG] [org.gradle.internal.remote.internal.inet.InetAddresses] Is this a loopback interface? false
2021-04-17T01:07:05.424+0100 [DEBUG] [org.gradle.internal.remote.internal.inet.InetAddresses] Adding IP addresses for network interface TP-Link Wireless USB Adapter-WFP 802.3 MAC Layer LightWeight Filter-0000
2021-04-17T01:07:05.426+0100 [DEBUG] [org.gradle.internal.remote.internal.inet.InetAddresses] Is this a loopback interface? false
2021-04-17T01:07:05.426+0100 [DEBUG] [org.gradle.internal.remote.internal.inet.InetAddresses] Adding IP addresses for network interface Microsoft Wi-Fi Direct Virtual Adapter-WFP Native MAC Layer LightWeight Filter-0000
2021-04-17T01:07:05.427+0100 [DEBUG] [org.gradle.internal.remote.internal.inet.InetAddresses] Is this a loopback interface? false
2021-04-17T01:07:05.427+0100 [DEBUG] [org.gradle.internal.remote.internal.inet.InetAddresses] Adding IP addresses for network interface Microsoft Wi-Fi Direct Virtual Adapter-Native WiFi Filter Driver-0000
2021-04-17T01:07:05.428+0100 [DEBUG] [org.gradle.internal.remote.internal.inet.InetAddresses] Is this a loopback interface? false
2021-04-17T01:07:05.429+0100 [DEBUG] [org.gradle.internal.remote.internal.inet.InetAddresses] Adding IP addresses for network interface WAN Miniport (IP)-WFP Native MAC Layer LightWeight Filter-0000
2021-04-17T01:07:05.430+0100 [DEBUG] [org.gradle.internal.remote.internal.inet.InetAddresses] Is this a loopback interface? false
2021-04-17T01:07:05.430+0100 [DEBUG] [org.gradle.internal.remote.internal.inet.InetAddresses] Adding IP addresses for network interface WAN Miniport (IP)-QoS Packet Scheduler-0000
2021-04-17T01:07:05.431+0100 [DEBUG] [org.gradle.internal.remote.internal.inet.InetAddresses] Is this a loopback interface? false
2021-04-17T01:07:05.432+0100 [DEBUG] [org.gradle.internal.remote.internal.inet.InetAddresses] Adding IP addresses for network interface WAN Miniport (IPv6)-WFP Native MAC Layer LightWeight Filter-0000
2021-04-17T01:07:05.433+0100 [DEBUG] [org.gradle.internal.remote.internal.inet.InetAddresses] Is this a loopback interface? false
2021-04-17T01:07:05.433+0100 [DEBUG] [org.gradle.internal.remote.internal.inet.InetAddresses] Adding IP addresses for network interface WAN Miniport (IPv6)-QoS Packet Scheduler-0000
2021-04-17T01:07:05.434+0100 [DEBUG] [org.gradle.internal.remote.internal.inet.InetAddresses] Is this a loopback interface? false
2021-04-17T01:07:05.434+0100 [DEBUG] [org.gradle.internal.remote.internal.inet.InetAddresses] Adding IP addresses for network interface WAN Miniport (Network Monitor)-WFP Native MAC Layer LightWeight Filter-0000
2021-04-17T01:07:05.435+0100 [DEBUG] [org.gradle.internal.remote.internal.inet.InetAddresses] Is this a loopback interface? false
2021-04-17T01:07:05.436+0100 [DEBUG] [org.gradle.internal.remote.internal.inet.InetAddresses] Adding IP addresses for network interface WAN Miniport (Network Monitor)-QoS Packet Scheduler-0000
2021-04-17T01:07:05.437+0100 [DEBUG] [org.gradle.internal.remote.internal.inet.InetAddresses] Is this a loopback interface? false
2021-04-17T01:07:05.437+0100 [DEBUG] [org.gradle.internal.remote.internal.inet.InetAddresses] Adding IP addresses for network interface Microsoft Wi-Fi Direct Virtual Adapter-VirtualBox NDIS Light-Weight Filter-0000
2021-04-17T01:07:05.438+0100 [DEBUG] [org.gradle.internal.remote.internal.inet.InetAddresses] Is this a loopback interface? false
2021-04-17T01:07:05.438+0100 [DEBUG] [org.gradle.internal.remote.internal.inet.InetAddresses] Adding IP addresses for network interface Microsoft Wi-Fi Direct Virtual Adapter-QoS Packet Scheduler-0000
2021-04-17T01:07:05.440+0100 [DEBUG] [org.gradle.internal.remote.internal.inet.InetAddresses] Is this a loopback interface? false
2021-04-17T01:07:05.440+0100 [DEBUG] [org.gradle.internal.remote.internal.inet.InetAddresses] Adding IP addresses for network interface Microsoft Wi-Fi Direct Virtual Adapter-WFP 802.3 MAC Layer LightWeight Filter-0000
2021-04-17T01:07:05.441+0100 [DEBUG] [org.gradle.internal.remote.internal.inet.InetAddresses] Is this a loopback interface? false
2021-04-17T01:07:05.441+0100 [DEBUG] [org.gradle.internal.remote.internal.inet.InetAddresses] Adding IP addresses for network interface Microsoft Wi-Fi Direct Virtual Adapter #2-WFP Native MAC Layer LightWeight Filter-0000
2021-04-17T01:07:05.443+0100 [DEBUG] [org.gradle.internal.remote.internal.inet.InetAddresses] Is this a loopback interface? false
2021-04-17T01:07:05.443+0100 [DEBUG] [org.gradle.internal.remote.internal.inet.InetAddresses] Adding IP addresses for network interface Microsoft Wi-Fi Direct Virtual Adapter #2-Native WiFi Filter Driver-0000
2021-04-17T01:07:05.444+0100 [DEBUG] [org.gradle.internal.remote.internal.inet.InetAddresses] Is this a loopback interface? false
2021-04-17T01:07:05.444+0100 [DEBUG] [org.gradle.internal.remote.internal.inet.InetAddresses] Adding IP addresses for network interface Microsoft Wi-Fi Direct Virtual Adapter #2-VirtualBox NDIS Light-Weight Filter-0000
2021-04-17T01:07:05.446+0100 [DEBUG] [org.gradle.internal.remote.internal.inet.InetAddresses] Is this a loopback interface? false
2021-04-17T01:07:05.446+0100 [DEBUG] [org.gradle.internal.remote.internal.inet.InetAddresses] Adding IP addresses for network interface Microsoft Wi-Fi Direct Virtual Adapter #2-QoS Packet Scheduler-0000
2021-04-17T01:07:05.447+0100 [DEBUG] [org.gradle.internal.remote.internal.inet.InetAddresses] Is this a loopback interface? false
2021-04-17T01:07:05.447+0100 [DEBUG] [org.gradle.internal.remote.internal.inet.InetAddresses] Adding IP addresses for network interface Microsoft Wi-Fi Direct Virtual Adapter #2-WFP 802.3 MAC Layer LightWeight Filter-0000
2021-04-17T01:07:05.449+0100 [DEBUG] [org.gradle.internal.remote.internal.inet.InetAddresses] Is this a loopback interface? false
2021-04-17T01:07:05.453+0100 [DEBUG] [org.gradle.internal.remote.internal.inet.TcpIncomingConnector] Listening on [0a43b542-a72c-4b6e-8db5-c1700abcf7b5 port:53537, addresses:[localhost/127.0.0.1]].
2021-04-17T01:07:05.459+0100 [DEBUG] [org.gradle.launcher.daemon.server.Daemon] Daemon starting at: Sat Apr 17 01:07:05 IST 2021, with address: [0a43b542-a72c-4b6e-8db5-c1700abcf7b5 port:53537, addresses:[localhost/127.0.0.1]]
2021-04-17T01:07:05.459+0100 [INFO] [org.gradle.launcher.daemon.server.DaemonRegistryUpdater] Advertising the daemon address to the clients: [0a43b542-a72c-4b6e-8db5-c1700abcf7b5 port:53537, addresses:[localhost/127.0.0.1]]
2021-04-17T01:07:05.460+0100 [DEBUG] [org.gradle.launcher.daemon.server.DaemonRegistryUpdater] Advertised daemon context: DefaultDaemonContext[uid=6a3beb5d-2e04-44b8-97eb-b1e933113d62,javaHome=C:\Program Files\Java\jdk-15,daemonRegistryDir=C:\Users\el_ez\Mou\app\.gradle\daemon,pid=1284,idleTimeout=10800000,priority=NORMAL,daemonOpts=--add-opens,java.base/java.util=ALL-UNNAMED,--add-opens,java.base/java.lang=ALL-UNNAMED,--add-opens,java.base/java.lang.invoke=ALL-UNNAMED,--add-opens,java.prefs/java.util.prefs=ALL-UNNAMED,-XX:MaxMetaspaceSize=256m,-XX:+HeapDumpOnOutOfMemoryError,-Xms256m,-Xmx512m,-Dfile.encoding=windows-1252,-Duser.country=IE,-Duser.language=en,-Duser.variant]
2021-04-17T01:07:05.460+0100 [DEBUG] [org.gradle.launcher.daemon.registry.PersistentDaemonRegistry] Storing daemon address: [0a43b542-a72c-4b6e-8db5-c1700abcf7b5 port:53537, addresses:[localhost/127.0.0.1]], context: DefaultDaemonContext[uid=6a3beb5d-2e04-44b8-97eb-b1e933113d62,javaHome=C:\Program Files\Java\jdk-15,daemonRegistryDir=C:\Users\el_ez\Mou\app\.gradle\daemon,pid=1284,idleTimeout=10800000,priority=NORMAL,daemonOpts=--add-opens,java.base/java.util=ALL-UNNAMED,--add-opens,java.base/java.lang=ALL-UNNAMED,--add-opens,java.base/java.lang.invoke=ALL-UNNAMED,--add-opens,java.prefs/java.util.prefs=ALL-UNNAMED,-XX:MaxMetaspaceSize=256m,-XX:+HeapDumpOnOutOfMemoryError,-Xms256m,-Xmx512m,-Dfile.encoding=windows-1252,-Duser.country=IE,-Duser.language=en,-Duser.variant]
2021-04-17T01:07:05.468+0100 [DEBUG] [org.gradle.cache.internal.DefaultFileLockManager] Waiting to acquire exclusive lock on daemon addresses registry.
2021-04-17T01:07:05.470+0100 [DEBUG] [org.gradle.cache.internal.DefaultFileLockManager] Lock acquired on daemon addresses registry.
2021-04-17T01:07:05.476+0100 [DEBUG] [org.gradle.cache.internal.DefaultFileLockManager] Releasing lock on daemon addresses registry.
2021-04-17T01:07:05.476+0100 [LIFECYCLE] [org.gradle.launcher.daemon.server.Daemon] Daemon server started.
2021-04-17T01:07:05.477+0100 [DEBUG] [org.gradle.launcher.daemon.bootstrap.DaemonStartupCommunication] Completed writing the daemon greeting. Closing streams...
2021-04-17T01:07:05.480+0100 [DEBUG] [org.gradle.launcher.daemon.server.Daemon] stopOnExpiration() called on daemon
2021-04-17T01:07:05.481+0100 [DEBUG] [org.gradle.launcher.daemon.server.Daemon] awaitExpiration() called on daemon
2021-04-17T01:07:05.481+0100 [DEBUG] [org.gradle.launcher.daemon.server.DaemonStateCoordinator] daemon is running. Sleeping until state changes.
2021-04-17T01:07:05.482+0100 [DEBUG] [org.gradle.internal.remote.internal.inet.TcpIncomingConnector] Accepted connection from /127.0.0.1:53538 to /127.0.0.1:53537.
2021-04-17T01:07:05.517+0100 [DEBUG] [org.gradle.launcher.daemon.server.SynchronizedDispatchConnection] thread 21: received class org.gradle.launcher.daemon.protocol.Build
2021-04-17T01:07:05.517+0100 [DEBUG] [org.gradle.launcher.daemon.server.DefaultDaemonConnection] thread 21: Received non-IO message from client: Build{id=cf0134ab-32b6-415c-b324-e7e56cc11a09, currentDir=C:\Users\el_ez\Mou\app}
2021-04-17T01:07:05.517+0100 [INFO] [org.gradle.launcher.daemon.server.DefaultIncomingConnectionHandler] Received command: Build{id=cf0134ab-32b6-415c-b324-e7e56cc11a09, currentDir=C:\Users\el_ez\Mou\app}.
2021-04-17T01:07:05.517+0100 [DEBUG] [org.gradle.launcher.daemon.server.DefaultIncomingConnectionHandler] Starting executing command: Build{id=cf0134ab-32b6-415c-b324-e7e56cc11a09, currentDir=C:\Users\el_ez\Mou\app} with connection: socket connection from /127.0.0.1:53537 to /127.0.0.1:53538.
2021-04-17T01:07:05.519+0100 [ERROR] [org.gradle.launcher.daemon.server.DaemonStateCoordinator] Command execution: started DaemonCommandExecution[command = Build{id=cf0134ab-32b6-415c-b324-e7e56cc11a09, currentDir=C:\Users\el_ez\Mou\app}, connection = DefaultDaemonConnection: socket connection from /127.0.0.1:53537 to /127.0.0.1:53538] after 0.0 minutes of idle
2021-04-17T01:07:05.519+0100 [INFO] [org.gradle.launcher.daemon.server.DaemonRegistryUpdater] Marking the daemon as busy, address: [0a43b542-a72c-4b6e-8db5-c1700abcf7b5 port:53537, addresses:[localhost/127.0.0.1]]
2021-04-17T01:07:05.519+0100 [DEBUG] [org.gradle.launcher.daemon.registry.PersistentDaemonRegistry] Marking busy by address: [0a43b542-a72c-4b6e-8db5-c1700abcf7b5 port:53537, addresses:[localhost/127.0.0.1]]
2021-04-17T01:07:05.520+0100 [DEBUG] [org.gradle.cache.internal.DefaultFileLockManager] Waiting to acquire exclusive lock on daemon addresses registry.
2021-04-17T01:07:05.521+0100 [DEBUG] [org.gradle.cache.internal.DefaultFileLockManager] Lock acquired on daemon addresses registry.
2021-04-17T01:07:05.522+0100 [DEBUG] [org.gradle.cache.internal.DefaultFileLockManager] Releasing lock on daemon addresses registry.
2021-04-17T01:07:05.523+0100 [DEBUG] [org.gradle.launcher.daemon.server.DaemonStateCoordinator] resetting idle timer
2021-04-17T01:07:05.523+0100 [DEBUG] [org.gradle.launcher.daemon.server.DaemonStateCoordinator] daemon is running. Sleeping until state changes.
2021-04-17T01:07:05.523+0100 [INFO] [org.gradle.launcher.daemon.server.exec.StartBuildOrRespondWithBusy] Daemon is about to start building Build{id=cf0134ab-32b6-415c-b324-e7e56cc11a09, currentDir=C:\Users\el_ez\Mou\app}. Dispatching build started information...
2021-04-17T01:07:05.523+0100 [DEBUG] [org.gradle.launcher.daemon.server.SynchronizedDispatchConnection] thread 23: dispatching org.gradle.launcher.daemon.protocol.BuildStarted@21d60f86
2021-04-17T01:07:05.524+0100 [DEBUG] [org.gradle.launcher.daemon.server.exec.EstablishBuildEnvironment] Configuring env variables: [USERDOMAIN_ROAMINGPROFILE, LOCALAPPDATA, PROCESSOR_LEVEL, USERDOMAIN, LOGONSERVER, FPS_BROWSER_APP_PROFILE_STRING, JAVA_HOME, SESSIONNAME, ALLUSERSPROFILE, PROCESSOR_ARCHITECTURE, PSModulePath, SystemDrive, OneDrive, APPDATA, USERNAME, ProgramFiles(x86), VBOX_MSI_INSTALL_PATH, CommonProgramFiles, Path, FPS_BROWSER_USER_PROFILE_STRING, PATHEXT, DriverData, OS, OneDriveConsumer, COMPUTERNAME, IntelliJ IDEA Community Edition, PROCESSOR_REVISION, CommonProgramW6432, PyCharm Community Edition, ComSpec, ProgramData, ProgramW6432, SystemRoot, TEMP, HOMEPATH, PROCESSOR_IDENTIFIER, HOMEDRIVE, USERPROFILE, TMP, CommonProgramFiles(x86), PUBLIC, ProgramFiles, windir, NUMBER_OF_PROCESSORS, =::, IDEA_INITIAL_DIRECTORY]
2021-04-17T01:07:05.528+0100 [DEBUG] [org.gradle.launcher.daemon.server.exec.LogToClient] About to start relaying all logs to the client via the connection.
2021-04-17T01:07:05.528+0100 [INFO] [org.gradle.launcher.daemon.server.exec.LogToClient] The client will now receive all logging from the daemon (pid: 1284). The daemon log file: C:\Users\el_ez\Mou\app\.gradle\daemon\6.7\daemon-1284.out.log
2021-04-17T01:07:05.530+0100 [INFO] [org.gradle.launcher.daemon.server.exec.LogAndCheckHealth] Starting build in new daemon [memory: 536.9 MB]
2021-04-17T01:07:05.533+0100 [DEBUG] [org.gradle.launcher.daemon.server.exec.ExecuteBuild] The daemon has started executing the build.
2021-04-17T01:07:05.533+0100 [DEBUG] [org.gradle.launcher.daemon.server.exec.ExecuteBuild] Executing build with daemon context: DefaultDaemonContext[uid=6a3beb5d-2e04-44b8-97eb-b1e933113d62,javaHome=C:\Program Files\Java\jdk-15,daemonRegistryDir=C:\Users\el_ez\Mou\app\.gradle\daemon,pid=1284,idleTimeout=10800000,priority=NORMAL,daemonOpts=--add-opens,java.base/java.util=ALL-UNNAMED,--add-opens,java.base/java.lang=ALL-UNNAMED,--add-opens,java.base/java.lang.invoke=ALL-UNNAMED,--add-opens,java.prefs/java.util.prefs=ALL-UNNAMED,-XX:MaxMetaspaceSize=256m,-XX:+HeapDumpOnOutOfMemoryError,-Xms256m,-Xmx512m,-Dfile.encoding=windows-1252,-Duser.country=IE,-Duser.language=en,-Duser.variant]
Project : => no module-info.java found

FAILURE: Build failed with an exception.

* What went wrong:
Execution failed for task ':run'.
> Build cancelled while executing task ':run'

* Try:
Run with --stacktrace option to get the stack trace. Run with --info or --debug option to get more log output. Run with --scan to get full insights.

* Get more help at https://help.gradle.org

Deprecated Gradle features were used in this build, making it incompatible with Gradle 7.0.
Use '--warning-mode all' to show the individual deprecation warnings.
See https://docs.gradle.org/6.7/userguide/command_line_interface.html#sec:command_line_warnings

BUILD FAILED in 19m 21s
4 actionable tasks: 3 executed, 1 up-to-date
2021-04-17T01:26:24.146+0100 [DEBUG] [org.gradle.process.internal.DefaultExecHandle] Changing state to: ABORTED
2021-04-17T01:26:24.147+0100 [DEBUG] [org.gradle.process.internal.DefaultExecHandle] Process 'command 'C:\Program Files\Java\jdk-15\bin\java.exe'' finished with exit value 1 (state: ABORTED)
2021-04-17T01:26:24.147+0100 [DEBUG] [org.gradle.launcher.daemon.server.DaemonStateCoordinator] Cancel: daemon is busy, sleeping until state changes.
2021-04-17T01:26:24.147+0100 [DEBUG] [org.gradle.launcher.daemon.server.exec.ExecuteBuild] The daemon has finished executing the build.
2021-04-17T01:26:24.164+0100 [DEBUG] [org.gradle.launcher.daemon.server.DaemonStateCoordinator] Cancel: daemon is busy, sleeping until state changes.
2021-04-17T01:26:24.164+0100 [DEBUG] [org.gradle.launcher.daemon.server.DaemonStateCoordinator] Command execution: finished waiting for DaemonCommandExecution[command = Build{id=cf0134ab-32b6-415c-b324-e7e56cc11a09, currentDir=C:\Users\el_ez\Mou\app}, connection = DefaultDaemonConnection: socket connection from /127.0.0.1:53537 to /127.0.0.1:53538]. Result org.gradle.launcher.daemon.server.DaemonStateCoordinator@1efedd07 with state Canceled
2021-04-17T01:26:24.164+0100 [DEBUG] [org.gradle.launcher.daemon.server.DaemonStateCoordinator] Command execution: completed DaemonCommandExecution[command = Build{id=cf0134ab-32b6-415c-b324-e7e56cc11a09, currentDir=C:\Users\el_ez\Mou\app}, connection = DefaultDaemonConnection: socket connection from /127.0.0.1:53537 to /127.0.0.1:53538]
2021-04-17T01:26:24.164+0100 [DEBUG] [org.gradle.launcher.daemon.server.DaemonStateCoordinator] resetting idle timer
2021-04-17T01:26:24.164+0100 [INFO] [org.gradle.launcher.daemon.server.DaemonRegistryUpdater] Marking the daemon as idle, address: [0a43b542-a72c-4b6e-8db5-c1700abcf7b5 port:53537, addresses:[localhost/127.0.0.1]]
2021-04-17T01:26:24.164+0100 [DEBUG] [org.gradle.launcher.daemon.registry.PersistentDaemonRegistry] Marking busy by address: [0a43b542-a72c-4b6e-8db5-c1700abcf7b5 port:53537, addresses:[localhost/127.0.0.1]]
2021-04-17T01:26:24.165+0100 [DEBUG] [org.gradle.cache.internal.DefaultFileLockManager] Waiting to acquire exclusive lock on daemon addresses registry.
2021-04-17T01:26:24.165+0100 [DEBUG] [org.gradle.cache.internal.DefaultFileLockManager] Lock acquired on daemon addresses registry.
2021-04-17T01:26:24.167+0100 [DEBUG] [org.gradle.cache.internal.DefaultFileLockManager] Releasing lock on daemon addresses registry.
2021-04-17T01:26:24.167+0100 [DEBUG] [org.gradle.launcher.daemon.server.DaemonStateCoordinator] Cancel: daemon is idle now.
2021-04-17T01:26:24.167+0100 [DEBUG] [org.gradle.launcher.daemon.server.exec.ReturnResult] Daemon is dispatching the build result: Success[value=org.gradle.launcher.exec.BuildActionResult@113a0ad8]
2021-04-17T01:26:24.167+0100 [DEBUG] [org.gradle.launcher.daemon.server.DaemonStateCoordinator] daemon is running. Sleeping until state changes.
2021-04-17T01:26:24.167+0100 [DEBUG] [org.gradle.launcher.daemon.server.SynchronizedDispatchConnection] thread 20: dispatching Success[value=org.gradle.launcher.exec.BuildActionResult@113a0ad8]
2021-04-17T01:26:24.172+0100 [DEBUG] [org.gradle.launcher.daemon.server.DefaultIncomingConnectionHandler] Finishing executing command: Build{id=cf0134ab-32b6-415c-b324-e7e56cc11a09, currentDir=C:\Users\el_ez\Mou\app}
2021-04-17T01:26:24.181+0100 [DEBUG] [org.gradle.launcher.daemon.server.SynchronizedDispatchConnection] thread 21: received class org.gradle.launcher.daemon.protocol.Finished
2021-04-17T01:26:24.182+0100 [DEBUG] [org.gradle.launcher.daemon.server.DefaultDaemonConnection] thread 21: Received non-IO message from client: org.gradle.launcher.daemon.protocol.Finished@422292ba
2021-04-17T01:26:24.182+0100 [DEBUG] [org.gradle.launcher.daemon.server.DefaultIncomingConnectionHandler] Received finished message: org.gradle.launcher.daemon.protocol.Finished@422292ba
2021-04-17T01:26:24.182+0100 [DEBUG] [org.gradle.launcher.daemon.server.SynchronizedDispatchConnection] thread 20: stopping connection
2021-04-17T01:26:24.182+0100 [DEBUG] [org.gradle.internal.remote.internal.inet.SocketConnection] Discarding EOFException: java.io.EOFException
2021-04-17T01:26:24.182+0100 [DEBUG] [org.gradle.launcher.daemon.server.SynchronizedDispatchConnection] thread 21: received null
2021-04-17T01:26:24.182+0100 [DEBUG] [org.gradle.launcher.daemon.server.DefaultDaemonConnection] thread 21: Received end-of-input from client.
2021-04-17T01:26:24.183+0100 [DEBUG] [org.gradle.launcher.daemon.server.SynchronizedDispatchConnection] thread 20: stopping connection
2021-04-17T01:26:25.493+0100 [DEBUG] [org.gradle.cache.internal.DefaultFileLockManager] Waiting to acquire shared lock on daemon addresses registry.
2021-04-17T01:26:25.494+0100 [DEBUG] [org.gradle.cache.internal.DefaultFileLockManager] Lock acquired on daemon addresses registry.
2021-04-17T01:26:25.494+0100 [DEBUG] [org.gradle.cache.internal.DefaultFileLockManager] Releasing lock on daemon addresses registry.
2021-04-17T01:26:25.496+0100 [DEBUG] [org.gradle.cache.internal.DefaultFileLockManager] Waiting to acquire shared lock on daemon addresses registry.
2021-04-17T01:26:25.496+0100 [DEBUG] [org.gradle.cache.internal.DefaultFileLockManager] Lock acquired on daemon addresses registry.
2021-04-17T01:26:25.497+0100 [DEBUG] [org.gradle.cache.internal.DefaultFileLockManager] Releasing lock on daemon addresses registry.
2021-04-17T01:26:28.342+0100 [DEBUG] [org.gradle.internal.remote.internal.inet.TcpIncomingConnector] Accepted connection from /127.0.0.1:53608 to /127.0.0.1:53537.
2021-04-17T01:26:28.345+0100 [DEBUG] [org.gradle.launcher.daemon.server.SynchronizedDispatchConnection] thread 85: received class org.gradle.launcher.daemon.protocol.StopWhenIdle
2021-04-17T01:26:28.345+0100 [DEBUG] [org.gradle.launcher.daemon.server.DefaultDaemonConnection] thread 85: Received non-IO message from client: StopWhenIdle[id=9bf117aa-a95e-4795-b623-7869adeba8f2]
2021-04-17T01:26:28.345+0100 [INFO] [org.gradle.launcher.daemon.server.DefaultIncomingConnectionHandler] Received command: StopWhenIdle[id=9bf117aa-a95e-4795-b623-7869adeba8f2].
2021-04-17T01:26:28.345+0100 [DEBUG] [org.gradle.launcher.daemon.server.DefaultIncomingConnectionHandler] Starting executing command: StopWhenIdle[id=9bf117aa-a95e-4795-b623-7869adeba8f2] with connection: socket connection from /127.0.0.1:53537 to /127.0.0.1:53608.
2021-04-17T01:26:28.346+0100 [DEBUG] [org.gradle.launcher.daemon.server.DaemonRegistryUpdater] Storing daemon stop event: stop command received
2021-04-17T01:26:28.346+0100 [DEBUG] [org.gradle.launcher.daemon.registry.PersistentDaemonRegistry] Storing daemon stop event with timestamp 1618619188347
2021-04-17T01:26:28.347+0100 [DEBUG] [org.gradle.cache.internal.DefaultFileLockManager] Waiting to acquire exclusive lock on daemon addresses registry.
2021-04-17T01:26:28.347+0100 [DEBUG] [org.gradle.cache.internal.DefaultFileLockManager] Lock acquired on daemon addresses registry.
2021-04-17T01:26:28.349+0100 [DEBUG] [org.gradle.cache.internal.DefaultFileLockManager] Releasing lock on daemon addresses registry.
2021-04-17T01:26:28.349+0100 [LIFECYCLE] [org.gradle.launcher.daemon.server.DaemonStateCoordinator] Daemon will be stopped at the end of the build stop command received
2021-04-17T01:26:28.349+0100 [DEBUG] [org.gradle.launcher.daemon.server.DaemonStateCoordinator] Marking daemon stopped due to stop command received. The daemon is running a build: false
2021-04-17T01:26:28.349+0100 [DEBUG] [org.gradle.launcher.daemon.server.SynchronizedDispatchConnection] thread 20: dispatching Success[value=null]
2021-04-17T01:26:28.349+0100 [DEBUG] [org.gradle.launcher.daemon.server.DaemonStateCoordinator] daemon has stopped.
2021-04-17T01:26:28.349+0100 [DEBUG] [org.gradle.launcher.daemon.server.Daemon] stop() called on daemon
2021-04-17T01:26:28.349+0100 [DEBUG] [org.gradle.launcher.daemon.server.DefaultIncomingConnectionHandler] Finishing executing command: StopWhenIdle[id=9bf117aa-a95e-4795-b623-7869adeba8f2]
2021-04-17T01:26:28.349+0100 [INFO] [org.gradle.launcher.daemon.server.Daemon] Stop requested. Daemon is removing its presence from the registry...
2021-04-17T01:26:28.350+0100 [DEBUG] [org.gradle.launcher.daemon.server.SynchronizedDispatchConnection] thread 85: received class org.gradle.launcher.daemon.protocol.Finished
2021-04-17T01:26:28.350+0100 [DEBUG] [org.gradle.launcher.daemon.server.DefaultDaemonConnection] thread 85: Received non-IO message from client: org.gradle.launcher.daemon.protocol.Finished@3099f5af
2021-04-17T01:26:28.350+0100 [DEBUG] [org.gradle.launcher.daemon.server.DaemonRegistryUpdater] Removing our presence to clients, eg. removing this address from the registry: [0a43b542-a72c-4b6e-8db5-c1700abcf7b5 port:53537, addresses:[localhost/127.0.0.1]]
2021-04-17T01:26:28.350+0100 [DEBUG] [org.gradle.internal.remote.internal.inet.SocketConnection] Discarding EOFException: java.io.EOFException
2021-04-17T01:26:28.350+0100 [DEBUG] [org.gradle.launcher.daemon.server.DefaultIncomingConnectionHandler] Received finished message: org.gradle.launcher.daemon.protocol.Finished@3099f5af
2021-04-17T01:26:28.350+0100 [DEBUG] [org.gradle.launcher.daemon.server.SynchronizedDispatchConnection] thread 85: received null
2021-04-17T01:26:28.350+0100 [DEBUG] [org.gradle.launcher.daemon.registry.PersistentDaemonRegistry] Removing daemon address: [0a43b542-a72c-4b6e-8db5-c1700abcf7b5 port:53537, addresses:[localhost/127.0.0.1]]
2021-04-17T01:26:28.350+0100 [DEBUG] [org.gradle.launcher.daemon.server.DefaultDaemonConnection] thread 85: Received end-of-input from client.
2021-04-17T01:26:28.350+0100 [DEBUG] [org.gradle.launcher.daemon.server.SynchronizedDispatchConnection] thread 20: stopping connection
2021-04-17T01:26:28.351+0100 [DEBUG] [org.gradle.launcher.daemon.server.SynchronizedDispatchConnection] thread 20: stopping connection
2021-04-17T01:26:28.351+0100 [DEBUG] [org.gradle.cache.internal.DefaultFileLockManager] Waiting to acquire exclusive lock on daemon addresses registry.
2021-04-17T01:26:28.352+0100 [DEBUG] [org.gradle.cache.internal.DefaultFileLockManager] Lock acquired on daemon addresses registry.
2021-04-17T01:26:28.353+0100 [DEBUG] [org.gradle.cache.internal.DefaultFileLockManager] Releasing lock on daemon addresses registry.
2021-04-17T01:26:28.353+0100 [DEBUG] [org.gradle.launcher.daemon.server.DaemonRegistryUpdater] Address removed from registry.
2021-04-17T01:26:28.355+0100 [DEBUG] [org.gradle.cache.internal.LockOnDemandCrossProcessCacheAccess] Releasing file lock for jars (C:\Users\el_ez\Mou\app\.gradle\caches\jars-8)
2021-04-17T01:26:28.355+0100 [DEBUG] [org.gradle.cache.internal.DefaultFileLockManager] Releasing lock on jars (C:\Users\el_ez\Mou\app\.gradle\caches\jars-8).
2021-04-17T01:26:28.355+0100 [DEBUG] [org.gradle.cache.internal.DefaultPersistentDirectoryStore] jars (C:\Users\el_ez\Mou\app\.gradle\caches\jars-8) has last been fully cleaned up 220 hours ago
2021-04-17T01:26:28.359+0100 [DEBUG] [org.gradle.cache.internal.AbstractCacheCleanup] jars (C:\Users\el_ez\Mou\app\.gradle\caches\jars-8) cleanup deleted 0 files/directories.
2021-04-17T01:26:28.359+0100 [INFO] [org.gradle.cache.internal.LeastRecentlyUsedCacheCleanup] jars (C:\Users\el_ez\Mou\app\.gradle\caches\jars-8) removing files not accessed on or after Sat Apr 10 01:07:05 IST 2021.
2021-04-17T01:26:28.409+0100 [DEBUG] [org.gradle.cache.internal.AbstractCacheCleanup] jars (C:\Users\el_ez\Mou\app\.gradle\caches\jars-8) cleanup deleted 40 files/directories.
2021-04-17T01:26:28.409+0100 [INFO] [org.gradle.cache.internal.DefaultPersistentDirectoryStore] jars (C:\Users\el_ez\Mou\app\.gradle\caches\jars-8) cleaned up in 0.053 secs.
2021-04-17T01:26:28.410+0100 [DEBUG] [org.gradle.cache.internal.LockOnDemandCrossProcessCacheAccess] Releasing file lock for file content cache (C:\Users\el_ez\Mou\app\.gradle\caches\6.7\fileContent)
2021-04-17T01:26:28.410+0100 [DEBUG] [org.gradle.cache.internal.DefaultFileLockManager] Releasing lock on file content cache (C:\Users\el_ez\Mou\app\.gradle\caches\6.7\fileContent).
2021-04-17T01:26:28.411+0100 [DEBUG] [org.gradle.cache.internal.DefaultPersistentDirectoryStore] Artifact transforms cache (C:\Users\el_ez\Mou\app\.gradle\caches\transforms-2) has last been fully cleaned up 220 hours ago
2021-04-17T01:26:28.411+0100 [INFO] [org.gradle.cache.internal.LeastRecentlyUsedCacheCleanup] Artifact transforms cache (C:\Users\el_ez\Mou\app\.gradle\caches\transforms-2) [subdir: C:\Users\el_ez\Mou\app\.gradle\caches\transforms-2\files-2.1] removing files not accessed on or after Sat Apr 10 01:07:06 IST 2021.
2021-04-17T01:26:28.412+0100 [DEBUG] [org.gradle.cache.internal.AbstractCacheCleanup] Artifact transforms cache (C:\Users\el_ez\Mou\app\.gradle\caches\transforms-2) [subdir: C:\Users\el_ez\Mou\app\.gradle\caches\transforms-2\files-2.1] cleanup deleted 0 files/directories.
2021-04-17T01:26:28.412+0100 [INFO] [org.gradle.cache.internal.DefaultPersistentDirectoryStore] Artifact transforms cache (C:\Users\el_ez\Mou\app\.gradle\caches\transforms-2) cleaned up in 0.0 secs.
2021-04-17T01:26:28.412+0100 [DEBUG] [org.gradle.cache.internal.DefaultCacheAccess] Cache Artifact transforms cache (C:\Users\el_ez\Mou\app\.gradle\caches\transforms-2) was closed 0 times.
2021-04-17T01:26:28.412+0100 [DEBUG] [org.gradle.cache.internal.LockOnDemandCrossProcessCacheAccess] Releasing file lock for artifact cache (C:\Users\el_ez\Mou\app\.gradle\caches\modules-2)
2021-04-17T01:26:28.412+0100 [DEBUG] [org.gradle.cache.internal.btree.BTreePersistentIndexedCache] Closing cache module-artifacts.bin (C:\Users\el_ez\Mou\app\.gradle\caches\modules-2\metadata-2.96\module-artifacts.bin)
2021-04-17T01:26:28.412+0100 [DEBUG] [org.gradle.cache.internal.btree.BTreePersistentIndexedCache] Closing cache module-metadata.bin (C:\Users\el_ez\Mou\app\.gradle\caches\modules-2\metadata-2.96\module-metadata.bin)
2021-04-17T01:26:28.413+0100 [DEBUG] [org.gradle.cache.internal.btree.BTreePersistentIndexedCache] Closing cache module-artifact.bin (C:\Users\el_ez\Mou\app\.gradle\caches\modules-2\metadata-2.96\module-artifact.bin)
2021-04-17T01:26:28.413+0100 [DEBUG] [org.gradle.cache.internal.DefaultFileLockManager] Releasing lock on artifact cache (C:\Users\el_ez\Mou\app\.gradle\caches\modules-2).
2021-04-17T01:26:28.414+0100 [DEBUG] [org.gradle.cache.internal.DefaultPersistentDirectoryStore] artifact cache (C:\Users\el_ez\Mou\app\.gradle\caches\modules-2) has last been fully cleaned up 220 hours ago
2021-04-17T01:26:28.414+0100 [DEBUG] [org.gradle.cache.internal.AbstractCacheCleanup] artifact cache (C:\Users\el_ez\Mou\app\.gradle\caches\modules-2) cleanup deleted 0 files/directories.
2021-04-17T01:26:28.415+0100 [DEBUG] [org.gradle.cache.internal.AbstractCacheCleanup] artifact cache (C:\Users\el_ez\Mou\app\.gradle\caches\modules-2) [subdir: C:\Users\el_ez\Mou\app\.gradle\caches\modules-2\resources-2.1] cleanup deleted 0 files/directories.
2021-04-17T01:26:28.415+0100 [INFO] [org.gradle.cache.internal.LeastRecentlyUsedCacheCleanup] artifact cache (C:\Users\el_ez\Mou\app\.gradle\caches\modules-2) [subdir: C:\Users\el_ez\Mou\app\.gradle\caches\modules-2\resources-2.1] removing files not accessed on or after Thu Mar 18 00:07:06 GMT 2021.
2021-04-17T01:26:28.415+0100 [DEBUG] [org.gradle.cache.internal.AbstractCacheCleanup] artifact cache (C:\Users\el_ez\Mou\app\.gradle\caches\modules-2) [subdir: C:\Users\el_ez\Mou\app\.gradle\caches\modules-2\resources-2.1] cleanup deleted 0 files/directories.
2021-04-17T01:26:28.416+0100 [DEBUG] [org.gradle.cache.internal.AbstractCacheCleanup] artifact cache (C:\Users\el_ez\Mou\app\.gradle\caches\modules-2) [subdir: C:\Users\el_ez\Mou\app\.gradle\caches\modules-2\files-2.1] cleanup deleted 0 files/directories.
2021-04-17T01:26:28.416+0100 [INFO] [org.gradle.cache.internal.LeastRecentlyUsedCacheCleanup] artifact cache (C:\Users\el_ez\Mou\app\.gradle\caches\modules-2) [subdir: C:\Users\el_ez\Mou\app\.gradle\caches\modules-2\files-2.1] removing files not accessed on or after Thu Mar 18 00:07:06 GMT 2021.
2021-04-17T01:26:28.452+0100 [DEBUG] [org.gradle.cache.internal.AbstractCacheCleanup] artifact cache (C:\Users\el_ez\Mou\app\.gradle\caches\modules-2) [subdir: C:\Users\el_ez\Mou\app\.gradle\caches\modules-2\files-2.1] cleanup deleted 0 files/directories.
2021-04-17T01:26:28.453+0100 [DEBUG] [org.gradle.cache.internal.AbstractCacheCleanup] artifact cache (C:\Users\el_ez\Mou\app\.gradle\caches\modules-2) [subdir: C:\Users\el_ez\Mou\app\.gradle\caches\modules-2\metadata-2.96] cleanup deleted 0 files/directories.
2021-04-17T01:26:28.453+0100 [INFO] [org.gradle.cache.internal.DefaultPersistentDirectoryStore] artifact cache (C:\Users\el_ez\Mou\app\.gradle\caches\modules-2) cleaned up in 0.039 secs.
2021-04-17T01:26:28.453+0100 [DEBUG] [org.gradle.cache.internal.LockOnDemandCrossProcessCacheAccess] Releasing file lock for journal cache (C:\Users\el_ez\Mou\app\.gradle\caches\journal-1)
2021-04-17T01:26:28.454+0100 [DEBUG] [org.gradle.cache.internal.btree.BTreePersistentIndexedCache] Closing cache file-access.bin (C:\Users\el_ez\Mou\app\.gradle\caches\journal-1\file-access.bin)
2021-04-17T01:26:28.454+0100 [DEBUG] [org.gradle.cache.internal.DefaultFileLockManager] Releasing lock on journal cache (C:\Users\el_ez\Mou\app\.gradle\caches\journal-1).
2021-04-17T01:26:28.454+0100 [DEBUG] [org.gradle.cache.internal.DefaultCacheAccess] Cache Generated Gradle JARs cache (C:\Users\el_ez\Mou\app\.gradle\caches\6.7\generated-gradle-jars) was closed 0 times.
2021-04-17T01:26:28.455+0100 [DEBUG] [org.gradle.cache.internal.LockOnDemandCrossProcessCacheAccess] Releasing file lock for file hash cache (C:\Users\el_ez\Mou\app\.gradle\caches\6.7\fileHashes)
2021-04-17T01:26:28.455+0100 [DEBUG] [org.gradle.cache.internal.btree.BTreePersistentIndexedCache] Closing cache fileHashes.bin (C:\Users\el_ez\Mou\app\.gradle\caches\6.7\fileHashes\fileHashes.bin)
2021-04-17T01:26:28.455+0100 [DEBUG] [org.gradle.cache.internal.btree.BTreePersistentIndexedCache] Closing cache resourceHashesCache.bin (C:\Users\el_ez\Mou\app\.gradle\caches\6.7\fileHashes\resourceHashesCache.bin)
2021-04-17T01:26:28.455+0100 [DEBUG] [org.gradle.cache.internal.DefaultFileLockManager] Releasing lock on file hash cache (C:\Users\el_ez\Mou\app\.gradle\caches\6.7\fileHashes).
2021-04-17T01:26:28.456+0100 [DEBUG] [org.gradle.cache.internal.LockOnDemandCrossProcessCacheAccess] Releasing file lock for execution history cache (C:\Users\el_ez\Mou\app\.gradle\caches\6.7\executionHistory)
2021-04-17T01:26:28.456+0100 [DEBUG] [org.gradle.cache.internal.DefaultFileLockManager] Releasing lock on execution history cache (C:\Users\el_ez\Mou\app\.gradle\caches\6.7\executionHistory).
2021-04-17T01:26:28.462+0100 [DEBUG] [org.gradle.cache.internal.VersionSpecificCacheCleanupAction] Processed version-specific caches at C:\Users\el_ez\Mou\app\.gradle\caches for cleanup in 0.005 secs
Daemon vm is shutting down... The daemon has exited normally or was terminated in response to a user interrupt.
2021-04-17T01:26:28.466+0100 [DEBUG] [org.gradle.launcher.daemon.registry.PersistentDaemonRegistry] Removing daemon address: [0a43b542-a72c-4b6e-8db5-c1700abcf7b5 port:53537, addresses:[localhost/127.0.0.1]]
2021-04-17T01:26:28.468+0100 [DEBUG] [org.gradle.cache.internal.DefaultFileLockManager] Waiting to acquire exclusive lock on daemon addresses registry.
2021-04-17T01:26:28.468+0100 [DEBUG] [org.gradle.cache.internal.DefaultFileLockManager] Lock acquired on daemon addresses registry.
2021-04-17T01:26:28.469+0100 [DEBUG] [org.gradle.cache.internal.DefaultFileLockManager] Releasing lock on daemon addresses registry.
