2021-03-30T23:31:51.458+0100 [DEBUG] [org.gradle.launcher.daemon.bootstrap.DaemonMain] Assuming the daemon was started with following jvm opts: [--add-opens, java.base/java.util=ALL-UNNAMED, --add-opens, java.base/java.lang=ALL-UNNAMED, --add-opens, java.base/java.lang.invoke=ALL-UNNAMED, --add-opens, java.prefs/java.util.prefs=ALL-UNNAMED, -XX:MaxMetaspaceSize=256m, -XX:+HeapDumpOnOutOfMemoryError, -Xms256m, -Xmx512m, -Dfile.encoding=windows-1252, -Duser.country=IE, -Duser.language=en, -Duser.variant]
2021-03-30T23:31:51.556+0100 [DEBUG] [org.gradle.internal.nativeintegration.services.NativeServices] Native-platform posix files integration is not available. Continuing with fallback.
2021-03-30T23:31:51.572+0100 [INFO] [org.gradle.launcher.daemon.server.Daemon] start() called on daemon - DefaultDaemonContext[uid=ad05c61f-cc7a-4965-b5fd-6a2508ab66e3,javaHome=C:\Program Files\Java\jdk-15,daemonRegistryDir=C:\Users\el_ez\Mou\app\.gradle\daemon,pid=13872,idleTimeout=10800000,priority=NORMAL,daemonOpts=--add-opens,java.base/java.util=ALL-UNNAMED,--add-opens,java.base/java.lang=ALL-UNNAMED,--add-opens,java.base/java.lang.invoke=ALL-UNNAMED,--add-opens,java.prefs/java.util.prefs=ALL-UNNAMED,-XX:MaxMetaspaceSize=256m,-XX:+HeapDumpOnOutOfMemoryError,-Xms256m,-Xmx512m,-Dfile.encoding=windows-1252,-Duser.country=IE,-Duser.language=en,-Duser.variant]
2021-03-30T23:31:51.643+0100 [DEBUG] [org.gradle.internal.remote.internal.inet.InetAddresses] Adding IP addresses for network interface Software Loopback Interface 1
2021-03-30T23:31:51.644+0100 [DEBUG] [org.gradle.internal.remote.internal.inet.InetAddresses] Is this a loopback interface? true
2021-03-30T23:31:51.646+0100 [DEBUG] [org.gradle.internal.remote.internal.inet.InetAddresses] Adding loopback address /127.0.0.1
2021-03-30T23:31:51.646+0100 [DEBUG] [org.gradle.internal.remote.internal.inet.InetAddresses] Adding loopback address /0:0:0:0:0:0:0:1
2021-03-30T23:31:51.650+0100 [DEBUG] [org.gradle.internal.remote.internal.inet.InetAddresses] Adding IP addresses for network interface WAN Miniport (PPPOE)
2021-03-30T23:31:51.651+0100 [DEBUG] [org.gradle.internal.remote.internal.inet.InetAddresses] Is this a loopback interface? false
2021-03-30T23:31:51.652+0100 [DEBUG] [org.gradle.internal.remote.internal.inet.InetAddresses] Adding IP addresses for network interface Microsoft 6to4 Adapter
2021-03-30T23:31:51.653+0100 [DEBUG] [org.gradle.internal.remote.internal.inet.InetAddresses] Is this a loopback interface? false
2021-03-30T23:31:51.653+0100 [DEBUG] [org.gradle.internal.remote.internal.inet.InetAddresses] Adding IP addresses for network interface WAN Miniport (L2TP)
2021-03-30T23:31:51.655+0100 [DEBUG] [org.gradle.internal.remote.internal.inet.InetAddresses] Is this a loopback interface? false
2021-03-30T23:31:51.655+0100 [DEBUG] [org.gradle.internal.remote.internal.inet.InetAddresses] Adding IP addresses for network interface TP-Link Wireless USB Adapter
2021-03-30T23:31:51.656+0100 [DEBUG] [org.gradle.internal.remote.internal.inet.InetAddresses] Is this a loopback interface? false
2021-03-30T23:31:51.657+0100 [DEBUG] [org.gradle.internal.remote.internal.inet.InetAddresses] Adding remote address /192.168.1.7
2021-03-30T23:31:51.657+0100 [DEBUG] [org.gradle.internal.remote.internal.inet.InetAddresses] Adding remote address /2001:bb6:4eba:8300:3044:3c83:5940:c1f8
2021-03-30T23:31:51.657+0100 [DEBUG] [org.gradle.internal.remote.internal.inet.InetAddresses] Adding remote address /2001:bb6:4eba:8300:8cef:eeb2:156f:f289
2021-03-30T23:31:51.657+0100 [DEBUG] [org.gradle.internal.remote.internal.inet.InetAddresses] Adding remote address /fe80:0:0:0:3044:3c83:5940:c1f8%wlan0
2021-03-30T23:31:51.657+0100 [DEBUG] [org.gradle.internal.remote.internal.inet.InetAddresses] Adding IP addresses for network interface WAN Miniport (Network Monitor)
2021-03-30T23:31:51.659+0100 [DEBUG] [org.gradle.internal.remote.internal.inet.InetAddresses] Is this a loopback interface? false
2021-03-30T23:31:51.659+0100 [DEBUG] [org.gradle.internal.remote.internal.inet.InetAddresses] Adding IP addresses for network interface Microsoft IP-HTTPS Platform Adapter
2021-03-30T23:31:51.660+0100 [DEBUG] [org.gradle.internal.remote.internal.inet.InetAddresses] Is this a loopback interface? false
2021-03-30T23:31:51.660+0100 [DEBUG] [org.gradle.internal.remote.internal.inet.InetAddresses] Adding IP addresses for network interface WAN Miniport (SSTP)
2021-03-30T23:31:51.662+0100 [DEBUG] [org.gradle.internal.remote.internal.inet.InetAddresses] Is this a loopback interface? false
2021-03-30T23:31:51.662+0100 [DEBUG] [org.gradle.internal.remote.internal.inet.InetAddresses] Adding IP addresses for network interface Realtek PCIe GbE Family Controller
2021-03-30T23:31:51.663+0100 [DEBUG] [org.gradle.internal.remote.internal.inet.InetAddresses] Is this a loopback interface? false
2021-03-30T23:31:51.664+0100 [DEBUG] [org.gradle.internal.remote.internal.inet.InetAddresses] Adding remote address /fe80:0:0:0:396a:8dda:328c:ac8c%eth1
2021-03-30T23:31:51.664+0100 [DEBUG] [org.gradle.internal.remote.internal.inet.InetAddresses] Adding IP addresses for network interface WAN Miniport (IKEv2)
2021-03-30T23:31:51.665+0100 [DEBUG] [org.gradle.internal.remote.internal.inet.InetAddresses] Is this a loopback interface? false
2021-03-30T23:31:51.665+0100 [DEBUG] [org.gradle.internal.remote.internal.inet.InetAddresses] Adding IP addresses for network interface Microsoft Teredo Tunneling Adapter
2021-03-30T23:31:51.667+0100 [DEBUG] [org.gradle.internal.remote.internal.inet.InetAddresses] Is this a loopback interface? false
2021-03-30T23:31:51.667+0100 [DEBUG] [org.gradle.internal.remote.internal.inet.InetAddresses] Adding IP addresses for network interface WAN Miniport (IPv6)
2021-03-30T23:31:51.668+0100 [DEBUG] [org.gradle.internal.remote.internal.inet.InetAddresses] Is this a loopback interface? false
2021-03-30T23:31:51.669+0100 [DEBUG] [org.gradle.internal.remote.internal.inet.InetAddresses] Adding IP addresses for network interface Microsoft Kernel Debug Network Adapter
2021-03-30T23:31:51.670+0100 [DEBUG] [org.gradle.internal.remote.internal.inet.InetAddresses] Is this a loopback interface? false
2021-03-30T23:31:51.670+0100 [DEBUG] [org.gradle.internal.remote.internal.inet.InetAddresses] Adding IP addresses for network interface VirtualBox Host-Only Ethernet Adapter
2021-03-30T23:31:51.672+0100 [DEBUG] [org.gradle.internal.remote.internal.inet.InetAddresses] Is this a loopback interface? false
2021-03-30T23:31:51.672+0100 [DEBUG] [org.gradle.internal.remote.internal.inet.InetAddresses] Adding remote address /192.168.56.1
2021-03-30T23:31:51.672+0100 [DEBUG] [org.gradle.internal.remote.internal.inet.InetAddresses] Adding remote address /fe80:0:0:0:c508:f31:2b0b:24c3%eth4
2021-03-30T23:31:51.673+0100 [DEBUG] [org.gradle.internal.remote.internal.inet.InetAddresses] Adding IP addresses for network interface WAN Miniport (PPTP)
2021-03-30T23:31:51.674+0100 [DEBUG] [org.gradle.internal.remote.internal.inet.InetAddresses] Is this a loopback interface? false
2021-03-30T23:31:51.674+0100 [DEBUG] [org.gradle.internal.remote.internal.inet.InetAddresses] Adding IP addresses for network interface Microsoft Wi-Fi Direct Virtual Adapter #2
2021-03-30T23:31:51.675+0100 [DEBUG] [org.gradle.internal.remote.internal.inet.InetAddresses] Is this a loopback interface? false
2021-03-30T23:31:51.676+0100 [DEBUG] [org.gradle.internal.remote.internal.inet.InetAddresses] Adding remote address /fe80:0:0:0:d1e3:a8ea:700f:d0ef%wlan1
2021-03-30T23:31:51.676+0100 [DEBUG] [org.gradle.internal.remote.internal.inet.InetAddresses] Adding IP addresses for network interface Microsoft Wi-Fi Direct Virtual Adapter
2021-03-30T23:31:51.677+0100 [DEBUG] [org.gradle.internal.remote.internal.inet.InetAddresses] Is this a loopback interface? false
2021-03-30T23:31:51.677+0100 [DEBUG] [org.gradle.internal.remote.internal.inet.InetAddresses] Adding remote address /fe80:0:0:0:6ca5:2323:4928:b891%wlan2
2021-03-30T23:31:51.677+0100 [DEBUG] [org.gradle.internal.remote.internal.inet.InetAddresses] Adding IP addresses for network interface WAN Miniport (IP)
2021-03-30T23:31:51.679+0100 [DEBUG] [org.gradle.internal.remote.internal.inet.InetAddresses] Is this a loopback interface? false
2021-03-30T23:31:51.679+0100 [DEBUG] [org.gradle.internal.remote.internal.inet.InetAddresses] Adding IP addresses for network interface VirtualBox Host-Only Ethernet Adapter-WFP Native MAC Layer LightWeight Filter-0000
2021-03-30T23:31:51.681+0100 [DEBUG] [org.gradle.internal.remote.internal.inet.InetAddresses] Is this a loopback interface? false
2021-03-30T23:31:51.681+0100 [DEBUG] [org.gradle.internal.remote.internal.inet.InetAddresses] Adding IP addresses for network interface VirtualBox Host-Only Ethernet Adapter-QoS Packet Scheduler-0000
2021-03-30T23:31:51.683+0100 [DEBUG] [org.gradle.internal.remote.internal.inet.InetAddresses] Is this a loopback interface? false
2021-03-30T23:31:51.683+0100 [DEBUG] [org.gradle.internal.remote.internal.inet.InetAddresses] Adding IP addresses for network interface VirtualBox Host-Only Ethernet Adapter-WFP 802.3 MAC Layer LightWeight Filter-0000
2021-03-30T23:31:51.685+0100 [DEBUG] [org.gradle.internal.remote.internal.inet.InetAddresses] Is this a loopback interface? false
2021-03-30T23:31:51.685+0100 [DEBUG] [org.gradle.internal.remote.internal.inet.InetAddresses] Adding IP addresses for network interface Realtek PCIe GbE Family Controller-WFP Native MAC Layer LightWeight Filter-0000
2021-03-30T23:31:51.686+0100 [DEBUG] [org.gradle.internal.remote.internal.inet.InetAddresses] Is this a loopback interface? false
2021-03-30T23:31:51.686+0100 [DEBUG] [org.gradle.internal.remote.internal.inet.InetAddresses] Adding IP addresses for network interface Realtek PCIe GbE Family Controller-VirtualBox NDIS Light-Weight Filter-0000
2021-03-30T23:31:51.688+0100 [DEBUG] [org.gradle.internal.remote.internal.inet.InetAddresses] Is this a loopback interface? false
2021-03-30T23:31:51.688+0100 [DEBUG] [org.gradle.internal.remote.internal.inet.InetAddresses] Adding IP addresses for network interface Realtek PCIe GbE Family Controller-QoS Packet Scheduler-0000
2021-03-30T23:31:51.689+0100 [DEBUG] [org.gradle.internal.remote.internal.inet.InetAddresses] Is this a loopback interface? false
2021-03-30T23:31:51.689+0100 [DEBUG] [org.gradle.internal.remote.internal.inet.InetAddresses] Adding IP addresses for network interface Realtek PCIe GbE Family Controller-WFP 802.3 MAC Layer LightWeight Filter-0000
2021-03-30T23:31:51.691+0100 [DEBUG] [org.gradle.internal.remote.internal.inet.InetAddresses] Is this a loopback interface? false
2021-03-30T23:31:51.691+0100 [DEBUG] [org.gradle.internal.remote.internal.inet.InetAddresses] Adding IP addresses for network interface TP-Link Wireless USB Adapter-WFP Native MAC Layer LightWeight Filter-0000
2021-03-30T23:31:51.692+0100 [DEBUG] [org.gradle.internal.remote.internal.inet.InetAddresses] Is this a loopback interface? false
2021-03-30T23:31:51.692+0100 [DEBUG] [org.gradle.internal.remote.internal.inet.InetAddresses] Adding IP addresses for network interface TP-Link Wireless USB Adapter-Virtual WiFi Filter Driver-0000
2021-03-30T23:31:51.694+0100 [DEBUG] [org.gradle.internal.remote.internal.inet.InetAddresses] Is this a loopback interface? false
2021-03-30T23:31:51.694+0100 [DEBUG] [org.gradle.internal.remote.internal.inet.InetAddresses] Adding IP addresses for network interface TP-Link Wireless USB Adapter-Native WiFi Filter Driver-0000
2021-03-30T23:31:51.695+0100 [DEBUG] [org.gradle.internal.remote.internal.inet.InetAddresses] Is this a loopback interface? false
2021-03-30T23:31:51.695+0100 [DEBUG] [org.gradle.internal.remote.internal.inet.InetAddresses] Adding IP addresses for network interface TP-Link Wireless USB Adapter-VirtualBox NDIS Light-Weight Filter-0000
2021-03-30T23:31:51.696+0100 [DEBUG] [org.gradle.internal.remote.internal.inet.InetAddresses] Is this a loopback interface? false
2021-03-30T23:31:51.697+0100 [DEBUG] [org.gradle.internal.remote.internal.inet.InetAddresses] Adding IP addresses for network interface TP-Link Wireless USB Adapter-QoS Packet Scheduler-0000
2021-03-30T23:31:51.698+0100 [DEBUG] [org.gradle.internal.remote.internal.inet.InetAddresses] Is this a loopback interface? false
2021-03-30T23:31:51.698+0100 [DEBUG] [org.gradle.internal.remote.internal.inet.InetAddresses] Adding IP addresses for network interface TP-Link Wireless USB Adapter-WFP 802.3 MAC Layer LightWeight Filter-0000
2021-03-30T23:31:51.699+0100 [DEBUG] [org.gradle.internal.remote.internal.inet.InetAddresses] Is this a loopback interface? false
2021-03-30T23:31:51.699+0100 [DEBUG] [org.gradle.internal.remote.internal.inet.InetAddresses] Adding IP addresses for network interface Microsoft Wi-Fi Direct Virtual Adapter-WFP Native MAC Layer LightWeight Filter-0000
2021-03-30T23:31:51.701+0100 [DEBUG] [org.gradle.internal.remote.internal.inet.InetAddresses] Is this a loopback interface? false
2021-03-30T23:31:51.701+0100 [DEBUG] [org.gradle.internal.remote.internal.inet.InetAddresses] Adding IP addresses for network interface Microsoft Wi-Fi Direct Virtual Adapter-Native WiFi Filter Driver-0000
2021-03-30T23:31:51.703+0100 [DEBUG] [org.gradle.internal.remote.internal.inet.InetAddresses] Is this a loopback interface? false
2021-03-30T23:31:51.703+0100 [DEBUG] [org.gradle.internal.remote.internal.inet.InetAddresses] Adding IP addresses for network interface Microsoft Wi-Fi Direct Virtual Adapter-VirtualBox NDIS Light-Weight Filter-0000
2021-03-30T23:31:51.704+0100 [DEBUG] [org.gradle.internal.remote.internal.inet.InetAddresses] Is this a loopback interface? false
2021-03-30T23:31:51.705+0100 [DEBUG] [org.gradle.internal.remote.internal.inet.InetAddresses] Adding IP addresses for network interface Microsoft Wi-Fi Direct Virtual Adapter-QoS Packet Scheduler-0000
2021-03-30T23:31:51.706+0100 [DEBUG] [org.gradle.internal.remote.internal.inet.InetAddresses] Is this a loopback interface? false
2021-03-30T23:31:51.706+0100 [DEBUG] [org.gradle.internal.remote.internal.inet.InetAddresses] Adding IP addresses for network interface Microsoft Wi-Fi Direct Virtual Adapter-WFP 802.3 MAC Layer LightWeight Filter-0000
2021-03-30T23:31:51.708+0100 [DEBUG] [org.gradle.internal.remote.internal.inet.InetAddresses] Is this a loopback interface? false
2021-03-30T23:31:51.708+0100 [DEBUG] [org.gradle.internal.remote.internal.inet.InetAddresses] Adding IP addresses for network interface WAN Miniport (IP)-WFP Native MAC Layer LightWeight Filter-0000
2021-03-30T23:31:51.709+0100 [DEBUG] [org.gradle.internal.remote.internal.inet.InetAddresses] Is this a loopback interface? false
2021-03-30T23:31:51.710+0100 [DEBUG] [org.gradle.internal.remote.internal.inet.InetAddresses] Adding IP addresses for network interface WAN Miniport (IP)-QoS Packet Scheduler-0000
2021-03-30T23:31:51.711+0100 [DEBUG] [org.gradle.internal.remote.internal.inet.InetAddresses] Is this a loopback interface? false
2021-03-30T23:31:51.711+0100 [DEBUG] [org.gradle.internal.remote.internal.inet.InetAddresses] Adding IP addresses for network interface WAN Miniport (IPv6)-WFP Native MAC Layer LightWeight Filter-0000
2021-03-30T23:31:51.713+0100 [DEBUG] [org.gradle.internal.remote.internal.inet.InetAddresses] Is this a loopback interface? false
2021-03-30T23:31:51.713+0100 [DEBUG] [org.gradle.internal.remote.internal.inet.InetAddresses] Adding IP addresses for network interface WAN Miniport (IPv6)-QoS Packet Scheduler-0000
2021-03-30T23:31:51.714+0100 [DEBUG] [org.gradle.internal.remote.internal.inet.InetAddresses] Is this a loopback interface? false
2021-03-30T23:31:51.714+0100 [DEBUG] [org.gradle.internal.remote.internal.inet.InetAddresses] Adding IP addresses for network interface WAN Miniport (Network Monitor)-WFP Native MAC Layer LightWeight Filter-0000
2021-03-30T23:31:51.716+0100 [DEBUG] [org.gradle.internal.remote.internal.inet.InetAddresses] Is this a loopback interface? false
2021-03-30T23:31:51.716+0100 [DEBUG] [org.gradle.internal.remote.internal.inet.InetAddresses] Adding IP addresses for network interface WAN Miniport (Network Monitor)-QoS Packet Scheduler-0000
2021-03-30T23:31:51.718+0100 [DEBUG] [org.gradle.internal.remote.internal.inet.InetAddresses] Is this a loopback interface? false
2021-03-30T23:31:51.718+0100 [DEBUG] [org.gradle.internal.remote.internal.inet.InetAddresses] Adding IP addresses for network interface Microsoft Wi-Fi Direct Virtual Adapter #2-WFP Native MAC Layer LightWeight Filter-0000
2021-03-30T23:31:51.720+0100 [DEBUG] [org.gradle.internal.remote.internal.inet.InetAddresses] Is this a loopback interface? false
2021-03-30T23:31:51.720+0100 [DEBUG] [org.gradle.internal.remote.internal.inet.InetAddresses] Adding IP addresses for network interface Microsoft Wi-Fi Direct Virtual Adapter #2-Native WiFi Filter Driver-0000
2021-03-30T23:31:51.722+0100 [DEBUG] [org.gradle.internal.remote.internal.inet.InetAddresses] Is this a loopback interface? false
2021-03-30T23:31:51.722+0100 [DEBUG] [org.gradle.internal.remote.internal.inet.InetAddresses] Adding IP addresses for network interface Microsoft Wi-Fi Direct Virtual Adapter #2-VirtualBox NDIS Light-Weight Filter-0000
2021-03-30T23:31:51.723+0100 [DEBUG] [org.gradle.internal.remote.internal.inet.InetAddresses] Is this a loopback interface? false
2021-03-30T23:31:51.724+0100 [DEBUG] [org.gradle.internal.remote.internal.inet.InetAddresses] Adding IP addresses for network interface Microsoft Wi-Fi Direct Virtual Adapter #2-QoS Packet Scheduler-0000
2021-03-30T23:31:51.725+0100 [DEBUG] [org.gradle.internal.remote.internal.inet.InetAddresses] Is this a loopback interface? false
2021-03-30T23:31:51.725+0100 [DEBUG] [org.gradle.internal.remote.internal.inet.InetAddresses] Adding IP addresses for network interface Microsoft Wi-Fi Direct Virtual Adapter #2-WFP 802.3 MAC Layer LightWeight Filter-0000
2021-03-30T23:31:51.726+0100 [DEBUG] [org.gradle.internal.remote.internal.inet.InetAddresses] Is this a loopback interface? false
2021-03-30T23:31:51.730+0100 [DEBUG] [org.gradle.internal.remote.internal.inet.TcpIncomingConnector] Listening on [4752afa4-a130-49fc-a7b8-5b96ee1631fc port:60266, addresses:[localhost/127.0.0.1]].
2021-03-30T23:31:51.739+0100 [DEBUG] [org.gradle.launcher.daemon.server.Daemon] Daemon starting at: Tue Mar 30 23:31:51 IST 2021, with address: [4752afa4-a130-49fc-a7b8-5b96ee1631fc port:60266, addresses:[localhost/127.0.0.1]]
2021-03-30T23:31:51.739+0100 [INFO] [org.gradle.launcher.daemon.server.DaemonRegistryUpdater] Advertising the daemon address to the clients: [4752afa4-a130-49fc-a7b8-5b96ee1631fc port:60266, addresses:[localhost/127.0.0.1]]
2021-03-30T23:31:51.740+0100 [DEBUG] [org.gradle.launcher.daemon.server.DaemonRegistryUpdater] Advertised daemon context: DefaultDaemonContext[uid=ad05c61f-cc7a-4965-b5fd-6a2508ab66e3,javaHome=C:\Program Files\Java\jdk-15,daemonRegistryDir=C:\Users\el_ez\Mou\app\.gradle\daemon,pid=13872,idleTimeout=10800000,priority=NORMAL,daemonOpts=--add-opens,java.base/java.util=ALL-UNNAMED,--add-opens,java.base/java.lang=ALL-UNNAMED,--add-opens,java.base/java.lang.invoke=ALL-UNNAMED,--add-opens,java.prefs/java.util.prefs=ALL-UNNAMED,-XX:MaxMetaspaceSize=256m,-XX:+HeapDumpOnOutOfMemoryError,-Xms256m,-Xmx512m,-Dfile.encoding=windows-1252,-Duser.country=IE,-Duser.language=en,-Duser.variant]
2021-03-30T23:31:51.741+0100 [DEBUG] [org.gradle.launcher.daemon.registry.PersistentDaemonRegistry] Storing daemon address: [4752afa4-a130-49fc-a7b8-5b96ee1631fc port:60266, addresses:[localhost/127.0.0.1]], context: DefaultDaemonContext[uid=ad05c61f-cc7a-4965-b5fd-6a2508ab66e3,javaHome=C:\Program Files\Java\jdk-15,daemonRegistryDir=C:\Users\el_ez\Mou\app\.gradle\daemon,pid=13872,idleTimeout=10800000,priority=NORMAL,daemonOpts=--add-opens,java.base/java.util=ALL-UNNAMED,--add-opens,java.base/java.lang=ALL-UNNAMED,--add-opens,java.base/java.lang.invoke=ALL-UNNAMED,--add-opens,java.prefs/java.util.prefs=ALL-UNNAMED,-XX:MaxMetaspaceSize=256m,-XX:+HeapDumpOnOutOfMemoryError,-Xms256m,-Xmx512m,-Dfile.encoding=windows-1252,-Duser.country=IE,-Duser.language=en,-Duser.variant]
2021-03-30T23:31:51.751+0100 [DEBUG] [org.gradle.cache.internal.DefaultFileLockManager] Waiting to acquire exclusive lock on daemon addresses registry.
2021-03-30T23:31:51.753+0100 [DEBUG] [org.gradle.cache.internal.DefaultFileLockManager] Lock acquired on daemon addresses registry.
2021-03-30T23:31:51.760+0100 [DEBUG] [org.gradle.cache.internal.DefaultFileLockManager] Releasing lock on daemon addresses registry.
2021-03-30T23:31:51.761+0100 [LIFECYCLE] [org.gradle.launcher.daemon.server.Daemon] Daemon server started.
2021-03-30T23:31:51.761+0100 [DEBUG] [org.gradle.launcher.daemon.bootstrap.DaemonStartupCommunication] Completed writing the daemon greeting. Closing streams...
2021-03-30T23:31:51.766+0100 [DEBUG] [org.gradle.launcher.daemon.server.Daemon] stopOnExpiration() called on daemon
2021-03-30T23:31:51.767+0100 [DEBUG] [org.gradle.launcher.daemon.server.Daemon] awaitExpiration() called on daemon
2021-03-30T23:31:51.767+0100 [DEBUG] [org.gradle.launcher.daemon.server.DaemonStateCoordinator] daemon is running. Sleeping until state changes.
2021-03-30T23:31:51.771+0100 [DEBUG] [org.gradle.internal.remote.internal.inet.TcpIncomingConnector] Accepted connection from /127.0.0.1:60267 to /127.0.0.1:60266.
2021-03-30T23:31:51.823+0100 [DEBUG] [org.gradle.launcher.daemon.server.SynchronizedDispatchConnection] thread 21: received class org.gradle.launcher.daemon.protocol.Build
2021-03-30T23:31:51.823+0100 [DEBUG] [org.gradle.launcher.daemon.server.DefaultDaemonConnection] thread 21: Received non-IO message from client: Build{id=fd93086d-0de4-4e4b-b53c-9d9f21e1aa31, currentDir=C:\Users\el_ez\Mou\app}
2021-03-30T23:31:51.824+0100 [INFO] [org.gradle.launcher.daemon.server.DefaultIncomingConnectionHandler] Received command: Build{id=fd93086d-0de4-4e4b-b53c-9d9f21e1aa31, currentDir=C:\Users\el_ez\Mou\app}.
2021-03-30T23:31:51.824+0100 [DEBUG] [org.gradle.launcher.daemon.server.DefaultIncomingConnectionHandler] Starting executing command: Build{id=fd93086d-0de4-4e4b-b53c-9d9f21e1aa31, currentDir=C:\Users\el_ez\Mou\app} with connection: socket connection from /127.0.0.1:60266 to /127.0.0.1:60267.
2021-03-30T23:31:51.826+0100 [ERROR] [org.gradle.launcher.daemon.server.DaemonStateCoordinator] Command execution: started DaemonCommandExecution[command = Build{id=fd93086d-0de4-4e4b-b53c-9d9f21e1aa31, currentDir=C:\Users\el_ez\Mou\app}, connection = DefaultDaemonConnection: socket connection from /127.0.0.1:60266 to /127.0.0.1:60267] after 0.0 minutes of idle
2021-03-30T23:31:51.826+0100 [INFO] [org.gradle.launcher.daemon.server.DaemonRegistryUpdater] Marking the daemon as busy, address: [4752afa4-a130-49fc-a7b8-5b96ee1631fc port:60266, addresses:[localhost/127.0.0.1]]
2021-03-30T23:31:51.827+0100 [DEBUG] [org.gradle.launcher.daemon.registry.PersistentDaemonRegistry] Marking busy by address: [4752afa4-a130-49fc-a7b8-5b96ee1631fc port:60266, addresses:[localhost/127.0.0.1]]
2021-03-30T23:31:51.828+0100 [DEBUG] [org.gradle.cache.internal.DefaultFileLockManager] Waiting to acquire exclusive lock on daemon addresses registry.
2021-03-30T23:31:51.829+0100 [DEBUG] [org.gradle.cache.internal.DefaultFileLockManager] Lock acquired on daemon addresses registry.
2021-03-30T23:31:51.831+0100 [DEBUG] [org.gradle.cache.internal.DefaultFileLockManager] Releasing lock on daemon addresses registry.
2021-03-30T23:31:51.831+0100 [DEBUG] [org.gradle.launcher.daemon.server.DaemonStateCoordinator] resetting idle timer
2021-03-30T23:31:51.831+0100 [DEBUG] [org.gradle.launcher.daemon.server.DaemonStateCoordinator] daemon is running. Sleeping until state changes.
2021-03-30T23:31:51.832+0100 [INFO] [org.gradle.launcher.daemon.server.exec.StartBuildOrRespondWithBusy] Daemon is about to start building Build{id=fd93086d-0de4-4e4b-b53c-9d9f21e1aa31, currentDir=C:\Users\el_ez\Mou\app}. Dispatching build started information...
2021-03-30T23:31:51.832+0100 [DEBUG] [org.gradle.launcher.daemon.server.SynchronizedDispatchConnection] thread 23: dispatching org.gradle.launcher.daemon.protocol.BuildStarted@46543749
2021-03-30T23:31:51.833+0100 [DEBUG] [org.gradle.launcher.daemon.server.exec.EstablishBuildEnvironment] Configuring env variables: [USERDOMAIN_ROAMINGPROFILE, LOCALAPPDATA, PROCESSOR_LEVEL, USERDOMAIN, LOGONSERVER, FPS_BROWSER_APP_PROFILE_STRING, JAVA_HOME, SESSIONNAME, ALLUSERSPROFILE, PROCESSOR_ARCHITECTURE, PSModulePath, SystemDrive, OneDrive, APPDATA, USERNAME, ProgramFiles(x86), VBOX_MSI_INSTALL_PATH, CommonProgramFiles, Path, FPS_BROWSER_USER_PROFILE_STRING, PATHEXT, DriverData, OS, OneDriveConsumer, COMPUTERNAME, IntelliJ IDEA Community Edition, PROCESSOR_REVISION, CommonProgramW6432, PyCharm Community Edition, ComSpec, ProgramData, ProgramW6432, SystemRoot, TEMP, HOMEPATH, PROCESSOR_IDENTIFIER, HOMEDRIVE, USERPROFILE, TMP, CommonProgramFiles(x86), PUBLIC, ProgramFiles, windir, NUMBER_OF_PROCESSORS, =::, IDEA_INITIAL_DIRECTORY]
2021-03-30T23:31:51.839+0100 [DEBUG] [org.gradle.launcher.daemon.server.exec.LogToClient] About to start relaying all logs to the client via the connection.
2021-03-30T23:31:51.839+0100 [INFO] [org.gradle.launcher.daemon.server.exec.LogToClient] The client will now receive all logging from the daemon (pid: 13872). The daemon log file: C:\Users\el_ez\Mou\app\.gradle\daemon\6.7\daemon-13872.out.log
2021-03-30T23:31:51.841+0100 [INFO] [org.gradle.launcher.daemon.server.exec.LogAndCheckHealth] Starting build in new daemon [memory: 536.9 MB]
2021-03-30T23:31:51.846+0100 [DEBUG] [org.gradle.launcher.daemon.server.exec.ExecuteBuild] The daemon has started executing the build.
2021-03-30T23:31:51.846+0100 [DEBUG] [org.gradle.launcher.daemon.server.exec.ExecuteBuild] Executing build with daemon context: DefaultDaemonContext[uid=ad05c61f-cc7a-4965-b5fd-6a2508ab66e3,javaHome=C:\Program Files\Java\jdk-15,daemonRegistryDir=C:\Users\el_ez\Mou\app\.gradle\daemon,pid=13872,idleTimeout=10800000,priority=NORMAL,daemonOpts=--add-opens,java.base/java.util=ALL-UNNAMED,--add-opens,java.base/java.lang=ALL-UNNAMED,--add-opens,java.base/java.lang.invoke=ALL-UNNAMED,--add-opens,java.prefs/java.util.prefs=ALL-UNNAMED,-XX:MaxMetaspaceSize=256m,-XX:+HeapDumpOnOutOfMemoryError,-Xms256m,-Xmx512m,-Dfile.encoding=windows-1252,-Duser.country=IE,-Duser.language=en,-Duser.variant]
Project : => no module-info.java found

BUILD SUCCESSFUL in 14s
4 actionable tasks: 3 executed, 1 up-to-date
2021-03-30T23:32:04.635+0100 [DEBUG] [org.gradle.launcher.daemon.server.exec.ExecuteBuild] The daemon has finished executing the build.
2021-03-30T23:32:04.651+0100 [DEBUG] [org.gradle.launcher.daemon.server.DaemonStateCoordinator] daemon is running. Sleeping until state changes.
2021-03-30T23:32:04.652+0100 [DEBUG] [org.gradle.launcher.daemon.server.DaemonStateCoordinator] Command execution: finished waiting for DaemonCommandExecution[command = Build{id=fd93086d-0de4-4e4b-b53c-9d9f21e1aa31, currentDir=C:\Users\el_ez\Mou\app}, connection = DefaultDaemonConnection: socket connection from /127.0.0.1:60266 to /127.0.0.1:60267]. Result org.gradle.launcher.daemon.server.DaemonStateCoordinator@5e705edb with state Busy
2021-03-30T23:32:04.652+0100 [DEBUG] [org.gradle.launcher.daemon.server.DaemonStateCoordinator] Command execution: completed DaemonCommandExecution[command = Build{id=fd93086d-0de4-4e4b-b53c-9d9f21e1aa31, currentDir=C:\Users\el_ez\Mou\app}, connection = DefaultDaemonConnection: socket connection from /127.0.0.1:60266 to /127.0.0.1:60267]
2021-03-30T23:32:04.652+0100 [DEBUG] [org.gradle.launcher.daemon.server.DaemonStateCoordinator] resetting idle timer
2021-03-30T23:32:04.652+0100 [INFO] [org.gradle.launcher.daemon.server.DaemonRegistryUpdater] Marking the daemon as idle, address: [4752afa4-a130-49fc-a7b8-5b96ee1631fc port:60266, addresses:[localhost/127.0.0.1]]
2021-03-30T23:32:04.652+0100 [DEBUG] [org.gradle.launcher.daemon.registry.PersistentDaemonRegistry] Marking busy by address: [4752afa4-a130-49fc-a7b8-5b96ee1631fc port:60266, addresses:[localhost/127.0.0.1]]
2021-03-30T23:32:04.653+0100 [DEBUG] [org.gradle.cache.internal.DefaultFileLockManager] Waiting to acquire exclusive lock on daemon addresses registry.
2021-03-30T23:32:04.653+0100 [DEBUG] [org.gradle.cache.internal.DefaultFileLockManager] Lock acquired on daemon addresses registry.
2021-03-30T23:32:04.654+0100 [DEBUG] [org.gradle.cache.internal.DefaultFileLockManager] Releasing lock on daemon addresses registry.
2021-03-30T23:32:04.655+0100 [DEBUG] [org.gradle.launcher.daemon.server.DaemonStateCoordinator] daemon is running. Sleeping until state changes.
2021-03-30T23:32:04.655+0100 [DEBUG] [org.gradle.launcher.daemon.server.exec.ReturnResult] Daemon is dispatching the build result: Success[value=org.gradle.launcher.exec.BuildActionResult@451ded86]
2021-03-30T23:32:04.655+0100 [DEBUG] [org.gradle.launcher.daemon.server.SynchronizedDispatchConnection] thread 20: dispatching Success[value=org.gradle.launcher.exec.BuildActionResult@451ded86]
2021-03-30T23:32:04.655+0100 [DEBUG] [org.gradle.launcher.daemon.server.DefaultIncomingConnectionHandler] Finishing executing command: Build{id=fd93086d-0de4-4e4b-b53c-9d9f21e1aa31, currentDir=C:\Users\el_ez\Mou\app}
2021-03-30T23:32:04.655+0100 [DEBUG] [org.gradle.launcher.daemon.server.SynchronizedDispatchConnection] thread 21: received class org.gradle.launcher.daemon.protocol.CloseInput
2021-03-30T23:32:04.655+0100 [DEBUG] [org.gradle.launcher.daemon.server.DefaultDaemonConnection] thread 21: Received IO message from client: org.gradle.launcher.daemon.protocol.CloseInput@32a647d2
2021-03-30T23:32:04.655+0100 [DEBUG] [org.gradle.launcher.daemon.server.SynchronizedDispatchConnection] thread 21: received class org.gradle.launcher.daemon.protocol.Finished
2021-03-30T23:32:04.655+0100 [DEBUG] [org.gradle.launcher.daemon.server.DefaultDaemonConnection] thread 21: Received non-IO message from client: org.gradle.launcher.daemon.protocol.Finished@6fe8041a
2021-03-30T23:32:04.656+0100 [DEBUG] [org.gradle.launcher.daemon.server.DefaultIncomingConnectionHandler] Received finished message: org.gradle.launcher.daemon.protocol.Finished@6fe8041a
2021-03-30T23:32:04.656+0100 [DEBUG] [org.gradle.launcher.daemon.server.SynchronizedDispatchConnection] thread 20: stopping connection
2021-03-30T23:32:04.656+0100 [DEBUG] [org.gradle.internal.remote.internal.inet.SocketConnection] Discarding EOFException: java.io.EOFException
2021-03-30T23:32:04.656+0100 [DEBUG] [org.gradle.launcher.daemon.server.SynchronizedDispatchConnection] thread 21: received null
2021-03-30T23:32:04.656+0100 [DEBUG] [org.gradle.launcher.daemon.server.DefaultDaemonConnection] thread 21: Received end-of-input from client.
2021-03-30T23:32:04.656+0100 [DEBUG] [org.gradle.launcher.daemon.server.SynchronizedDispatchConnection] thread 20: stopping connection
2021-03-30T23:32:11.778+0100 [DEBUG] [org.gradle.cache.internal.DefaultFileLockManager] Waiting to acquire shared lock on daemon addresses registry.
2021-03-30T23:32:11.779+0100 [DEBUG] [org.gradle.cache.internal.DefaultFileLockManager] Lock acquired on daemon addresses registry.
2021-03-30T23:32:11.779+0100 [DEBUG] [org.gradle.cache.internal.DefaultFileLockManager] Releasing lock on daemon addresses registry.
2021-03-30T23:32:11.781+0100 [DEBUG] [org.gradle.cache.internal.DefaultFileLockManager] Waiting to acquire shared lock on daemon addresses registry.
2021-03-30T23:32:11.781+0100 [DEBUG] [org.gradle.cache.internal.DefaultFileLockManager] Lock acquired on daemon addresses registry.
2021-03-30T23:32:11.781+0100 [DEBUG] [org.gradle.cache.internal.DefaultFileLockManager] Releasing lock on daemon addresses registry.
2021-03-30T23:32:21.774+0100 [DEBUG] [org.gradle.cache.internal.DefaultFileLockManager] Waiting to acquire shared lock on daemon addresses registry.
2021-03-30T23:32:21.775+0100 [DEBUG] [org.gradle.cache.internal.DefaultFileLockManager] Lock acquired on daemon addresses registry.
2021-03-30T23:32:21.775+0100 [DEBUG] [org.gradle.cache.internal.DefaultFileLockManager] Releasing lock on daemon addresses registry.
2021-03-30T23:32:21.777+0100 [DEBUG] [org.gradle.cache.internal.DefaultFileLockManager] Waiting to acquire shared lock on daemon addresses registry.
2021-03-30T23:32:21.777+0100 [DEBUG] [org.gradle.cache.internal.DefaultFileLockManager] Lock acquired on daemon addresses registry.
2021-03-30T23:32:21.777+0100 [DEBUG] [org.gradle.cache.internal.DefaultFileLockManager] Releasing lock on daemon addresses registry.
2021-03-30T23:32:21.778+0100 [DEBUG] [org.gradle.cache.internal.DefaultFileLockManager] Waiting to acquire shared lock on daemon addresses registry.
2021-03-30T23:32:21.778+0100 [DEBUG] [org.gradle.cache.internal.DefaultFileLockManager] Lock acquired on daemon addresses registry.
2021-03-30T23:32:21.779+0100 [DEBUG] [org.gradle.cache.internal.DefaultFileLockManager] Releasing lock on daemon addresses registry.
2021-03-30T23:32:21.779+0100 [DEBUG] [org.gradle.cache.internal.DefaultFileLockManager] Waiting to acquire shared lock on daemon addresses registry.
2021-03-30T23:32:21.779+0100 [DEBUG] [org.gradle.cache.internal.DefaultFileLockManager] Lock acquired on daemon addresses registry.
2021-03-30T23:32:21.780+0100 [DEBUG] [org.gradle.cache.internal.DefaultFileLockManager] Releasing lock on daemon addresses registry.
2021-03-30T23:32:21.780+0100 [DEBUG] [org.gradle.launcher.daemon.server.DaemonRegistryUpdater] Storing daemon stop event: other compatible daemons were started and after being idle for 0 minutes and not recently used
2021-03-30T23:32:21.780+0100 [DEBUG] [org.gradle.launcher.daemon.registry.PersistentDaemonRegistry] Storing daemon stop event with timestamp 1617143541780
2021-03-30T23:32:21.781+0100 [DEBUG] [org.gradle.cache.internal.DefaultFileLockManager] Waiting to acquire exclusive lock on daemon addresses registry.
2021-03-30T23:32:21.781+0100 [DEBUG] [org.gradle.cache.internal.DefaultFileLockManager] Lock acquired on daemon addresses registry.
2021-03-30T23:32:21.783+0100 [DEBUG] [org.gradle.cache.internal.DefaultFileLockManager] Releasing lock on daemon addresses registry.
2021-03-30T23:32:21.783+0100 [LIFECYCLE] [org.gradle.launcher.daemon.server.DaemonStateCoordinator] Daemon will be stopped at the end of the build other compatible daemons were started and after being idle for 0 minutes and not recently used
2021-03-30T23:32:21.783+0100 [DEBUG] [org.gradle.launcher.daemon.server.DaemonStateCoordinator] Marking daemon stopped due to other compatible daemons were started and after being idle for 0 minutes and not recently used. The daemon is running a build: false
2021-03-30T23:32:21.783+0100 [DEBUG] [org.gradle.launcher.daemon.server.DaemonStateCoordinator] daemon has stopped.
2021-03-30T23:32:21.783+0100 [DEBUG] [org.gradle.launcher.daemon.server.Daemon] stop() called on daemon
2021-03-30T23:32:21.783+0100 [INFO] [org.gradle.launcher.daemon.server.Daemon] Stop requested. Daemon is removing its presence from the registry...
2021-03-30T23:32:21.783+0100 [DEBUG] [org.gradle.launcher.daemon.server.DaemonRegistryUpdater] Removing our presence to clients, eg. removing this address from the registry: [4752afa4-a130-49fc-a7b8-5b96ee1631fc port:60266, addresses:[localhost/127.0.0.1]]
2021-03-30T23:32:21.783+0100 [DEBUG] [org.gradle.launcher.daemon.registry.PersistentDaemonRegistry] Removing daemon address: [4752afa4-a130-49fc-a7b8-5b96ee1631fc port:60266, addresses:[localhost/127.0.0.1]]
2021-03-30T23:32:21.784+0100 [DEBUG] [org.gradle.cache.internal.DefaultFileLockManager] Waiting to acquire exclusive lock on daemon addresses registry.
2021-03-30T23:32:21.784+0100 [DEBUG] [org.gradle.cache.internal.DefaultFileLockManager] Lock acquired on daemon addresses registry.
2021-03-30T23:32:21.785+0100 [DEBUG] [org.gradle.cache.internal.DefaultFileLockManager] Releasing lock on daemon addresses registry.
2021-03-30T23:32:21.786+0100 [DEBUG] [org.gradle.launcher.daemon.server.DaemonRegistryUpdater] Address removed from registry.
2021-03-30T23:32:21.787+0100 [DEBUG] [org.gradle.cache.internal.DefaultPersistentDirectoryStore] jars (C:\Users\el_ez\Mou\app\.gradle\caches\jars-8) has last been fully cleaned up 26 hours ago
2021-03-30T23:32:21.790+0100 [DEBUG] [org.gradle.cache.internal.AbstractCacheCleanup] jars (C:\Users\el_ez\Mou\app\.gradle\caches\jars-8) cleanup deleted 0 files/directories.
2021-03-30T23:32:21.791+0100 [INFO] [org.gradle.cache.internal.LeastRecentlyUsedCacheCleanup] jars (C:\Users\el_ez\Mou\app\.gradle\caches\jars-8) removing files not accessed on or after Tue Mar 23 22:31:52 GMT 2021.
2021-03-30T23:32:21.792+0100 [DEBUG] [org.gradle.cache.internal.LockOnDemandCrossProcessCacheAccess] Acquiring file lock for journal cache (C:\Users\el_ez\Mou\app\.gradle\caches\journal-1)
2021-03-30T23:32:21.792+0100 [DEBUG] [org.gradle.cache.internal.DefaultFileLockManager] Waiting to acquire exclusive lock on journal cache (C:\Users\el_ez\Mou\app\.gradle\caches\journal-1).
2021-03-30T23:32:21.793+0100 [DEBUG] [org.gradle.cache.internal.DefaultFileLockManager] The file lock is held by a different Gradle process (pid: 12632, lockId: 931499275811135408). Pinged owner at port 52375
2021-03-30T23:32:21.793+0100 [DEBUG] [org.gradle.cache.internal.locklistener.DefaultFileLockContentionHandler] Gradle process at port 52375 confirmed unlock request for lock with id 931499275811135408.
2021-03-30T23:32:21.793+0100 [DEBUG] [org.gradle.cache.internal.locklistener.DefaultFileLockContentionHandler] Gradle process at port 52375 confirmed unlock request for lock with id 931499275811135408.
2021-03-30T23:32:21.794+0100 [DEBUG] [org.gradle.cache.internal.locklistener.DefaultFileLockContentionHandler] Gradle process at port 52375 confirmed lock release for lock with id 931499275811135408.
2021-03-30T23:32:21.794+0100 [DEBUG] [org.gradle.cache.internal.locklistener.DefaultFileLockContentionHandler] Triggering lock release signal for lock with id 931499275811135408.
2021-03-30T23:32:21.794+0100 [DEBUG] [org.gradle.cache.internal.locklistener.DefaultFileLockContentionHandler] Gradle process at port 52375 confirmed lock release for lock with id 931499275811135408.
2021-03-30T23:32:21.794+0100 [DEBUG] [org.gradle.cache.internal.locklistener.DefaultFileLockContentionHandler] Triggering lock release signal for lock with id 931499275811135408.
2021-03-30T23:32:21.794+0100 [DEBUG] [org.gradle.cache.internal.DefaultFileLockManager] Lock acquired on journal cache (C:\Users\el_ez\Mou\app\.gradle\caches\journal-1).
2021-03-30T23:32:21.794+0100 [INFO] [org.gradle.cache.internal.InMemoryDecoratedCache] Invalidating in-memory cache of C:\Users\el_ez\Mou\app\.gradle\caches\journal-1\file-access.bin
2021-03-30T23:32:21.794+0100 [DEBUG] [org.gradle.cache.internal.btree.BTreePersistentIndexedCache] Opening cache file-access.bin (C:\Users\el_ez\Mou\app\.gradle\caches\journal-1\file-access.bin)
2021-03-30T23:32:21.995+0100 [INFO] [org.gradle.cache.internal.LoggingEvictionListener] Cache entries evicted. In-memory cache of C:\Users\el_ez\Mou\app\.gradle\caches\journal-1\file-access.bin: Size{344} MaxSize{400}, CacheStats{hitCount=0, missCount=344, loadSuccessCount=345, loadExceptionCount=0, totalLoadTime=22964800, evictionCount=1} 
Performance may suffer from in-memory cache misses. Increase max heap size of Gradle build process to reduce cache misses.
2021-03-30T23:32:21.996+0100 [DEBUG] [org.gradle.cache.internal.AbstractCacheCleanup] jars (C:\Users\el_ez\Mou\app\.gradle\caches\jars-8) cleanup deleted 280 files/directories.
2021-03-30T23:32:21.996+0100 [INFO] [org.gradle.cache.internal.DefaultPersistentDirectoryStore] jars (C:\Users\el_ez\Mou\app\.gradle\caches\jars-8) cleaned up in 0.209 secs.
2021-03-30T23:32:21.996+0100 [DEBUG] [org.gradle.cache.internal.DefaultCacheAccess] Cache jars (C:\Users\el_ez\Mou\app\.gradle\caches\jars-8) was closed 5 times.
2021-03-30T23:32:21.997+0100 [DEBUG] [org.gradle.cache.internal.DefaultCacheAccess] Cache file content cache (C:\Users\el_ez\Mou\app\.gradle\caches\6.7\fileContent) was closed 2 times.
2021-03-30T23:32:21.997+0100 [DEBUG] [org.gradle.cache.internal.LockOnDemandCrossProcessCacheAccess] Releasing file lock for Java compile cache (C:\Users\el_ez\Mou\app\.gradle\caches\6.7\javaCompile)
2021-03-30T23:32:21.997+0100 [DEBUG] [org.gradle.cache.internal.btree.BTreePersistentIndexedCache] Closing cache jarAnalysis.bin (C:\Users\el_ez\Mou\app\.gradle\caches\6.7\javaCompile\jarAnalysis.bin)
2021-03-30T23:32:21.997+0100 [DEBUG] [org.gradle.cache.internal.DefaultFileLockManager] Releasing lock on Java compile cache (C:\Users\el_ez\Mou\app\.gradle\caches\6.7\javaCompile).
2021-03-30T23:32:21.998+0100 [DEBUG] [org.gradle.cache.internal.DefaultPersistentDirectoryStore] Artifact transforms cache (C:\Users\el_ez\Mou\app\.gradle\caches\transforms-2) has last been fully cleaned up 26 hours ago
2021-03-30T23:32:21.998+0100 [INFO] [org.gradle.cache.internal.LeastRecentlyUsedCacheCleanup] Artifact transforms cache (C:\Users\el_ez\Mou\app\.gradle\caches\transforms-2) [subdir: C:\Users\el_ez\Mou\app\.gradle\caches\transforms-2\files-2.1] removing files not accessed on or after Tue Mar 23 22:31:52 GMT 2021.
2021-03-30T23:32:21.998+0100 [DEBUG] [org.gradle.cache.internal.AbstractCacheCleanup] Artifact transforms cache (C:\Users\el_ez\Mou\app\.gradle\caches\transforms-2) [subdir: C:\Users\el_ez\Mou\app\.gradle\caches\transforms-2\files-2.1] cleanup deleted 0 files/directories.
2021-03-30T23:32:21.999+0100 [INFO] [org.gradle.cache.internal.DefaultPersistentDirectoryStore] Artifact transforms cache (C:\Users\el_ez\Mou\app\.gradle\caches\transforms-2) cleaned up in 0.0 secs.
2021-03-30T23:32:21.999+0100 [DEBUG] [org.gradle.cache.internal.DefaultCacheAccess] Cache Artifact transforms cache (C:\Users\el_ez\Mou\app\.gradle\caches\transforms-2) was closed 0 times.
2021-03-30T23:32:21.999+0100 [DEBUG] [org.gradle.cache.internal.LockOnDemandCrossProcessCacheAccess] Releasing file lock for artifact cache (C:\Users\el_ez\Mou\app\.gradle\caches\modules-2)
2021-03-30T23:32:21.999+0100 [DEBUG] [org.gradle.cache.internal.DefaultFileLockManager] Releasing lock on artifact cache (C:\Users\el_ez\Mou\app\.gradle\caches\modules-2).
2021-03-30T23:32:21.999+0100 [DEBUG] [org.gradle.cache.internal.DefaultPersistentDirectoryStore] artifact cache (C:\Users\el_ez\Mou\app\.gradle\caches\modules-2) has last been fully cleaned up 26 hours ago
2021-03-30T23:32:22.000+0100 [DEBUG] [org.gradle.cache.internal.AbstractCacheCleanup] artifact cache (C:\Users\el_ez\Mou\app\.gradle\caches\modules-2) cleanup deleted 0 files/directories.
2021-03-30T23:32:22.001+0100 [DEBUG] [org.gradle.cache.internal.AbstractCacheCleanup] artifact cache (C:\Users\el_ez\Mou\app\.gradle\caches\modules-2) [subdir: C:\Users\el_ez\Mou\app\.gradle\caches\modules-2\resources-2.1] cleanup deleted 0 files/directories.
2021-03-30T23:32:22.001+0100 [INFO] [org.gradle.cache.internal.LeastRecentlyUsedCacheCleanup] artifact cache (C:\Users\el_ez\Mou\app\.gradle\caches\modules-2) [subdir: C:\Users\el_ez\Mou\app\.gradle\caches\modules-2\resources-2.1] removing files not accessed on or after Sun Feb 28 22:31:54 GMT 2021.
2021-03-30T23:32:22.001+0100 [DEBUG] [org.gradle.cache.internal.AbstractCacheCleanup] artifact cache (C:\Users\el_ez\Mou\app\.gradle\caches\modules-2) [subdir: C:\Users\el_ez\Mou\app\.gradle\caches\modules-2\resources-2.1] cleanup deleted 0 files/directories.
2021-03-30T23:32:22.001+0100 [DEBUG] [org.gradle.cache.internal.AbstractCacheCleanup] artifact cache (C:\Users\el_ez\Mou\app\.gradle\caches\modules-2) [subdir: C:\Users\el_ez\Mou\app\.gradle\caches\modules-2\files-2.1] cleanup deleted 0 files/directories.
2021-03-30T23:32:22.001+0100 [INFO] [org.gradle.cache.internal.LeastRecentlyUsedCacheCleanup] artifact cache (C:\Users\el_ez\Mou\app\.gradle\caches\modules-2) [subdir: C:\Users\el_ez\Mou\app\.gradle\caches\modules-2\files-2.1] removing files not accessed on or after Sun Feb 28 22:31:54 GMT 2021.
2021-03-30T23:32:22.015+0100 [INFO] [org.gradle.cache.internal.LoggingEvictionListener] Cache entries evicted. In-memory cache of C:\Users\el_ez\Mou\app\.gradle\caches\journal-1\file-access.bin: Size{400} MaxSize{400}, CacheStats{hitCount=0, missCount=440, loadSuccessCount=441, loadExceptionCount=0, totalLoadTime=26958400, evictionCount=41} 
Performance may suffer from in-memory cache misses. Increase max heap size of Gradle build process to reduce cache misses.
2021-03-30T23:32:22.019+0100 [INFO] [org.gradle.cache.internal.LoggingEvictionListener] Cache entries evicted. In-memory cache of C:\Users\el_ez\Mou\app\.gradle\caches\journal-1\file-access.bin: Size{400} MaxSize{400}, CacheStats{hitCount=0, missCount=480, loadSuccessCount=481, loadExceptionCount=0, totalLoadTime=28268500, evictionCount=81} 
Performance may suffer from in-memory cache misses. Increase max heap size of Gradle build process to reduce cache misses.
2021-03-30T23:32:22.025+0100 [INFO] [org.gradle.cache.internal.LoggingEvictionListener] Cache entries evicted. In-memory cache of C:\Users\el_ez\Mou\app\.gradle\caches\journal-1\file-access.bin: Size{400} MaxSize{400}, CacheStats{hitCount=0, missCount=520, loadSuccessCount=521, loadExceptionCount=0, totalLoadTime=29619900, evictionCount=121} 
Performance may suffer from in-memory cache misses. Increase max heap size of Gradle build process to reduce cache misses.
2021-03-30T23:32:22.026+0100 [DEBUG] [org.gradle.cache.internal.AbstractCacheCleanup] artifact cache (C:\Users\el_ez\Mou\app\.gradle\caches\modules-2) [subdir: C:\Users\el_ez\Mou\app\.gradle\caches\modules-2\files-2.1] cleanup deleted 0 files/directories.
2021-03-30T23:32:22.027+0100 [DEBUG] [org.gradle.cache.internal.AbstractCacheCleanup] artifact cache (C:\Users\el_ez\Mou\app\.gradle\caches\modules-2) [subdir: C:\Users\el_ez\Mou\app\.gradle\caches\modules-2\metadata-2.96] cleanup deleted 0 files/directories.
2021-03-30T23:32:22.027+0100 [INFO] [org.gradle.cache.internal.DefaultPersistentDirectoryStore] artifact cache (C:\Users\el_ez\Mou\app\.gradle\caches\modules-2) cleaned up in 0.027 secs.
2021-03-30T23:32:22.027+0100 [DEBUG] [org.gradle.cache.internal.DefaultCacheAccess] Cache artifact cache (C:\Users\el_ez\Mou\app\.gradle\caches\modules-2) was closed 2 times.
2021-03-30T23:32:22.027+0100 [DEBUG] [org.gradle.cache.internal.LockOnDemandCrossProcessCacheAccess] Releasing file lock for journal cache (C:\Users\el_ez\Mou\app\.gradle\caches\journal-1)
2021-03-30T23:32:22.027+0100 [DEBUG] [org.gradle.cache.internal.btree.BTreePersistentIndexedCache] Closing cache file-access.bin (C:\Users\el_ez\Mou\app\.gradle\caches\journal-1\file-access.bin)
2021-03-30T23:32:22.027+0100 [DEBUG] [org.gradle.cache.internal.DefaultFileLockManager] Releasing lock on journal cache (C:\Users\el_ez\Mou\app\.gradle\caches\journal-1).
2021-03-30T23:32:22.028+0100 [DEBUG] [org.gradle.cache.internal.DefaultCacheAccess] Cache journal cache (C:\Users\el_ez\Mou\app\.gradle\caches\journal-1) was closed 7 times.
2021-03-30T23:32:22.028+0100 [DEBUG] [org.gradle.cache.internal.DefaultCacheAccess] Cache Generated Gradle JARs cache (C:\Users\el_ez\Mou\app\.gradle\caches\6.7\generated-gradle-jars) was closed 0 times.
2021-03-30T23:32:22.028+0100 [DEBUG] [org.gradle.cache.internal.DefaultCacheAccess] Cache file hash cache (C:\Users\el_ez\Mou\app\.gradle\caches\6.7\fileHashes) was closed 6 times.
2021-03-30T23:32:22.032+0100 [DEBUG] [org.gradle.cache.internal.VersionSpecificCacheCleanupAction] Processed version-specific caches at C:\Users\el_ez\Mou\app\.gradle\caches for cleanup in 0.003 secs
Daemon vm is shutting down... The daemon has exited normally or was terminated in response to a user interrupt.
2021-03-30T23:32:22.035+0100 [DEBUG] [org.gradle.launcher.daemon.registry.PersistentDaemonRegistry] Removing daemon address: [4752afa4-a130-49fc-a7b8-5b96ee1631fc port:60266, addresses:[localhost/127.0.0.1]]
2021-03-30T23:32:22.036+0100 [DEBUG] [org.gradle.cache.internal.DefaultFileLockManager] Waiting to acquire exclusive lock on daemon addresses registry.
2021-03-30T23:32:22.036+0100 [DEBUG] [org.gradle.cache.internal.DefaultFileLockManager] Lock acquired on daemon addresses registry.
2021-03-30T23:32:22.037+0100 [DEBUG] [org.gradle.cache.internal.DefaultFileLockManager] Releasing lock on daemon addresses registry.
