2021-03-23T18:34:00.122+0000 [DEBUG] [org.gradle.launcher.daemon.bootstrap.DaemonMain] Assuming the daemon was started with following jvm opts: [-XX:MaxMetaspaceSize=256m, -XX:+HeapDumpOnOutOfMemoryError, -agentlib:jdwp=transport=dt_socket,server=n,suspend=y,address=127.0.0.1:58336, --add-opens, java.base/java.util=ALL-UNNAMED, --add-opens, java.base/java.lang=ALL-UNNAMED, --add-opens, java.base/java.lang.invoke=ALL-UNNAMED, --add-opens, java.prefs/java.util.prefs=ALL-UNNAMED, -Xms256m, -Xmx512m, -Dfile.encoding=windows-1252, -Duser.country=IE, -Duser.language=en, -Duser.variant]
2021-03-23T18:34:00.220+0000 [DEBUG] [org.gradle.internal.nativeintegration.services.NativeServices] Native-platform posix files integration is not available. Continuing with fallback.
2021-03-23T18:34:00.234+0000 [INFO] [org.gradle.launcher.daemon.server.Daemon] start() called on daemon - DefaultDaemonContext[uid=3c710af5-7e68-41f8-9dd8-3a15aa29e55c,javaHome=C:\Program Files\Java\jdk-15,daemonRegistryDir=C:\Users\el_ez\Mou\app\.gradle\daemon,pid=13644,idleTimeout=10800000,priority=NORMAL,daemonOpts=-XX:MaxMetaspaceSize=256m,-XX:+HeapDumpOnOutOfMemoryError,-agentlib:jdwp=transport=dt_socket,server=n,suspend=y,address=127.0.0.1:58336,--add-opens,java.base/java.util=ALL-UNNAMED,--add-opens,java.base/java.lang=ALL-UNNAMED,--add-opens,java.base/java.lang.invoke=ALL-UNNAMED,--add-opens,java.prefs/java.util.prefs=ALL-UNNAMED,-Xms256m,-Xmx512m,-Dfile.encoding=windows-1252,-Duser.country=IE,-Duser.language=en,-Duser.variant]
2021-03-23T18:34:00.294+0000 [DEBUG] [org.gradle.internal.remote.internal.inet.InetAddresses] Adding IP addresses for network interface Software Loopback Interface 1
2021-03-23T18:34:00.296+0000 [DEBUG] [org.gradle.internal.remote.internal.inet.InetAddresses] Is this a loopback interface? true
2021-03-23T18:34:00.297+0000 [DEBUG] [org.gradle.internal.remote.internal.inet.InetAddresses] Adding loopback address /127.0.0.1
2021-03-23T18:34:00.298+0000 [DEBUG] [org.gradle.internal.remote.internal.inet.InetAddresses] Adding loopback address /0:0:0:0:0:0:0:1
2021-03-23T18:34:00.300+0000 [DEBUG] [org.gradle.internal.remote.internal.inet.InetAddresses] Adding IP addresses for network interface WAN Miniport (PPPOE)
2021-03-23T18:34:00.302+0000 [DEBUG] [org.gradle.internal.remote.internal.inet.InetAddresses] Is this a loopback interface? false
2021-03-23T18:34:00.302+0000 [DEBUG] [org.gradle.internal.remote.internal.inet.InetAddresses] Adding IP addresses for network interface Microsoft 6to4 Adapter
2021-03-23T18:34:00.303+0000 [DEBUG] [org.gradle.internal.remote.internal.inet.InetAddresses] Is this a loopback interface? false
2021-03-23T18:34:00.304+0000 [DEBUG] [org.gradle.internal.remote.internal.inet.InetAddresses] Adding IP addresses for network interface WAN Miniport (L2TP)
2021-03-23T18:34:00.305+0000 [DEBUG] [org.gradle.internal.remote.internal.inet.InetAddresses] Is this a loopback interface? false
2021-03-23T18:34:00.305+0000 [DEBUG] [org.gradle.internal.remote.internal.inet.InetAddresses] Adding IP addresses for network interface TP-Link Wireless USB Adapter
2021-03-23T18:34:00.307+0000 [DEBUG] [org.gradle.internal.remote.internal.inet.InetAddresses] Is this a loopback interface? false
2021-03-23T18:34:00.307+0000 [DEBUG] [org.gradle.internal.remote.internal.inet.InetAddresses] Adding remote address /192.168.1.7
2021-03-23T18:34:00.307+0000 [DEBUG] [org.gradle.internal.remote.internal.inet.InetAddresses] Adding remote address /2001:bb6:4eba:8300:3044:3c83:5940:c1f8
2021-03-23T18:34:00.307+0000 [DEBUG] [org.gradle.internal.remote.internal.inet.InetAddresses] Adding remote address /2001:bb6:4eba:8300:70ea:ab82:367a:105f
2021-03-23T18:34:00.308+0000 [DEBUG] [org.gradle.internal.remote.internal.inet.InetAddresses] Adding remote address /fe80:0:0:0:3044:3c83:5940:c1f8%wlan0
2021-03-23T18:34:00.308+0000 [DEBUG] [org.gradle.internal.remote.internal.inet.InetAddresses] Adding IP addresses for network interface WAN Miniport (Network Monitor)
2021-03-23T18:34:00.309+0000 [DEBUG] [org.gradle.internal.remote.internal.inet.InetAddresses] Is this a loopback interface? false
2021-03-23T18:34:00.309+0000 [DEBUG] [org.gradle.internal.remote.internal.inet.InetAddresses] Adding IP addresses for network interface Microsoft IP-HTTPS Platform Adapter
2021-03-23T18:34:00.311+0000 [DEBUG] [org.gradle.internal.remote.internal.inet.InetAddresses] Is this a loopback interface? false
2021-03-23T18:34:00.311+0000 [DEBUG] [org.gradle.internal.remote.internal.inet.InetAddresses] Adding IP addresses for network interface WAN Miniport (SSTP)
2021-03-23T18:34:00.312+0000 [DEBUG] [org.gradle.internal.remote.internal.inet.InetAddresses] Is this a loopback interface? false
2021-03-23T18:34:00.313+0000 [DEBUG] [org.gradle.internal.remote.internal.inet.InetAddresses] Adding IP addresses for network interface Realtek PCIe GbE Family Controller
2021-03-23T18:34:00.314+0000 [DEBUG] [org.gradle.internal.remote.internal.inet.InetAddresses] Is this a loopback interface? false
2021-03-23T18:34:00.314+0000 [DEBUG] [org.gradle.internal.remote.internal.inet.InetAddresses] Adding remote address /fe80:0:0:0:396a:8dda:328c:ac8c%eth1
2021-03-23T18:34:00.314+0000 [DEBUG] [org.gradle.internal.remote.internal.inet.InetAddresses] Adding IP addresses for network interface WAN Miniport (IKEv2)
2021-03-23T18:34:00.316+0000 [DEBUG] [org.gradle.internal.remote.internal.inet.InetAddresses] Is this a loopback interface? false
2021-03-23T18:34:00.316+0000 [DEBUG] [org.gradle.internal.remote.internal.inet.InetAddresses] Adding IP addresses for network interface Microsoft Teredo Tunneling Adapter
2021-03-23T18:34:00.317+0000 [DEBUG] [org.gradle.internal.remote.internal.inet.InetAddresses] Is this a loopback interface? false
2021-03-23T18:34:00.318+0000 [DEBUG] [org.gradle.internal.remote.internal.inet.InetAddresses] Adding IP addresses for network interface WAN Miniport (IPv6)
2021-03-23T18:34:00.319+0000 [DEBUG] [org.gradle.internal.remote.internal.inet.InetAddresses] Is this a loopback interface? false
2021-03-23T18:34:00.319+0000 [DEBUG] [org.gradle.internal.remote.internal.inet.InetAddresses] Adding IP addresses for network interface Microsoft Kernel Debug Network Adapter
2021-03-23T18:34:00.321+0000 [DEBUG] [org.gradle.internal.remote.internal.inet.InetAddresses] Is this a loopback interface? false
2021-03-23T18:34:00.321+0000 [DEBUG] [org.gradle.internal.remote.internal.inet.InetAddresses] Adding IP addresses for network interface VirtualBox Host-Only Ethernet Adapter
2021-03-23T18:34:00.322+0000 [DEBUG] [org.gradle.internal.remote.internal.inet.InetAddresses] Is this a loopback interface? false
2021-03-23T18:34:00.323+0000 [DEBUG] [org.gradle.internal.remote.internal.inet.InetAddresses] Adding remote address /192.168.56.1
2021-03-23T18:34:00.323+0000 [DEBUG] [org.gradle.internal.remote.internal.inet.InetAddresses] Adding remote address /fe80:0:0:0:c508:f31:2b0b:24c3%eth4
2021-03-23T18:34:00.323+0000 [DEBUG] [org.gradle.internal.remote.internal.inet.InetAddresses] Adding IP addresses for network interface WAN Miniport (PPTP)
2021-03-23T18:34:00.324+0000 [DEBUG] [org.gradle.internal.remote.internal.inet.InetAddresses] Is this a loopback interface? false
2021-03-23T18:34:00.324+0000 [DEBUG] [org.gradle.internal.remote.internal.inet.InetAddresses] Adding IP addresses for network interface Microsoft Wi-Fi Direct Virtual Adapter #2
2021-03-23T18:34:00.326+0000 [DEBUG] [org.gradle.internal.remote.internal.inet.InetAddresses] Is this a loopback interface? false
2021-03-23T18:34:00.326+0000 [DEBUG] [org.gradle.internal.remote.internal.inet.InetAddresses] Adding remote address /fe80:0:0:0:d1e3:a8ea:700f:d0ef%wlan1
2021-03-23T18:34:00.326+0000 [DEBUG] [org.gradle.internal.remote.internal.inet.InetAddresses] Adding IP addresses for network interface Microsoft Wi-Fi Direct Virtual Adapter
2021-03-23T18:34:00.327+0000 [DEBUG] [org.gradle.internal.remote.internal.inet.InetAddresses] Is this a loopback interface? false
2021-03-23T18:34:00.328+0000 [DEBUG] [org.gradle.internal.remote.internal.inet.InetAddresses] Adding remote address /fe80:0:0:0:6ca5:2323:4928:b891%wlan2
2021-03-23T18:34:00.328+0000 [DEBUG] [org.gradle.internal.remote.internal.inet.InetAddresses] Adding IP addresses for network interface WAN Miniport (IP)
2021-03-23T18:34:00.329+0000 [DEBUG] [org.gradle.internal.remote.internal.inet.InetAddresses] Is this a loopback interface? false
2021-03-23T18:34:00.329+0000 [DEBUG] [org.gradle.internal.remote.internal.inet.InetAddresses] Adding IP addresses for network interface VirtualBox Host-Only Ethernet Adapter-WFP Native MAC Layer LightWeight Filter-0000
2021-03-23T18:34:00.331+0000 [DEBUG] [org.gradle.internal.remote.internal.inet.InetAddresses] Is this a loopback interface? false
2021-03-23T18:34:00.331+0000 [DEBUG] [org.gradle.internal.remote.internal.inet.InetAddresses] Adding IP addresses for network interface VirtualBox Host-Only Ethernet Adapter-QoS Packet Scheduler-0000
2021-03-23T18:34:00.332+0000 [DEBUG] [org.gradle.internal.remote.internal.inet.InetAddresses] Is this a loopback interface? false
2021-03-23T18:34:00.333+0000 [DEBUG] [org.gradle.internal.remote.internal.inet.InetAddresses] Adding IP addresses for network interface VirtualBox Host-Only Ethernet Adapter-WFP 802.3 MAC Layer LightWeight Filter-0000
2021-03-23T18:34:00.334+0000 [DEBUG] [org.gradle.internal.remote.internal.inet.InetAddresses] Is this a loopback interface? false
2021-03-23T18:34:00.334+0000 [DEBUG] [org.gradle.internal.remote.internal.inet.InetAddresses] Adding IP addresses for network interface Realtek PCIe GbE Family Controller-WFP Native MAC Layer LightWeight Filter-0000
2021-03-23T18:34:00.335+0000 [DEBUG] [org.gradle.internal.remote.internal.inet.InetAddresses] Is this a loopback interface? false
2021-03-23T18:34:00.335+0000 [DEBUG] [org.gradle.internal.remote.internal.inet.InetAddresses] Adding IP addresses for network interface Realtek PCIe GbE Family Controller-VirtualBox NDIS Light-Weight Filter-0000
2021-03-23T18:34:00.337+0000 [DEBUG] [org.gradle.internal.remote.internal.inet.InetAddresses] Is this a loopback interface? false
2021-03-23T18:34:00.337+0000 [DEBUG] [org.gradle.internal.remote.internal.inet.InetAddresses] Adding IP addresses for network interface Realtek PCIe GbE Family Controller-QoS Packet Scheduler-0000
2021-03-23T18:34:00.338+0000 [DEBUG] [org.gradle.internal.remote.internal.inet.InetAddresses] Is this a loopback interface? false
2021-03-23T18:34:00.338+0000 [DEBUG] [org.gradle.internal.remote.internal.inet.InetAddresses] Adding IP addresses for network interface Realtek PCIe GbE Family Controller-WFP 802.3 MAC Layer LightWeight Filter-0000
2021-03-23T18:34:00.340+0000 [DEBUG] [org.gradle.internal.remote.internal.inet.InetAddresses] Is this a loopback interface? false
2021-03-23T18:34:00.340+0000 [DEBUG] [org.gradle.internal.remote.internal.inet.InetAddresses] Adding IP addresses for network interface TP-Link Wireless USB Adapter-WFP Native MAC Layer LightWeight Filter-0000
2021-03-23T18:34:00.341+0000 [DEBUG] [org.gradle.internal.remote.internal.inet.InetAddresses] Is this a loopback interface? false
2021-03-23T18:34:00.342+0000 [DEBUG] [org.gradle.internal.remote.internal.inet.InetAddresses] Adding IP addresses for network interface TP-Link Wireless USB Adapter-Virtual WiFi Filter Driver-0000
2021-03-23T18:34:00.343+0000 [DEBUG] [org.gradle.internal.remote.internal.inet.InetAddresses] Is this a loopback interface? false
2021-03-23T18:34:00.343+0000 [DEBUG] [org.gradle.internal.remote.internal.inet.InetAddresses] Adding IP addresses for network interface TP-Link Wireless USB Adapter-Native WiFi Filter Driver-0000
2021-03-23T18:34:00.345+0000 [DEBUG] [org.gradle.internal.remote.internal.inet.InetAddresses] Is this a loopback interface? false
2021-03-23T18:34:00.345+0000 [DEBUG] [org.gradle.internal.remote.internal.inet.InetAddresses] Adding IP addresses for network interface TP-Link Wireless USB Adapter-VirtualBox NDIS Light-Weight Filter-0000
2021-03-23T18:34:00.346+0000 [DEBUG] [org.gradle.internal.remote.internal.inet.InetAddresses] Is this a loopback interface? false
2021-03-23T18:34:00.346+0000 [DEBUG] [org.gradle.internal.remote.internal.inet.InetAddresses] Adding IP addresses for network interface TP-Link Wireless USB Adapter-QoS Packet Scheduler-0000
2021-03-23T18:34:00.347+0000 [DEBUG] [org.gradle.internal.remote.internal.inet.InetAddresses] Is this a loopback interface? false
2021-03-23T18:34:00.348+0000 [DEBUG] [org.gradle.internal.remote.internal.inet.InetAddresses] Adding IP addresses for network interface TP-Link Wireless USB Adapter-WFP 802.3 MAC Layer LightWeight Filter-0000
2021-03-23T18:34:00.349+0000 [DEBUG] [org.gradle.internal.remote.internal.inet.InetAddresses] Is this a loopback interface? false
2021-03-23T18:34:00.349+0000 [DEBUG] [org.gradle.internal.remote.internal.inet.InetAddresses] Adding IP addresses for network interface Microsoft Wi-Fi Direct Virtual Adapter-WFP Native MAC Layer LightWeight Filter-0000
2021-03-23T18:34:00.351+0000 [DEBUG] [org.gradle.internal.remote.internal.inet.InetAddresses] Is this a loopback interface? false
2021-03-23T18:34:00.351+0000 [DEBUG] [org.gradle.internal.remote.internal.inet.InetAddresses] Adding IP addresses for network interface Microsoft Wi-Fi Direct Virtual Adapter-Native WiFi Filter Driver-0000
2021-03-23T18:34:00.352+0000 [DEBUG] [org.gradle.internal.remote.internal.inet.InetAddresses] Is this a loopback interface? false
2021-03-23T18:34:00.353+0000 [DEBUG] [org.gradle.internal.remote.internal.inet.InetAddresses] Adding IP addresses for network interface WAN Miniport (IP)-WFP Native MAC Layer LightWeight Filter-0000
2021-03-23T18:34:00.354+0000 [DEBUG] [org.gradle.internal.remote.internal.inet.InetAddresses] Is this a loopback interface? false
2021-03-23T18:34:00.354+0000 [DEBUG] [org.gradle.internal.remote.internal.inet.InetAddresses] Adding IP addresses for network interface WAN Miniport (IP)-QoS Packet Scheduler-0000
2021-03-23T18:34:00.355+0000 [DEBUG] [org.gradle.internal.remote.internal.inet.InetAddresses] Is this a loopback interface? false
2021-03-23T18:34:00.356+0000 [DEBUG] [org.gradle.internal.remote.internal.inet.InetAddresses] Adding IP addresses for network interface WAN Miniport (IPv6)-WFP Native MAC Layer LightWeight Filter-0000
2021-03-23T18:34:00.357+0000 [DEBUG] [org.gradle.internal.remote.internal.inet.InetAddresses] Is this a loopback interface? false
2021-03-23T18:34:00.357+0000 [DEBUG] [org.gradle.internal.remote.internal.inet.InetAddresses] Adding IP addresses for network interface WAN Miniport (IPv6)-QoS Packet Scheduler-0000
2021-03-23T18:34:00.358+0000 [DEBUG] [org.gradle.internal.remote.internal.inet.InetAddresses] Is this a loopback interface? false
2021-03-23T18:34:00.359+0000 [DEBUG] [org.gradle.internal.remote.internal.inet.InetAddresses] Adding IP addresses for network interface WAN Miniport (Network Monitor)-WFP Native MAC Layer LightWeight Filter-0000
2021-03-23T18:34:00.360+0000 [DEBUG] [org.gradle.internal.remote.internal.inet.InetAddresses] Is this a loopback interface? false
2021-03-23T18:34:00.360+0000 [DEBUG] [org.gradle.internal.remote.internal.inet.InetAddresses] Adding IP addresses for network interface WAN Miniport (Network Monitor)-QoS Packet Scheduler-0000
2021-03-23T18:34:00.361+0000 [DEBUG] [org.gradle.internal.remote.internal.inet.InetAddresses] Is this a loopback interface? false
2021-03-23T18:34:00.362+0000 [DEBUG] [org.gradle.internal.remote.internal.inet.InetAddresses] Adding IP addresses for network interface Microsoft Wi-Fi Direct Virtual Adapter-VirtualBox NDIS Light-Weight Filter-0000
2021-03-23T18:34:00.363+0000 [DEBUG] [org.gradle.internal.remote.internal.inet.InetAddresses] Is this a loopback interface? false
2021-03-23T18:34:00.363+0000 [DEBUG] [org.gradle.internal.remote.internal.inet.InetAddresses] Adding IP addresses for network interface Microsoft Wi-Fi Direct Virtual Adapter-QoS Packet Scheduler-0000
2021-03-23T18:34:00.364+0000 [DEBUG] [org.gradle.internal.remote.internal.inet.InetAddresses] Is this a loopback interface? false
2021-03-23T18:34:00.365+0000 [DEBUG] [org.gradle.internal.remote.internal.inet.InetAddresses] Adding IP addresses for network interface Microsoft Wi-Fi Direct Virtual Adapter-WFP 802.3 MAC Layer LightWeight Filter-0000
2021-03-23T18:34:00.366+0000 [DEBUG] [org.gradle.internal.remote.internal.inet.InetAddresses] Is this a loopback interface? false
2021-03-23T18:34:00.366+0000 [DEBUG] [org.gradle.internal.remote.internal.inet.InetAddresses] Adding IP addresses for network interface Microsoft Wi-Fi Direct Virtual Adapter #2-WFP Native MAC Layer LightWeight Filter-0000
2021-03-23T18:34:00.367+0000 [DEBUG] [org.gradle.internal.remote.internal.inet.InetAddresses] Is this a loopback interface? false
2021-03-23T18:34:00.367+0000 [DEBUG] [org.gradle.internal.remote.internal.inet.InetAddresses] Adding IP addresses for network interface Microsoft Wi-Fi Direct Virtual Adapter #2-Native WiFi Filter Driver-0000
2021-03-23T18:34:00.369+0000 [DEBUG] [org.gradle.internal.remote.internal.inet.InetAddresses] Is this a loopback interface? false
2021-03-23T18:34:00.369+0000 [DEBUG] [org.gradle.internal.remote.internal.inet.InetAddresses] Adding IP addresses for network interface Microsoft Wi-Fi Direct Virtual Adapter #2-VirtualBox NDIS Light-Weight Filter-0000
2021-03-23T18:34:00.370+0000 [DEBUG] [org.gradle.internal.remote.internal.inet.InetAddresses] Is this a loopback interface? false
2021-03-23T18:34:00.370+0000 [DEBUG] [org.gradle.internal.remote.internal.inet.InetAddresses] Adding IP addresses for network interface Microsoft Wi-Fi Direct Virtual Adapter #2-QoS Packet Scheduler-0000
2021-03-23T18:34:00.372+0000 [DEBUG] [org.gradle.internal.remote.internal.inet.InetAddresses] Is this a loopback interface? false
2021-03-23T18:34:00.372+0000 [DEBUG] [org.gradle.internal.remote.internal.inet.InetAddresses] Adding IP addresses for network interface Microsoft Wi-Fi Direct Virtual Adapter #2-WFP 802.3 MAC Layer LightWeight Filter-0000
2021-03-23T18:34:00.373+0000 [DEBUG] [org.gradle.internal.remote.internal.inet.InetAddresses] Is this a loopback interface? false
2021-03-23T18:34:00.377+0000 [DEBUG] [org.gradle.internal.remote.internal.inet.TcpIncomingConnector] Listening on [e51381c4-9df7-43c6-af63-3c8f6673a98d port:58341, addresses:[localhost/127.0.0.1]].
2021-03-23T18:34:00.383+0000 [DEBUG] [org.gradle.launcher.daemon.server.Daemon] Daemon starting at: Tue Mar 23 18:34:00 GMT 2021, with address: [e51381c4-9df7-43c6-af63-3c8f6673a98d port:58341, addresses:[localhost/127.0.0.1]]
2021-03-23T18:34:00.383+0000 [INFO] [org.gradle.launcher.daemon.server.DaemonRegistryUpdater] Advertising the daemon address to the clients: [e51381c4-9df7-43c6-af63-3c8f6673a98d port:58341, addresses:[localhost/127.0.0.1]]
2021-03-23T18:34:00.383+0000 [DEBUG] [org.gradle.launcher.daemon.server.DaemonRegistryUpdater] Advertised daemon context: DefaultDaemonContext[uid=3c710af5-7e68-41f8-9dd8-3a15aa29e55c,javaHome=C:\Program Files\Java\jdk-15,daemonRegistryDir=C:\Users\el_ez\Mou\app\.gradle\daemon,pid=13644,idleTimeout=10800000,priority=NORMAL,daemonOpts=-XX:MaxMetaspaceSize=256m,-XX:+HeapDumpOnOutOfMemoryError,-agentlib:jdwp=transport=dt_socket,server=n,suspend=y,address=127.0.0.1:58336,--add-opens,java.base/java.util=ALL-UNNAMED,--add-opens,java.base/java.lang=ALL-UNNAMED,--add-opens,java.base/java.lang.invoke=ALL-UNNAMED,--add-opens,java.prefs/java.util.prefs=ALL-UNNAMED,-Xms256m,-Xmx512m,-Dfile.encoding=windows-1252,-Duser.country=IE,-Duser.language=en,-Duser.variant]
2021-03-23T18:34:00.384+0000 [DEBUG] [org.gradle.launcher.daemon.registry.PersistentDaemonRegistry] Storing daemon address: [e51381c4-9df7-43c6-af63-3c8f6673a98d port:58341, addresses:[localhost/127.0.0.1]], context: DefaultDaemonContext[uid=3c710af5-7e68-41f8-9dd8-3a15aa29e55c,javaHome=C:\Program Files\Java\jdk-15,daemonRegistryDir=C:\Users\el_ez\Mou\app\.gradle\daemon,pid=13644,idleTimeout=10800000,priority=NORMAL,daemonOpts=-XX:MaxMetaspaceSize=256m,-XX:+HeapDumpOnOutOfMemoryError,-agentlib:jdwp=transport=dt_socket,server=n,suspend=y,address=127.0.0.1:58336,--add-opens,java.base/java.util=ALL-UNNAMED,--add-opens,java.base/java.lang=ALL-UNNAMED,--add-opens,java.base/java.lang.invoke=ALL-UNNAMED,--add-opens,java.prefs/java.util.prefs=ALL-UNNAMED,-Xms256m,-Xmx512m,-Dfile.encoding=windows-1252,-Duser.country=IE,-Duser.language=en,-Duser.variant]
2021-03-23T18:34:00.393+0000 [DEBUG] [org.gradle.cache.internal.DefaultFileLockManager] Waiting to acquire exclusive lock on daemon addresses registry.
2021-03-23T18:34:00.395+0000 [DEBUG] [org.gradle.cache.internal.DefaultFileLockManager] Lock acquired on daemon addresses registry.
2021-03-23T18:34:00.401+0000 [DEBUG] [org.gradle.cache.internal.DefaultFileLockManager] Releasing lock on daemon addresses registry.
2021-03-23T18:34:00.402+0000 [LIFECYCLE] [org.gradle.launcher.daemon.server.Daemon] Daemon server started.
2021-03-23T18:34:00.403+0000 [DEBUG] [org.gradle.launcher.daemon.bootstrap.DaemonStartupCommunication] Completed writing the daemon greeting. Closing streams...
2021-03-23T18:34:00.407+0000 [DEBUG] [org.gradle.launcher.daemon.server.Daemon] stopOnExpiration() called on daemon
2021-03-23T18:34:00.407+0000 [DEBUG] [org.gradle.internal.remote.internal.inet.TcpIncomingConnector] Accepted connection from /127.0.0.1:58342 to /127.0.0.1:58341.
2021-03-23T18:34:00.407+0000 [DEBUG] [org.gradle.launcher.daemon.server.Daemon] awaitExpiration() called on daemon
2021-03-23T18:34:00.408+0000 [DEBUG] [org.gradle.launcher.daemon.server.DaemonStateCoordinator] daemon is running. Sleeping until state changes.
2021-03-23T18:34:00.447+0000 [DEBUG] [org.gradle.launcher.daemon.server.SynchronizedDispatchConnection] thread 24: received class org.gradle.launcher.daemon.protocol.Build
2021-03-23T18:34:00.447+0000 [DEBUG] [org.gradle.launcher.daemon.server.DefaultDaemonConnection] thread 24: Received non-IO message from client: Build{id=b3f38f81-7925-4479-b107-7b15e40fed61, currentDir=C:\Users\el_ez\IdeaProjects\gui}
2021-03-23T18:34:00.447+0000 [INFO] [org.gradle.launcher.daemon.server.DefaultIncomingConnectionHandler] Received command: Build{id=b3f38f81-7925-4479-b107-7b15e40fed61, currentDir=C:\Users\el_ez\IdeaProjects\gui}.
2021-03-23T18:34:00.448+0000 [DEBUG] [org.gradle.launcher.daemon.server.DefaultIncomingConnectionHandler] Starting executing command: Build{id=b3f38f81-7925-4479-b107-7b15e40fed61, currentDir=C:\Users\el_ez\IdeaProjects\gui} with connection: socket connection from /127.0.0.1:58341 to /127.0.0.1:58342.
2021-03-23T18:34:00.450+0000 [ERROR] [org.gradle.launcher.daemon.server.DaemonStateCoordinator] Command execution: started DaemonCommandExecution[command = Build{id=b3f38f81-7925-4479-b107-7b15e40fed61, currentDir=C:\Users\el_ez\IdeaProjects\gui}, connection = DefaultDaemonConnection: socket connection from /127.0.0.1:58341 to /127.0.0.1:58342] after 0.0 minutes of idle
2021-03-23T18:34:00.450+0000 [INFO] [org.gradle.launcher.daemon.server.DaemonRegistryUpdater] Marking the daemon as busy, address: [e51381c4-9df7-43c6-af63-3c8f6673a98d port:58341, addresses:[localhost/127.0.0.1]]
2021-03-23T18:34:00.450+0000 [DEBUG] [org.gradle.launcher.daemon.registry.PersistentDaemonRegistry] Marking busy by address: [e51381c4-9df7-43c6-af63-3c8f6673a98d port:58341, addresses:[localhost/127.0.0.1]]
2021-03-23T18:34:00.451+0000 [DEBUG] [org.gradle.cache.internal.DefaultFileLockManager] Waiting to acquire exclusive lock on daemon addresses registry.
2021-03-23T18:34:00.452+0000 [DEBUG] [org.gradle.cache.internal.DefaultFileLockManager] Lock acquired on daemon addresses registry.
2021-03-23T18:34:00.453+0000 [DEBUG] [org.gradle.cache.internal.DefaultFileLockManager] Releasing lock on daemon addresses registry.
2021-03-23T18:34:00.453+0000 [DEBUG] [org.gradle.launcher.daemon.server.DaemonStateCoordinator] resetting idle timer
2021-03-23T18:34:00.453+0000 [DEBUG] [org.gradle.launcher.daemon.server.DaemonStateCoordinator] daemon is running. Sleeping until state changes.
2021-03-23T18:34:00.453+0000 [INFO] [org.gradle.launcher.daemon.server.exec.StartBuildOrRespondWithBusy] Daemon is about to start building Build{id=b3f38f81-7925-4479-b107-7b15e40fed61, currentDir=C:\Users\el_ez\IdeaProjects\gui}. Dispatching build started information...
2021-03-23T18:34:00.454+0000 [DEBUG] [org.gradle.launcher.daemon.server.SynchronizedDispatchConnection] thread 26: dispatching org.gradle.launcher.daemon.protocol.BuildStarted@7a1946c4
2021-03-23T18:34:00.455+0000 [DEBUG] [org.gradle.launcher.daemon.server.exec.EstablishBuildEnvironment] Configuring env variables: [USERDOMAIN_ROAMINGPROFILE, PROCESSOR_LEVEL, SESSIONNAME, ALLUSERSPROFILE, PROCESSOR_ARCHITECTURE, PSModulePath, SystemDrive, =E:, USERNAME, ProgramFiles(x86), FPS_BROWSER_USER_PROFILE_STRING, PATHEXT, DriverData, OneDriveConsumer, IntelliJ IDEA Community Edition, PyCharm Community Edition, ProgramData, ProgramW6432, HOMEPATH, PROCESSOR_IDENTIFIER, ProgramFiles, PUBLIC, windir, =::, LOCALAPPDATA, USERDOMAIN, LOGONSERVER, FPS_BROWSER_APP_PROFILE_STRING, JAVA_HOME, =G:, OneDrive, APPDATA, VBOX_MSI_INSTALL_PATH, CommonProgramFiles, Path, OS, COMPUTERNAME, PROCESSOR_REVISION, CommonProgramW6432, ComSpec, =D:, TEMP, SystemRoot, HOMEDRIVE, USERPROFILE, TMP, CommonProgramFiles(x86), NUMBER_OF_PROCESSORS, IDEA_INITIAL_DIRECTORY]
2021-03-23T18:34:00.459+0000 [DEBUG] [org.gradle.launcher.daemon.server.exec.LogToClient] About to start relaying all logs to the client via the connection.
2021-03-23T18:34:00.459+0000 [INFO] [org.gradle.launcher.daemon.server.exec.LogToClient] The client will now receive all logging from the daemon (pid: 13644). The daemon log file: C:\Users\el_ez\Mou\app\.gradle\daemon\6.7\daemon-13644.out.log
2021-03-23T18:34:00.461+0000 [INFO] [org.gradle.launcher.daemon.server.exec.LogAndCheckHealth] Starting build in new daemon [memory: 536.9 MB]
2021-03-23T18:34:00.465+0000 [DEBUG] [org.gradle.launcher.daemon.server.exec.ExecuteBuild] The daemon has started executing the build.
2021-03-23T18:34:00.465+0000 [DEBUG] [org.gradle.launcher.daemon.server.exec.ExecuteBuild] Executing build with daemon context: DefaultDaemonContext[uid=3c710af5-7e68-41f8-9dd8-3a15aa29e55c,javaHome=C:\Program Files\Java\jdk-15,daemonRegistryDir=C:\Users\el_ez\Mou\app\.gradle\daemon,pid=13644,idleTimeout=10800000,priority=NORMAL,daemonOpts=-XX:MaxMetaspaceSize=256m,-XX:+HeapDumpOnOutOfMemoryError,-agentlib:jdwp=transport=dt_socket,server=n,suspend=y,address=127.0.0.1:58336,--add-opens,java.base/java.util=ALL-UNNAMED,--add-opens,java.base/java.lang=ALL-UNNAMED,--add-opens,java.base/java.lang.invoke=ALL-UNNAMED,--add-opens,java.prefs/java.util.prefs=ALL-UNNAMED,-Xms256m,-Xmx512m,-Dfile.encoding=windows-1252,-Duser.country=IE,-Duser.language=en,-Duser.variant]
Project : => no module-info.java found

BUILD SUCCESSFUL in 18s
4 actionable tasks: 3 executed, 1 up-to-date

Publishing a build scan to scans.gradle.com requires accepting the Gradle Terms of Service defined at https://gradle.com/terms-of-service. Do you accept these terms? [yes, no] 